Log file open, 01/25/19 08:38:33
LogWindows: Failed to load 'aqProf.dll' (GetLastError=126)
LogWindows: File 'aqProf.dll' does not exist
LogWindows: Failed to load 'VtuneApi.dll' (GetLastError=126)
LogWindows: File 'VtuneApi.dll' does not exist
LogWindows: Failed to load 'VtuneApi32e.dll' (GetLastError=126)
LogWindows: File 'VtuneApi32e.dll' does not exist
LogConsoleResponse: Display: Failed to find resolution value strings in scalability ini. Falling back to default.
LogInit: Display: Running engine for game: NethkenHall
LogPakFile: Registered encryption key '00000000000000000000000000000000': 0 pak files mounted, 0 remain pending
LogPlatformFile: Not using cached read wrapper
LogTaskGraph: Started task graph with 5 named threads and 23 total threads with 3 sets of task threads.
LogStats: Stats thread started at 0.289911
LogD3D11RHI: Loaded GFSDK_Aftermath_Lib.x64.dll
LogICUInternationalization: ICU TimeZone Detection - Raw Offset: -6:00, Platform Override: ''
LogPluginManager: Mounting plugin Paper2D
LogPluginManager: Mounting plugin AISupport
LogPluginManager: Mounting plugin LightPropagationVolume
LogPluginManager: Mounting plugin ActorLayerUtilities
LogPluginManager: Mounting plugin CLionSourceCodeAccess
LogPluginManager: Mounting plugin CodeLiteSourceCodeAccess
LogPluginManager: Mounting plugin GitSourceControl
LogPluginManager: Mounting plugin KDevelopSourceCodeAccess
LogPluginManager: Mounting plugin NullSourceCodeAccess
LogPluginManager: Mounting plugin PerforceSourceControl
LogPluginManager: Mounting plugin SubversionSourceControl
LogPluginManager: Mounting plugin UObjectPlugin
LogPluginManager: Mounting plugin VisualStudioCodeSourceCodeAccess
LogPluginManager: Mounting plugin VisualStudioSourceCodeAccess
LogPluginManager: Mounting plugin XCodeSourceCodeAccess
LogPluginManager: Mounting plugin AssetManagerEditor
LogPluginManager: Mounting plugin CryptoKeys
LogPluginManager: Mounting plugin DataValidation
LogPluginManager: Mounting plugin FacialAnimation
LogPluginManager: Mounting plugin GameplayTagsEditor
LogPluginManager: Mounting plugin MacGraphicsSwitching
LogPluginManager: Mounting plugin MeshEditor
LogPluginManager: Mounting plugin MobileLauncherProfileWizard
LogPluginManager: Mounting plugin PluginBrowser
LogPluginManager: Mounting plugin SpeedTreeImporter
LogPluginManager: Mounting plugin DatasmithContent
LogPluginManager: Mounting plugin VariantManagerContent
LogPluginManager: Mounting plugin AlembicImporter
LogPluginManager: Mounting plugin AppleImageUtils
LogPluginManager: Mounting plugin AppleVision
LogPluginManager: Mounting plugin BackChannel
LogPluginManager: Mounting plugin CharacterAI
LogPluginManager: Mounting plugin GeometryCache
LogPluginManager: Mounting plugin HTML5Networking
LogPluginManager: Mounting plugin ProxyLODPlugin
LogPluginManager: Mounting plugin MagicLeap
LogPluginManager: Mounting plugin MagicLeapMedia
LogPluginManager: Mounting plugin AndroidMedia
LogPluginManager: Mounting plugin AvfMedia
LogPluginManager: Mounting plugin ImgMedia
LogPluginManager: Mounting plugin LinearTimecode
LogPluginManager: Mounting plugin MediaCompositing
LogPluginManager: Mounting plugin MediaPlayerEditor
LogPluginManager: Mounting plugin WebMMedia
LogPluginManager: Mounting plugin WmfMedia
LogPluginManager: Mounting plugin TcpMessaging
LogPluginManager: Mounting plugin UdpMessaging
LogPluginManager: Mounting plugin ActorSequence
LogPluginManager: Mounting plugin LevelSequenceEditor
LogPluginManager: Mounting plugin MatineeToLevelSequence
LogPluginManager: Mounting plugin NetcodeUnitTest
LogPluginManager: Mounting plugin NUTUnrealEngine4
LogPluginManager: Mounting plugin OnlineSubsystemGooglePlay
LogPluginManager: Mounting plugin OnlineSubsystemIOS
LogPluginManager: Mounting plugin OnlineSubsystem
LogPluginManager: Mounting plugin OnlineSubsystemNull
LogPluginManager: Mounting plugin OnlineSubsystemUtils
LogPluginManager: Mounting plugin LauncherChunkInstaller
LogPluginManager: Mounting plugin AndroidDeviceProfileSelector
LogPluginManager: Mounting plugin AndroidMoviePlayer
LogPluginManager: Mounting plugin AndroidPermission
LogPluginManager: Mounting plugin AppleMoviePlayer
LogPluginManager: Mounting plugin ArchVisCharacter
LogPluginManager: Mounting plugin AudioCapture
LogPluginManager: Mounting plugin CableComponent
LogPluginManager: Mounting plugin CustomMeshComponent
LogPluginManager: Mounting plugin EditableMesh
LogPluginManager: Mounting plugin ExampleDeviceProfileSelector
LogPluginManager: Mounting plugin Firebase
LogPluginManager: Mounting plugin GoogleCloudMessaging
LogPluginManager: Mounting plugin IOSDeviceProfileSelector
LogPluginManager: Mounting plugin LinuxDeviceProfileSelector
LogPluginManager: Mounting plugin LocationServicesBPLibrary
LogPluginManager: Mounting plugin MobilePatchingUtils
LogPluginManager: Mounting plugin OculusVR
LogPluginManager: Mounting plugin PhysXVehicles
LogPluginManager: Mounting plugin ProceduralMeshComponent
LogPluginManager: Mounting plugin RuntimePhysXCooking
LogPluginManager: Mounting plugin SteamVR
LogPluginManager: Mounting plugin WebMMoviePlayer
LogPluginManager: Mounting plugin WindowsMoviePlayer
LogStreaming: Display: Took  0.069s to configure plugins.
LogInit: Using libcurl 7.55.1-DEV
LogInit:  - built for x86_64-pc-win32
LogInit:  - supports SSL with OpenSSL/1.0.2h
LogInit:  - supports HTTP deflate (compression) using libz 1.2.8
LogInit:  - other features:
LogInit:      CURL_VERSION_SSL
LogInit:      CURL_VERSION_LIBZ
LogInit:      CURL_VERSION_IPV6
LogInit:      CURL_VERSION_ASYNCHDNS
LogInit:      CURL_VERSION_LARGEFILE
LogInit:      CURL_VERSION_IDN
LogInit:  CurlRequestOptions (configurable via config and command line):
LogInit:  - bVerifyPeer = true  - Libcurl will verify peer certificate
LogInit:  - bUseHttpProxy = false  - Libcurl will NOT use HTTP proxy
LogInit:  - bDontReuseConnections = false  - Libcurl will reuse connections
LogInit:  - MaxHostConnections = 16  - Libcurl will limit the number of connections to a host
LogInit:  - LocalHostAddr = Default
LogInit:  - BufferSize = 65536
LogInit: WinSock: version 1.1 (2.2), MaxSocks=32767, MaxUdp=65467
LogInit: Build: ++UE4+Release-4.21-CL-4613538
LogInit: Engine Version: 4.21.1-4613538+++UE4+Release-4.21
LogInit: Compatible Engine Version: 4.21.0-4541578+++UE4+Release-4.21
LogInit: Net CL: 4541578
LogInit: OS: Windows 10 (), CPU:        Intel(R) Core(TM) i7-3770K CPU @ 3.50GHz, GPU: NVIDIA GeForce GTX 970
LogInit: Compiled (64-bit): Nov 30 2018 04:13:25
LogInit: Compiled with Visual C++: 19.13.26129.00
LogInit: Build Configuration: Development
LogInit: Branch Name: ++UE4+Release-4.21
LogInit: Command Line: 
LogInit: Base Directory: H:/HDD Programs/EpicGames/Epic Games/UE_4.21/Engine/Binaries/Win64/
LogInit: Installed Engine Build: 1
LogDevObjectVersion: Number of dev versions registered: 22
LogDevObjectVersion:   Dev-Blueprints (B0D832E4-1F89-4F0D-ACCF-7EB736FD4AA2): 10
LogDevObjectVersion:   Dev-Build (E1C64328-A22C-4D53-A36C-8E866417BD8C): 0
LogDevObjectVersion:   Dev-Core (375EC13C-06E4-48FB-B500-84F0262A717E): 2
LogDevObjectVersion:   Dev-Editor (E4B068ED-F494-42E9-A231-DA0B2E46BB41): 26
LogDevObjectVersion:   Dev-Framework (CFFC743F-43B0-4480-9391-14DF171D2073): 34
LogDevObjectVersion:   Dev-Mobile (B02B49B5-BB20-44E9-A304-32B752E40360): 2
LogDevObjectVersion:   Dev-Networking (A4E4105C-59A1-49B5-A7C5-40C4547EDFEE): 0
LogDevObjectVersion:   Dev-Online (39C831C9-5AE6-47DC-9A44-9C173E1C8E7C): 0
LogDevObjectVersion:   Dev-Physics (78F01B33-EBEA-4F98-B9B4-84EACCB95AA2): 0
LogDevObjectVersion:   Dev-Platform (6631380F-2D4D-43E0-8009-CF276956A95A): 0
LogDevObjectVersion:   Dev-Rendering (12F88B9F-8875-4AFC-A67C-D90C383ABD29): 27
LogDevObjectVersion:   Dev-Sequencer (7B5AE74C-D270-4C10-A958-57980B212A5A): 9
LogDevObjectVersion:   Dev-VR (D7296918-1DD6-4BDD-9DE2-64A83CC13884): 2
LogDevObjectVersion:   Dev-LoadTimes (C2A15278-BFE7-4AFE-6C17-90FF531DF755): 1
LogDevObjectVersion:   Private-Geometry (6EACA3D4-40EC-4CC1-B786-8BED09428FC5): 3
LogDevObjectVersion:   Dev-AnimPhys (29E575DD-E0A3-4627-9D10-D276232CDCEA): 17
LogDevObjectVersion:   Dev-Anim (AF43A65D-7FD3-4947-9873-3E8ED9C1BB05): 2
LogDevObjectVersion:   Dev-ReflectionCapture (6B266CEC-1EC7-4B8F-A30B-E4D90942FC07): 1
LogDevObjectVersion:   Dev-Automation (0DF73D61-A23F-47EA-B727-89E90C41499A): 1
LogDevObjectVersion:   FortniteMain (601D1886-AC64-4F84-AA16-D3DE0DEAC7D6): 17
LogDevObjectVersion:   Dev-Enterprise (9DFFBCD6-494F-0158-E221-12823C92A888): 4
LogDevObjectVersion:   Dev-Niagara (F2AED0AC-9AFE-416F-8664-AA7FFA26D6FC): 1
LogStreaming: Display: Took  0.001s to delete old logs.
LogInit: Presizing for max 8388607 objects, including 0 objects not considered by GC, pre-allocating 0 bytes for permanent pool.
LogInit: Object subsystem initialized
LogConfig: Setting CVar [[con.DebugEarlyDefault:1]]
LogConfig: Setting CVar [[r.setres:1280x720]]
[2019.01.25-14.38.33:844][  0]LogConfig: Setting CVar [[r.VSync:0]]
[2019.01.25-14.38.33:844][  0]LogConfig: Setting CVar [[r.RHICmdBypass:0]]
[2019.01.25-14.38.33:844][  0]LogConfig: Applying CVar settings from Section [/Script/Engine.RendererSettings] File [H:/Documents/GitHub/graphicsdesignproject/NethkenHall/Saved/Config/Windows/Engine.ini]
[2019.01.25-14.38.33:844][  0]LogConfig: Setting CVar [[r.GPUCrashDebugging:0]]
[2019.01.25-14.38.33:844][  0]LogConfig: Applying CVar settings from Section [/Script/Engine.RendererOverrideSettings] File [H:/Documents/GitHub/graphicsdesignproject/NethkenHall/Saved/Config/Windows/Engine.ini]
[2019.01.25-14.38.33:844][  0]LogConfig: Applying CVar settings from Section [/Script/Engine.StreamingSettings] File [H:/Documents/GitHub/graphicsdesignproject/NethkenHall/Saved/Config/Windows/Engine.ini]
[2019.01.25-14.38.33:844][  0]LogConfig: Setting CVar [[s.MinBulkDataSizeForAsyncLoading:131072]]
[2019.01.25-14.38.33:844][  0]LogConfig: Setting CVar [[s.AsyncLoadingThreadEnabled:0]]
[2019.01.25-14.38.33:844][  0]LogConfig: Setting CVar [[s.EventDrivenLoaderEnabled:1]]
[2019.01.25-14.38.33:844][  0]LogConfig: Setting CVar [[s.WarnIfTimeLimitExceeded:0]]
[2019.01.25-14.38.33:844][  0]LogConfig: Setting CVar [[s.TimeLimitExceededMultiplier:1.5]]
[2019.01.25-14.38.33:844][  0]LogConfig: Setting CVar [[s.TimeLimitExceededMinTime:0.005]]
[2019.01.25-14.38.33:844][  0]LogConfig: Setting CVar [[s.UseBackgroundLevelStreaming:1]]
[2019.01.25-14.38.33:844][  0]LogConfig: Setting CVar [[s.PriorityAsyncLoadingExtraTime:15.0]]
[2019.01.25-14.38.33:844][  0]LogConfig: Setting CVar [[s.LevelStreamingActorsUpdateTimeLimit:5.0]]
[2019.01.25-14.38.33:844][  0]LogConfig: Setting CVar [[s.PriorityLevelStreamingActorsUpdateExtraTime:5.0]]
[2019.01.25-14.38.33:844][  0]LogConfig: Setting CVar [[s.LevelStreamingComponentsRegistrationGranularity:10]]
[2019.01.25-14.38.33:845][  0]LogConfig: Setting CVar [[s.UnregisterComponentsTimeLimit:1.0]]
[2019.01.25-14.38.33:845][  0]LogConfig: Setting CVar [[s.LevelStreamingComponentsUnregistrationGranularity:5]]
[2019.01.25-14.38.33:845][  0]LogConfig: Applying CVar settings from Section [/Script/Engine.GarbageCollectionSettings] File [H:/Documents/GitHub/graphicsdesignproject/NethkenHall/Saved/Config/Windows/Engine.ini]
[2019.01.25-14.38.33:845][  0]LogConfig: Setting CVar [[gc.MaxObjectsNotConsideredByGC:1]]
[2019.01.25-14.38.33:845][  0]LogConfig: Setting CVar [[gc.SizeOfPermanentObjectPool:0]]
[2019.01.25-14.38.33:845][  0]LogConfig: Setting CVar [[gc.FlushStreamingOnGC:0]]
[2019.01.25-14.38.33:845][  0]LogConfig: Setting CVar [[gc.NumRetriesBeforeForcingGC:10]]
[2019.01.25-14.38.33:845][  0]LogConfig: Setting CVar [[gc.AllowParallelGC:1]]
[2019.01.25-14.38.33:845][  0]LogConfig: Setting CVar [[gc.TimeBetweenPurgingPendingKillObjects:61.1]]
[2019.01.25-14.38.33:845][  0]LogConfig: Setting CVar [[gc.MaxObjectsInEditor:8388607]]
[2019.01.25-14.38.33:845][  0]LogConfig: Setting CVar [[gc.IncrementalBeginDestroyEnabled:1]]
[2019.01.25-14.38.33:845][  0]LogConfig: Setting CVar [[gc.CreateGCClusters:1]]
[2019.01.25-14.38.33:845][  0]LogConfig: Setting CVar [[gc.MergeGCClusters:0]]
[2019.01.25-14.38.33:845][  0]LogConfig: Setting CVar [[gc.MinGCClusterSize:5]]
[2019.01.25-14.38.33:845][  0]LogConfig: Setting CVar [[gc.ActorClusteringEnabled:0]]
[2019.01.25-14.38.33:845][  0]LogConfig: Setting CVar [[gc.BlueprintClusteringEnabled:0]]
[2019.01.25-14.38.33:845][  0]LogConfig: Setting CVar [[gc.UseDisregardForGCOnDedicatedServers:0]]
[2019.01.25-14.38.33:845][  0]LogConfig: Applying CVar settings from Section [/Script/Engine.NetworkSettings] File [H:/Documents/GitHub/graphicsdesignproject/NethkenHall/Saved/Config/Windows/Engine.ini]
[2019.01.25-14.38.33:845][  0]LogConfig: Applying CVar settings from Section [/Script/UnrealEd.CookerSettings] File [H:/Documents/GitHub/graphicsdesignproject/NethkenHall/Saved/Config/Windows/Engine.ini]
[2019.01.25-14.38.33:853][  0]LogConfig: Applying CVar settings from Section [ViewDistanceQuality@3] File [H:/Documents/GitHub/graphicsdesignproject/NethkenHall/Saved/Config/Windows/Scalability.ini]
[2019.01.25-14.38.33:853][  0]LogConfig: Setting CVar [[r.SkeletalMeshLODBias:0]]
[2019.01.25-14.38.33:853][  0]LogConfig: Setting CVar [[r.ViewDistanceScale:1.0]]
[2019.01.25-14.38.33:853][  0]LogConfig: Applying CVar settings from Section [AntiAliasingQuality@3] File [H:/Documents/GitHub/graphicsdesignproject/NethkenHall/Saved/Config/Windows/Scalability.ini]
[2019.01.25-14.38.33:853][  0]LogConfig: Setting CVar [[r.PostProcessAAQuality:4]]
[2019.01.25-14.38.33:853][  0]LogConfig: Applying CVar settings from Section [ShadowQuality@3] File [H:/Documents/GitHub/graphicsdesignproject/NethkenHall/Saved/Config/Windows/Scalability.ini]
[2019.01.25-14.38.33:853][  0]LogConfig: Setting CVar [[r.LightFunctionQuality:1]]
[2019.01.25-14.38.33:853][  0]LogConfig: Setting CVar [[r.ShadowQuality:5]]
[2019.01.25-14.38.33:853][  0]LogConfig: Setting CVar [[r.Shadow.CSM.MaxCascades:10]]
[2019.01.25-14.38.33:853][  0]LogConfig: Setting CVar [[r.Shadow.MaxResolution:2048]]
[2019.01.25-14.38.33:853][  0]LogConfig: Setting CVar [[r.Shadow.MaxCSMResolution:2048]]
[2019.01.25-14.38.33:853][  0]LogConfig: Setting CVar [[r.Shadow.RadiusThreshold:0.01]]
[2019.01.25-14.38.33:853][  0]LogConfig: Setting CVar [[r.Shadow.DistanceScale:1.0]]
[2019.01.25-14.38.33:853][  0]LogConfig: Setting CVar [[r.Shadow.CSM.TransitionScale:1.0]]
[2019.01.25-14.38.33:853][  0]LogConfig: Setting CVar [[r.Shadow.PreShadowResolutionFactor:1.0]]
[2019.01.25-14.38.33:853][  0]LogConfig: Setting CVar [[r.DistanceFieldShadowing:1]]
[2019.01.25-14.38.33:853][  0]LogConfig: Setting CVar [[r.DistanceFieldAO:1]]
[2019.01.25-14.38.33:853][  0]LogConfig: Setting CVar [[r.AOQuality:2]]
[2019.01.25-14.38.33:853][  0]LogConfig: Setting CVar [[r.VolumetricFog:1]]
[2019.01.25-14.38.33:853][  0]LogConfig: Setting CVar [[r.VolumetricFog.GridPixelSize:8]]
[2019.01.25-14.38.33:853][  0]LogConfig: Setting CVar [[r.VolumetricFog.GridSizeZ:128]]
[2019.01.25-14.38.33:853][  0]LogConfig: Setting CVar [[r.VolumetricFog.HistoryMissSupersampleCount:4]]
[2019.01.25-14.38.33:853][  0]LogConfig: Setting CVar [[r.LightMaxDrawDistanceScale:1]]
[2019.01.25-14.38.33:853][  0]LogConfig: Setting CVar [[r.CapsuleShadows:1]]
[2019.01.25-14.38.33:853][  0]LogConfig: Applying CVar settings from Section [PostProcessQuality@3] File [H:/Documents/GitHub/graphicsdesignproject/NethkenHall/Saved/Config/Windows/Scalability.ini]
[2019.01.25-14.38.33:854][  0]LogConfig: Setting CVar [[r.MotionBlurQuality:4]]
[2019.01.25-14.38.33:854][  0]LogConfig: Setting CVar [[r.AmbientOcclusionMipLevelFactor:0.4]]
[2019.01.25-14.38.33:854][  0]LogConfig: Setting CVar [[r.AmbientOcclusionMaxQuality:100]]
[2019.01.25-14.38.33:854][  0]LogConfig: Setting CVar [[r.AmbientOcclusionLevels:-1]]
[2019.01.25-14.38.33:854][  0]LogConfig: Setting CVar [[r.AmbientOcclusionRadiusScale:1.0]]
[2019.01.25-14.38.33:854][  0]LogConfig: Setting CVar [[r.DepthOfFieldQuality:2]]
[2019.01.25-14.38.33:854][  0]LogConfig: Setting CVar [[r.RenderTargetPoolMin:400]]
[2019.01.25-14.38.33:854][  0]LogConfig: Setting CVar [[r.LensFlareQuality:2]]
[2019.01.25-14.38.33:854][  0]LogConfig: Setting CVar [[r.SceneColorFringeQuality:1]]
[2019.01.25-14.38.33:854][  0]LogConfig: Setting CVar [[r.EyeAdaptationQuality:2]]
[2019.01.25-14.38.33:854][  0]LogConfig: Setting CVar [[r.BloomQuality:5]]
[2019.01.25-14.38.33:854][  0]LogConfig: Setting CVar [[r.FastBlurThreshold:100]]
[2019.01.25-14.38.33:854][  0]LogConfig: Setting CVar [[r.Upscale.Quality:3]]
[2019.01.25-14.38.33:854][  0]LogConfig: Setting CVar [[r.Tonemapper.GrainQuantization:1]]
[2019.01.25-14.38.33:854][  0]LogConfig: Setting CVar [[r.LightShaftQuality:1]]
[2019.01.25-14.38.33:854][  0]LogConfig: Setting CVar [[r.Filter.SizeScale:1]]
[2019.01.25-14.38.33:854][  0]LogConfig: Setting CVar [[r.Tonemapper.Quality:5]]
[2019.01.25-14.38.33:854][  0]LogConfig: Setting CVar [[r.DOF.Gather.AccumulatorQuality:1        ; higher gathering accumulator quality]]
[2019.01.25-14.38.33:854][  0]LogConfig: Setting CVar [[r.DOF.Gather.PostfilterMethod:1          ; Median3x3 postfilering method]]
[2019.01.25-14.38.33:854][  0]LogConfig: Setting CVar [[r.DOF.Gather.EnableBokehSettings:0       ; no bokeh simulation when gathering]]
[2019.01.25-14.38.33:854][  0]LogConfig: Setting CVar [[r.DOF.Gather.RingCount:4                 ; medium number of samples when gathering]]
[2019.01.25-14.38.33:854][  0]LogConfig: Setting CVar [[r.DOF.Scatter.ForegroundCompositing:1    ; additive foreground scattering]]
[2019.01.25-14.38.33:854][  0]LogConfig: Setting CVar [[r.DOF.Scatter.BackgroundCompositing:2    ; additive background scattering]]
[2019.01.25-14.38.33:854][  0]LogConfig: Setting CVar [[r.DOF.Scatter.EnableBokehSettings:1      ; bokeh simulation when scattering]]
[2019.01.25-14.38.33:854][  0]LogConfig: Setting CVar [[r.DOF.Scatter.MaxSpriteRatio:0.1         ; only a maximum of 10% of scattered bokeh]]
[2019.01.25-14.38.33:854][  0]LogConfig: Setting CVar [[r.DOF.Recombine.Quality:1                ; cheap slight out of focus]]
[2019.01.25-14.38.33:854][  0]LogConfig: Setting CVar [[r.DOF.Recombine.EnableBokehSettings:0    ; no bokeh simulation on slight out of focus]]
[2019.01.25-14.38.33:854][  0]LogConfig: Setting CVar [[r.DOF.TemporalAAQuality:1                ; more stable temporal accumulation]]
[2019.01.25-14.38.33:854][  0]LogConfig: Setting CVar [[r.DOF.Kernel.MaxForegroundRadius:0.025]]
[2019.01.25-14.38.33:854][  0]LogConfig: Setting CVar [[r.DOF.Kernel.MaxBackgroundRadius:0.025]]
[2019.01.25-14.38.33:854][  0]LogConfig: Applying CVar settings from Section [TextureQuality@3] File [H:/Documents/GitHub/graphicsdesignproject/NethkenHall/Saved/Config/Windows/Scalability.ini]
[2019.01.25-14.38.33:854][  0]LogConfig: Setting CVar [[r.Streaming.MipBias:0]]
[2019.01.25-14.38.33:854][  0]LogConfig: Setting CVar [[r.Streaming.AmortizeCPUToGPUCopy:0]]
[2019.01.25-14.38.33:854][  0]LogConfig: Setting CVar [[r.Streaming.MaxNumTexturesToStreamPerFrame:0]]
[2019.01.25-14.38.33:854][  0]LogConfig: Setting CVar [[r.Streaming.Boost:1]]
[2019.01.25-14.38.33:854][  0]LogConfig: Setting CVar [[r.MaxAnisotropy:8]]
[2019.01.25-14.38.33:854][  0]LogConfig: Setting CVar [[r.Streaming.LimitPoolSizeToVRAM:0]]
[2019.01.25-14.38.33:854][  0]LogConfig: Setting CVar [[r.Streaming.PoolSize:1000]]
[2019.01.25-14.38.33:854][  0]LogConfig: Setting CVar [[r.Streaming.MaxEffectiveScreenSize:0]]
[2019.01.25-14.38.33:854][  0]LogConfig: Applying CVar settings from Section [EffectsQuality@3] File [H:/Documents/GitHub/graphicsdesignproject/NethkenHall/Saved/Config/Windows/Scalability.ini]
[2019.01.25-14.38.33:854][  0]LogConfig: Setting CVar [[r.TranslucencyLightingVolumeDim:64]]
[2019.01.25-14.38.33:854][  0]LogConfig: Setting CVar [[r.RefractionQuality:2]]
[2019.01.25-14.38.33:854][  0]LogConfig: Setting CVar [[r.SSR.Quality:3]]
[2019.01.25-14.38.33:854][  0]LogConfig: Setting CVar [[r.SceneColorFormat:4]]
[2019.01.25-14.38.33:854][  0]LogConfig: Setting CVar [[r.DetailMode:2]]
[2019.01.25-14.38.33:854][  0]LogConfig: Setting CVar [[r.TranslucencyVolumeBlur:1]]
[2019.01.25-14.38.33:854][  0]LogConfig: Setting CVar [[r.MaterialQualityLevel:1 ; High quality]]
[2019.01.25-14.38.33:854][  0]LogConfig: Setting CVar [[r.SSS.Scale:1]]
[2019.01.25-14.38.33:854][  0]LogConfig: Setting CVar [[r.SSS.SampleSet:2]]
[2019.01.25-14.38.33:854][  0]LogConfig: Setting CVar [[r.SSS.Quality:1]]
[2019.01.25-14.38.33:854][  0]LogConfig: Setting CVar [[r.SSS.HalfRes:1]]
[2019.01.25-14.38.33:854][  0]LogConfig: Setting CVar [[r.EmitterSpawnRateScale:1.0]]
[2019.01.25-14.38.33:854][  0]LogConfig: Setting CVar [[r.ParticleLightQuality:2]]
[2019.01.25-14.38.33:854][  0]LogConfig: Applying CVar settings from Section [FoliageQuality@3] File [H:/Documents/GitHub/graphicsdesignproject/NethkenHall/Saved/Config/Windows/Scalability.ini]
[2019.01.25-14.38.33:854][  0]LogConfig: Setting CVar [[foliage.DensityScale:1.0]]
[2019.01.25-14.38.33:854][  0]LogConfig: Setting CVar [[grass.DensityScale:1.0]]
[2019.01.25-14.38.33:854][  0]LogInit: Selected Device Profile: [Windows]
[2019.01.25-14.38.33:854][  0]LogInit: Applying CVar settings loaded from the selected device profile: [Windows]
[2019.01.25-14.38.33:867][  0]LogHAL: Display: Platform has ~ 12 GB [12830994432 / 17179869184 / 12], which maps to Larger [LargestMinGB=32, LargerMinGB=12, DefaultMinGB=8, SmallerMinGB=6, SmallestMinGB=0)
[2019.01.25-14.38.33:867][  0]LogConfig: Setting CVar [[r.Vulkan.UseRealUBs:1]]
[2019.01.25-14.38.33:867][  0]LogInit: Going up to parent DeviceProfile []
[2019.01.25-14.38.33:867][  0]LogConfig: Applying CVar settings from Section [ViewDistanceQuality@3] File [H:/Documents/GitHub/graphicsdesignproject/NethkenHall/Saved/Config/Windows/Scalability.ini]
[2019.01.25-14.38.33:867][  0]LogConfig: Setting CVar [[r.SkeletalMeshLODBias:0]]
[2019.01.25-14.38.33:867][  0]LogConfig: Setting CVar [[r.ViewDistanceScale:1.0]]
[2019.01.25-14.38.33:867][  0]LogConfig: Applying CVar settings from Section [AntiAliasingQuality@3] File [H:/Documents/GitHub/graphicsdesignproject/NethkenHall/Saved/Config/Windows/Scalability.ini]
[2019.01.25-14.38.33:867][  0]LogConfig: Setting CVar [[r.PostProcessAAQuality:4]]
[2019.01.25-14.38.33:867][  0]LogConfig: Applying CVar settings from Section [ShadowQuality@3] File [H:/Documents/GitHub/graphicsdesignproject/NethkenHall/Saved/Config/Windows/Scalability.ini]
[2019.01.25-14.38.33:867][  0]LogConfig: Setting CVar [[r.LightFunctionQuality:1]]
[2019.01.25-14.38.33:867][  0]LogConfig: Setting CVar [[r.ShadowQuality:5]]
[2019.01.25-14.38.33:867][  0]LogConfig: Setting CVar [[r.Shadow.CSM.MaxCascades:10]]
[2019.01.25-14.38.33:867][  0]LogConfig: Setting CVar [[r.Shadow.MaxResolution:2048]]
[2019.01.25-14.38.33:867][  0]LogConfig: Setting CVar [[r.Shadow.MaxCSMResolution:2048]]
[2019.01.25-14.38.33:867][  0]LogConfig: Setting CVar [[r.Shadow.RadiusThreshold:0.01]]
[2019.01.25-14.38.33:867][  0]LogConfig: Setting CVar [[r.Shadow.DistanceScale:1.0]]
[2019.01.25-14.38.33:867][  0]LogConfig: Setting CVar [[r.Shadow.CSM.TransitionScale:1.0]]
[2019.01.25-14.38.33:867][  0]LogConfig: Setting CVar [[r.Shadow.PreShadowResolutionFactor:1.0]]
[2019.01.25-14.38.33:867][  0]LogConfig: Setting CVar [[r.DistanceFieldShadowing:1]]
[2019.01.25-14.38.33:867][  0]LogConfig: Setting CVar [[r.DistanceFieldAO:1]]
[2019.01.25-14.38.33:867][  0]LogConfig: Setting CVar [[r.AOQuality:2]]
[2019.01.25-14.38.33:867][  0]LogConfig: Setting CVar [[r.VolumetricFog:1]]
[2019.01.25-14.38.33:867][  0]LogConfig: Setting CVar [[r.VolumetricFog.GridPixelSize:8]]
[2019.01.25-14.38.33:867][  0]LogConfig: Setting CVar [[r.VolumetricFog.GridSizeZ:128]]
[2019.01.25-14.38.33:867][  0]LogConfig: Setting CVar [[r.VolumetricFog.HistoryMissSupersampleCount:4]]
[2019.01.25-14.38.33:867][  0]LogConfig: Setting CVar [[r.LightMaxDrawDistanceScale:1]]
[2019.01.25-14.38.33:867][  0]LogConfig: Setting CVar [[r.CapsuleShadows:1]]
[2019.01.25-14.38.33:867][  0]LogConfig: Applying CVar settings from Section [PostProcessQuality@3] File [H:/Documents/GitHub/graphicsdesignproject/NethkenHall/Saved/Config/Windows/Scalability.ini]
[2019.01.25-14.38.33:867][  0]LogConfig: Setting CVar [[r.MotionBlurQuality:4]]
[2019.01.25-14.38.33:867][  0]LogConfig: Setting CVar [[r.AmbientOcclusionMipLevelFactor:0.4]]
[2019.01.25-14.38.33:867][  0]LogConfig: Setting CVar [[r.AmbientOcclusionMaxQuality:100]]
[2019.01.25-14.38.33:867][  0]LogConfig: Setting CVar [[r.AmbientOcclusionLevels:-1]]
[2019.01.25-14.38.33:868][  0]LogConfig: Setting CVar [[r.AmbientOcclusionRadiusScale:1.0]]
[2019.01.25-14.38.33:868][  0]LogConfig: Setting CVar [[r.DepthOfFieldQuality:2]]
[2019.01.25-14.38.33:868][  0]LogConfig: Setting CVar [[r.RenderTargetPoolMin:400]]
[2019.01.25-14.38.33:868][  0]LogConfig: Setting CVar [[r.LensFlareQuality:2]]
[2019.01.25-14.38.33:868][  0]LogConfig: Setting CVar [[r.SceneColorFringeQuality:1]]
[2019.01.25-14.38.33:868][  0]LogConfig: Setting CVar [[r.EyeAdaptationQuality:2]]
[2019.01.25-14.38.33:868][  0]LogConfig: Setting CVar [[r.BloomQuality:5]]
[2019.01.25-14.38.33:868][  0]LogConfig: Setting CVar [[r.FastBlurThreshold:100]]
[2019.01.25-14.38.33:868][  0]LogConfig: Setting CVar [[r.Upscale.Quality:3]]
[2019.01.25-14.38.33:868][  0]LogConfig: Setting CVar [[r.Tonemapper.GrainQuantization:1]]
[2019.01.25-14.38.33:868][  0]LogConfig: Setting CVar [[r.LightShaftQuality:1]]
[2019.01.25-14.38.33:868][  0]LogConfig: Setting CVar [[r.Filter.SizeScale:1]]
[2019.01.25-14.38.33:868][  0]LogConfig: Setting CVar [[r.Tonemapper.Quality:5]]
[2019.01.25-14.38.33:868][  0]LogConfig: Setting CVar [[r.DOF.Gather.AccumulatorQuality:1        ; higher gathering accumulator quality]]
[2019.01.25-14.38.33:868][  0]LogConfig: Setting CVar [[r.DOF.Gather.PostfilterMethod:1          ; Median3x3 postfilering method]]
[2019.01.25-14.38.33:868][  0]LogConfig: Setting CVar [[r.DOF.Gather.EnableBokehSettings:0       ; no bokeh simulation when gathering]]
[2019.01.25-14.38.33:868][  0]LogConfig: Setting CVar [[r.DOF.Gather.RingCount:4                 ; medium number of samples when gathering]]
[2019.01.25-14.38.33:868][  0]LogConfig: Setting CVar [[r.DOF.Scatter.ForegroundCompositing:1    ; additive foreground scattering]]
[2019.01.25-14.38.33:868][  0]LogConfig: Setting CVar [[r.DOF.Scatter.BackgroundCompositing:2    ; additive background scattering]]
[2019.01.25-14.38.33:868][  0]LogConfig: Setting CVar [[r.DOF.Scatter.EnableBokehSettings:1      ; bokeh simulation when scattering]]
[2019.01.25-14.38.33:868][  0]LogConfig: Setting CVar [[r.DOF.Scatter.MaxSpriteRatio:0.1         ; only a maximum of 10% of scattered bokeh]]
[2019.01.25-14.38.33:868][  0]LogConfig: Setting CVar [[r.DOF.Recombine.Quality:1                ; cheap slight out of focus]]
[2019.01.25-14.38.33:868][  0]LogConfig: Setting CVar [[r.DOF.Recombine.EnableBokehSettings:0    ; no bokeh simulation on slight out of focus]]
[2019.01.25-14.38.33:868][  0]LogConfig: Setting CVar [[r.DOF.TemporalAAQuality:1                ; more stable temporal accumulation]]
[2019.01.25-14.38.33:868][  0]LogConfig: Setting CVar [[r.DOF.Kernel.MaxForegroundRadius:0.025]]
[2019.01.25-14.38.33:868][  0]LogConfig: Setting CVar [[r.DOF.Kernel.MaxBackgroundRadius:0.025]]
[2019.01.25-14.38.33:868][  0]LogConfig: Applying CVar settings from Section [TextureQuality@3] File [H:/Documents/GitHub/graphicsdesignproject/NethkenHall/Saved/Config/Windows/Scalability.ini]
[2019.01.25-14.38.33:868][  0]LogConfig: Setting CVar [[r.Streaming.MipBias:0]]
[2019.01.25-14.38.33:868][  0]LogConfig: Setting CVar [[r.Streaming.AmortizeCPUToGPUCopy:0]]
[2019.01.25-14.38.33:868][  0]LogConfig: Setting CVar [[r.Streaming.MaxNumTexturesToStreamPerFrame:0]]
[2019.01.25-14.38.33:868][  0]LogConfig: Setting CVar [[r.Streaming.Boost:1]]
[2019.01.25-14.38.33:868][  0]LogConfig: Setting CVar [[r.MaxAnisotropy:8]]
[2019.01.25-14.38.33:868][  0]LogConfig: Setting CVar [[r.Streaming.LimitPoolSizeToVRAM:0]]
[2019.01.25-14.38.33:868][  0]LogConfig: Setting CVar [[r.Streaming.PoolSize:1000]]
[2019.01.25-14.38.33:868][  0]LogConfig: Setting CVar [[r.Streaming.MaxEffectiveScreenSize:0]]
[2019.01.25-14.38.33:868][  0]LogConfig: Applying CVar settings from Section [EffectsQuality@3] File [H:/Documents/GitHub/graphicsdesignproject/NethkenHall/Saved/Config/Windows/Scalability.ini]
[2019.01.25-14.38.33:868][  0]LogConfig: Setting CVar [[r.TranslucencyLightingVolumeDim:64]]
[2019.01.25-14.38.33:868][  0]LogConfig: Setting CVar [[r.RefractionQuality:2]]
[2019.01.25-14.38.33:868][  0]LogConfig: Setting CVar [[r.SSR.Quality:3]]
[2019.01.25-14.38.33:868][  0]LogConfig: Setting CVar [[r.SceneColorFormat:4]]
[2019.01.25-14.38.33:868][  0]LogConfig: Setting CVar [[r.DetailMode:2]]
[2019.01.25-14.38.33:868][  0]LogConfig: Setting CVar [[r.TranslucencyVolumeBlur:1]]
[2019.01.25-14.38.33:868][  0]LogConfig: Setting CVar [[r.MaterialQualityLevel:1 ; High quality]]
[2019.01.25-14.38.33:868][  0]LogConfig: Setting CVar [[r.SSS.Scale:1]]
[2019.01.25-14.38.33:868][  0]LogConfig: Setting CVar [[r.SSS.SampleSet:2]]
[2019.01.25-14.38.33:868][  0]LogConfig: Setting CVar [[r.SSS.Quality:1]]
[2019.01.25-14.38.33:868][  0]LogConfig: Setting CVar [[r.SSS.HalfRes:1]]
[2019.01.25-14.38.33:868][  0]LogConfig: Setting CVar [[r.EmitterSpawnRateScale:1.0]]
[2019.01.25-14.38.33:868][  0]LogConfig: Setting CVar [[r.ParticleLightQuality:2]]
[2019.01.25-14.38.33:868][  0]LogConfig: Applying CVar settings from Section [FoliageQuality@3] File [H:/Documents/GitHub/graphicsdesignproject/NethkenHall/Saved/Config/Windows/Scalability.ini]
[2019.01.25-14.38.33:868][  0]LogConfig: Setting CVar [[foliage.DensityScale:1.0]]
[2019.01.25-14.38.33:868][  0]LogConfig: Setting CVar [[grass.DensityScale:1.0]]
[2019.01.25-14.38.33:868][  0]LogConfig: Applying CVar settings from Section [Startup] File [../../../Engine/Config/ConsoleVariables.ini]
[2019.01.25-14.38.33:868][  0]LogConfig: Setting CVar [[net.UseAdaptiveNetUpdateFrequency:0]]
[2019.01.25-14.38.33:868][  0]LogConfig: Applying CVar settings from Section [ConsoleVariables] File [H:/Documents/GitHub/graphicsdesignproject/NethkenHall/Saved/Config/Windows/Engine.ini]
[2019.01.25-14.38.33:869][  0]LogInit: Computer: MARTY-PC
[2019.01.25-14.38.33:869][  0]LogInit: User: Marty
[2019.01.25-14.38.33:869][  0]LogInit: CPU Page size=4096, Cores=4
[2019.01.25-14.38.33:869][  0]LogInit: High frequency timer resolution =3.428038 MHz
[2019.01.25-14.38.33:869][  0]LogMemory: Memory total: Physical=11.9GB (12GB approx)
[2019.01.25-14.38.33:869][  0]LogMemory: Platform Memory Stats for Windows
[2019.01.25-14.38.33:869][  0]LogMemory: Process Physical Memory: 102.09 MB used, 102.09 MB peak
[2019.01.25-14.38.33:869][  0]LogMemory: Process Virtual Memory: 91.52 MB used, 91.52 MB peak
[2019.01.25-14.38.33:869][  0]LogMemory: Physical Memory: 6070.16 MB used,  6166.43 MB free, 12236.59 MB total
[2019.01.25-14.38.33:869][  0]LogMemory: Virtual Memory: 4647.84 MB used,  134213080.00 MB free, 134217728.00 MB total
[2019.01.25-14.38.33:888][  0]LogInit: Using OS detected language (en-US).
[2019.01.25-14.38.33:888][  0]LogInit: Using OS detected locale (en-US).
[2019.01.25-14.38.33:888][  0]LogTextLocalizationManager: No specific localization for 'en-US' exists, so the 'en' localization will be used.
[2019.01.25-14.38.34:271][  0]LogStreaming: Display: Took  0.384s to InitEngineTextLocalization.
[2019.01.25-14.38.34:271][  0]LogInit: Setting process to per monitor DPI aware
[2019.01.25-14.38.34:319][  0]LogSlate: New Slate User Created.  User Index 0, Is Virtual User: 0
[2019.01.25-14.38.34:319][  0]LogSlate: Slate User Registered.  User Index 0, Is Virtual User: 0
[2019.01.25-14.38.34:546][  0]LogHMD: Failed to initialize OpenVR with code 100
[2019.01.25-14.38.34:546][  0]LogD3D11RHI: D3D11 adapters:
[2019.01.25-14.38.34:612][  0]LogD3D11RHI:    0. 'NVIDIA GeForce GTX 970' (Feature Level 11_0)
[2019.01.25-14.38.34:612][  0]LogD3D11RHI:       4043/0/6118 MB DedicatedVideo/DedicatedSystem/SharedSystem, Outputs:2, VendorId:0x10de
[2019.01.25-14.38.34:614][  0]LogD3D11RHI:    1. 'Microsoft Basic Render Driver' (Feature Level 11_0)
[2019.01.25-14.38.34:614][  0]LogD3D11RHI:       0/0/6118 MB DedicatedVideo/DedicatedSystem/SharedSystem, Outputs:0, VendorId:0x1414
[2019.01.25-14.38.34:614][  0]LogD3D11RHI: Chosen D3D11 Adapter: 0
[2019.01.25-14.38.34:624][  0]LogD3D11RHI: Creating new Direct3DDevice
[2019.01.25-14.38.34:624][  0]LogD3D11RHI:     GPU DeviceId: 0x13c2 (for the marketing name, search the web for "GPU Device Id")
[2019.01.25-14.38.34:624][  0]LogWindows: EnumDisplayDevices:
[2019.01.25-14.38.34:624][  0]LogWindows:    0. 'NVIDIA GeForce GTX 970' (P:1 D:1)
[2019.01.25-14.38.34:624][  0]LogWindows:    1. 'NVIDIA GeForce GTX 970' (P:0 D:1)
[2019.01.25-14.38.34:624][  0]LogWindows:    2. 'NVIDIA GeForce GTX 970' (P:0 D:0)
[2019.01.25-14.38.34:625][  0]LogWindows:    3. 'NVIDIA GeForce GTX 970' (P:0 D:0)
[2019.01.25-14.38.34:625][  0]LogWindows: DebugString: FoundDriverCount:4 
[2019.01.25-14.38.34:625][  0]LogD3D11RHI:     Adapter Name: NVIDIA GeForce GTX 970
[2019.01.25-14.38.34:625][  0]LogD3D11RHI:   Driver Version: 417.35 (internal:25.21.14.1735, unified:417.35)
[2019.01.25-14.38.34:625][  0]LogD3D11RHI:      Driver Date: 12-11-2018
[2019.01.25-14.38.34:625][  0]LogRHI: Texture pool is 2830 MB (70% of 4043 MB)
[2019.01.25-14.38.34:675][  0]LogD3D11RHI: Async texture creation enabled
[2019.01.25-14.38.34:711][  0]LogD3D11RHI: GPU Timing Frequency: 1000.000000 (Debug: 2 2)
[2019.01.25-14.38.35:056][  0]LogTemp: Display: Loaded TP AllDesktopTargetPlatform
[2019.01.25-14.38.35:074][  0]LogTemp: Display: Loaded TP MacClientTargetPlatform
[2019.01.25-14.38.35:087][  0]LogTemp: Display: Loaded TP MacNoEditorTargetPlatform
[2019.01.25-14.38.35:100][  0]LogTemp: Display: Loaded TP MacServerTargetPlatform
[2019.01.25-14.38.35:113][  0]LogTemp: Display: Loaded TP MacTargetPlatform
[2019.01.25-14.38.35:127][  0]LogTemp: Display: Loaded TP WindowsClientTargetPlatform
[2019.01.25-14.38.35:140][  0]LogTemp: Display: Loaded TP WindowsNoEditorTargetPlatform
[2019.01.25-14.38.35:153][  0]LogTemp: Display: Loaded TP WindowsServerTargetPlatform
[2019.01.25-14.38.35:159][  0]LogTemp: Display: Loaded TP WindowsTargetPlatform
[2019.01.25-14.38.35:234][  0]LogTemp: Display: Loaded TP AndroidTargetPlatform
[2019.01.25-14.38.35:234][  0]LogTemp: Display: Loaded TP AndroidTargetPlatform
[2019.01.25-14.38.35:234][  0]LogTemp: Display: Loaded TP AndroidTargetPlatform
[2019.01.25-14.38.35:234][  0]LogTemp: Display: Loaded TP AndroidTargetPlatform
[2019.01.25-14.38.35:234][  0]LogTemp: Display: Loaded TP AndroidTargetPlatform
[2019.01.25-14.38.35:234][  0]LogTemp: Display: Loaded TP AndroidTargetPlatform
[2019.01.25-14.38.35:234][  0]LogTemp: Display: Loaded TP AndroidTargetPlatform
[2019.01.25-14.38.35:234][  0]LogTemp: Display: Loaded TP AndroidTargetPlatform
[2019.01.25-14.38.35:234][  0]LogTemp: Display: Loaded TP AndroidTargetPlatform
[2019.01.25-14.38.35:234][  0]LogTemp: Display: Loaded TP AndroidTargetPlatform
[2019.01.25-14.38.35:234][  0]LogTemp: Display: Loaded TP AndroidTargetPlatform
[2019.01.25-14.38.35:234][  0]LogTemp: Display: Loaded TP AndroidTargetPlatform
[2019.01.25-14.38.35:234][  0]LogTemp: Display: Loaded TP AndroidTargetPlatform
[2019.01.25-14.38.35:234][  0]LogTemp: Display: Loaded TP AndroidTargetPlatform
[2019.01.25-14.38.35:234][  0]LogTemp: Display: Loaded TP AndroidTargetPlatform
[2019.01.25-14.38.35:234][  0]LogTemp: Display: Loaded TP AndroidTargetPlatform
[2019.01.25-14.38.35:234][  0]LogTemp: Display: Loaded TP AndroidTargetPlatform
[2019.01.25-14.38.35:234][  0]LogTemp: Display: Loaded TP AndroidTargetPlatform
[2019.01.25-14.38.35:235][  0]LogTemp: Display: Loaded TP HTML5TargetPlatform
[2019.01.25-14.38.35:296][  0]LogTemp: Display: Loaded TP IOSTargetPlatform
[2019.01.25-14.38.35:296][  0]LogTemp: Display: Loaded TP IOSTargetPlatform
[2019.01.25-14.38.35:319][  0]LogTemp: Display: Loaded TP TVOSTargetPlatform
[2019.01.25-14.38.35:319][  0]LogTemp: Display: Loaded TP TVOSTargetPlatform
[2019.01.25-14.38.35:332][  0]LogTemp: Display: Loaded TP LinuxClientTargetPlatform
[2019.01.25-14.38.35:344][  0]LogTemp: Display: Loaded TP LinuxNoEditorTargetPlatform
[2019.01.25-14.38.35:356][  0]LogTemp: Display: Loaded TP LinuxServerTargetPlatform
[2019.01.25-14.38.35:369][  0]LogTemp: Display: Loaded TP LinuxTargetPlatform
[2019.01.25-14.38.35:416][  0]LogTemp: Display: Loaded TP LuminTargetPlatform
[2019.01.25-14.38.35:416][  0]LogTemp: Display: Loaded TP LuminTargetPlatform
[2019.01.25-14.38.35:416][  0]LogTargetPlatformManager: Display: Building Assets For Windows
[2019.01.25-14.38.35:469][  0]LogShaderCompilers: Guid format shader working directory is -25 characters bigger than the processId version (../../../../../../../Documents/GitHub/graphicsdesignproject/NethkenHall/Intermediate/Shaders/WorkingDirectory/1036/).
[2019.01.25-14.38.35:469][  0]LogShaderCompilers: Cleaned the shader compiler working directory 'C:/Users/Marty/AppData/Local/Temp/UnrealShaderWorkingDir/A2FB380B444EAF45DD50908B928941C3/'.
[2019.01.25-14.38.35:471][  0]LogXGEController: Cleaning working directory: C:/Users/Marty/AppData/Local/Temp/UnrealXGEWorkingDir/
[2019.01.25-14.38.35:471][  0]LogXGEController: Cannot use XGE Controller as Incredibuild is not installed on this machine.
[2019.01.25-14.38.35:471][  0]LogShaderCompilers: Cannot use XGE Shader Compiler as Incredibuild is not installed on this machine.
[2019.01.25-14.38.35:471][  0]LogShaderCompilers: Display: Using Local Shader Compiler.
[2019.01.25-14.38.36:037][  0]LogDerivedDataCache: Display: Max Cache Size: 512 MB
[2019.01.25-14.38.36:097][  0]LogDerivedDataCache: Loaded boot cache 0.06s 71MB C:/Users/Marty/AppData/Local/UnrealEngine/4.21/DerivedDataCache/Boot.ddc.
[2019.01.25-14.38.36:097][  0]LogDerivedDataCache: Display: Loaded Boot cache: C:/Users/Marty/AppData/Local/UnrealEngine/4.21/DerivedDataCache/Boot.ddc
[2019.01.25-14.38.36:098][  0]LogDerivedDataCache: FDerivedDataBackendGraph:  Pak pak cache file ../../../../../../../Documents/GitHub/graphicsdesignproject/NethkenHall/DerivedDataCache/DDC.ddp not found, will not use a pak cache.
[2019.01.25-14.38.36:098][  0]LogDerivedDataCache: Unable to find inner node Pak for hierarchical cache Hierarchy.
[2019.01.25-14.38.36:098][  0]LogDerivedDataCache: FDerivedDataBackendGraph:  CompressedPak pak cache file ../../../../../../../Documents/GitHub/graphicsdesignproject/NethkenHall/DerivedDataCache/Compressed.ddp not found, will not use a pak cache.
[2019.01.25-14.38.36:098][  0]LogDerivedDataCache: Unable to find inner node CompressedPak for hierarchical cache Hierarchy.
[2019.01.25-14.38.36:111][  0]LogDerivedDataCache: Display: Pak cache opened for reading ../../../Engine/DerivedDataCache/Compressed.ddp.
[2019.01.25-14.38.36:111][  0]LogDerivedDataCache: FDerivedDataBackendGraph:  EnterprisePak pak cache file ../../../Enterprise/DerivedDataCache/Compressed.ddp not found, will not use a pak cache.
[2019.01.25-14.38.36:111][  0]LogDerivedDataCache: Unable to find inner node EnterprisePak for hierarchical cache Hierarchy.
[2019.01.25-14.38.36:124][  0]LogDerivedDataCache: Using Local data cache path C:/Users/Marty/AppData/Local/UnrealEngine/Common/DerivedDataCache: Writable
[2019.01.25-14.38.36:124][  0]LogDerivedDataCache: Shared data cache path not found in *engine.ini, will not use an Shared cache.
[2019.01.25-14.38.36:124][  0]LogDerivedDataCache: Unable to find inner node Shared for hierarchical cache Hierarchy.
[2019.01.25-14.38.36:153][  0]LogMaterial: Verifying Global Shaders for PCD3D_SM5
[2019.01.25-14.38.36:154][  0]LogSlate: Using FreeType 2.6.0
[2019.01.25-14.38.36:155][  0]LogSlate: SlateFontServices - WITH_FREETYPE: 1, WITH_HARFBUZZ: 1
[2019.01.25-14.38.36:240][  0]LogAssetRegistry: FAssetRegistry took 0.0344 seconds to start up
[2019.01.25-14.38.36:621][  0]LogInit: Selected Device Profile: [Windows]
[2019.01.25-14.38.36:773][  0]LogSimplygon: Simplygon DLL not present - disabling.
[2019.01.25-14.38.36:776][  0]LogMeshReduction: Using SimplygonSwarm for distributed automatic mesh merging
[2019.01.25-14.38.36:776][  0]LogMeshReduction: Using ProxyLODMeshReduction for automatic mesh merging
[2019.01.25-14.38.36:776][  0]LogMeshReduction: Using QuadricMeshReduction for automatic static mesh reduction
[2019.01.25-14.38.36:776][  0]LogMeshReduction: No automatic skeletal mesh reduction module available
[2019.01.25-14.38.36:789][  0]LogNetVersion: NethkenHall 1.0.0, NetCL: 4541578, EngineNetVer: 5, GameNetVer: 0 (Checksum: 1845692274)
[2019.01.25-14.38.37:284][  0]LogPackageLocalizationCache: Processed 11 localized package path(s) for 2 prioritized culture(s) in 0.068696 seconds
[2019.01.25-14.38.37:291][  0]LogUObjectArray: 39775 objects as part of root set at end of initial load.
[2019.01.25-14.38.37:291][  0]LogUObjectAllocator: 6914656 out of 0 bytes used by permanent object pool.
[2019.01.25-14.38.37:291][  0]LogUObjectArray: CloseDisregardForGC: 0/0 objects in disregard for GC pool
[2019.01.25-14.38.38:159][  0]LogTcpMessaging: Initializing TcpMessaging bridge
[2019.01.25-14.38.38:172][  0]LogUdpMessaging: Initializing bridge on interface 0.0.0.0:0 to multicast group 230.0.0.1:6666.
[2019.01.25-14.38.38:848][  0]SourceControl: Source control is disabled
[2019.01.25-14.38.38:849][  0]SourceControl: Source control is disabled
[2019.01.25-14.38.38:858][  0]SourceControl: Source control is disabled
[2019.01.25-14.38.38:858][  0]SourceControl: Source control is disabled
[2019.01.25-14.38.39:012][  0]LogAndroidPermission: UAndroidPermissionCallbackProxy::GetInstance
[2019.01.25-14.38.39:118][  0]LogOcInput: OculusInput pre-init called
[2019.01.25-14.38.39:258][  0]LogEngine: Initializing Engine...
[2019.01.25-14.38.39:259][  0]LogHMD: Failed to initialize OpenVR with code 100
[2019.01.25-14.38.39:260][  0]LogStats: UGameplayTagsManager::ConstructGameplayTagTree: ImportINI prefixes -  0.000 s
[2019.01.25-14.38.39:261][  0]LogStats: UGameplayTagsManager::ConstructGameplayTagTree: Construct from data asset -  0.000 s
[2019.01.25-14.38.39:261][  0]LogStats: UGameplayTagsManager::ConstructGameplayTagTree: ImportINI -  0.000 s
[2019.01.25-14.38.39:261][  0]LogStats: UGameplayTagsManager::ConstructGameplayTagTree: GameplayTagTreeChangedEvent.Broadcast -  0.000 s
[2019.01.25-14.38.39:504][  0]LogInit: Initializing FReadOnlyCVARCache
[2019.01.25-14.38.39:517][  0]LogAIModule: Creating AISystem for world Untitled
[2019.01.25-14.38.39:545][  0]LogInit: XAudio2 using 'Speakers (Realtek High Definition Audio)' : 2 channels at 48 kHz using 16 bits per sample (channel mask 0x3)
[2019.01.25-14.38.39:581][  0]LogInit: FAudioDevice initialized.
[2019.01.25-14.38.39:581][  0]LogNetVersion: Set ProjectVersion to 1.0.0.0. Version Checksum will be recalculated on next use.
[2019.01.25-14.38.39:661][  0]LogDerivedDataCache: Saved boot cache 0.08s 71MB C:/Users/Marty/AppData/Local/UnrealEngine/4.21/DerivedDataCache/Boot.ddc.
[2019.01.25-14.38.39:672][  0]LogInit: Texture streaming: Enabled
[2019.01.25-14.38.39:687][  0]LogEngineSessionManager: EngineSessionManager initialized
[2019.01.25-14.38.39:687][  0]LogEngineSessionManager: EngineSessionManager sent abnormal shutdown report. Type=Crashed, SessionId={08AF09B6-49E1-6CC5-33B8-A19BA608EACB}
[2019.01.25-14.38.39:701][  0]LogInit: Transaction tracking system initialized
[2019.01.25-14.38.39:719][  0]BlueprintLog: New page: Editor Load
[2019.01.25-14.38.39:784][  0]LocalizationService: Localization service is disabled
[2019.01.25-14.38.40:239][  0]LogFileCache: Scanning file cache for directory 'H:/Documents/GitHub/graphicsdesignproject/NethkenHall/Content/' took 0.02s
[2019.01.25-14.38.40:239][  0]LogCook: Display: Max memory allowance for cook 16384mb min free memory 0mb
[2019.01.25-14.38.40:239][  0]LogCook: Display: Mobile HDR setting 1
[2019.01.25-14.38.40:239][  0]LogGameplayTags: Display: UGameplayTagsManager::DoneAddingNativeTags. DelegateIsBound: 0
[2019.01.25-14.38.40:239][  0]LogStats: UGameplayTagsManager::ConstructGameplayTagTree: ImportINI prefixes -  0.000 s
[2019.01.25-14.38.40:239][  0]LogStats: UGameplayTagsManager::ConstructGameplayTagTree: Construct from data asset -  0.000 s
[2019.01.25-14.38.40:239][  0]LogStats: UGameplayTagsManager::ConstructGameplayTagTree: ImportINI -  0.000 s
[2019.01.25-14.38.40:239][  0]LogStats: UGameplayTagsManager::ConstructGameplayTagTree: GameplayTagTreeChangedEvent.Broadcast -  0.000 s
[2019.01.25-14.38.40:360][  0]SourceControl: Source control is disabled
[2019.01.25-14.38.40:360][  0]Cmd: MAP LOAD FILE="../../../../../../../Documents/GitHub/graphicsdesignproject/NethkenHall/Content/ThirdPersonBP/Maps/ThirdPersonExampleMap.umap" TEMPLATE=0 SHOWPROGRESS=1 FEATURELEVEL=3
[2019.01.25-14.38.40:361][  0]LightingResults: New page: Lighting Build
[2019.01.25-14.38.40:363][  0]MapCheck: New page: Map Check
[2019.01.25-14.38.40:363][  0]LightingResults: New page: Lighting Build
[2019.01.25-14.38.40:690][  0]LogLinker: Warning: Can't find file '/Game/Geometry/Meshes/coloredBrick2'
[2019.01.25-14.38.40:690][  0]LogLinker: Warning: Can't find file for asset '/Game/Geometry/Meshes/coloredBrick2' while loading ../../../../../../../Documents/GitHub/graphicsdesignproject/NethkenHall/Content/Geometry/Meshes/NethkenHall.uasset.
[2019.01.25-14.38.40:690][  0]LoadErrors: Error: /Game/Geometry/Meshes/NethkenHall : Can't find file for asset. /Game/Geometry/Meshes/coloredBrick2
[2019.01.25-14.38.40:745][  0]LogLinker: Warning: Can't find file '/Game/Geometry/Meshes/coloredBrick2'
[2019.01.25-14.38.40:745][  0]LogLinker: Warning: Can't find file for asset '/Game/Geometry/Meshes/coloredBrick2' while loading ../../../../../../../Documents/GitHub/graphicsdesignproject/NethkenHall/Content/Geometry/Meshes/NethkenHall.uasset.
[2019.01.25-14.38.40:745][  0]LoadErrors: Error: /Game/Geometry/Meshes/NethkenHall : Can't find file for asset. /Game/Geometry/Meshes/coloredBrick2
[2019.01.25-14.38.40:760][  0]LogPackageName: Error: DoesPackageExist: DoesPackageExist FAILED: '/Game/Geometry/Meshes/Radiator_Radiator 01_PhysicsAsset' is not a standard unreal filename or a long path name. Reason: Name may not contain the following characters: ' '
[2019.01.25-14.38.40:760][  0]LogLinker: Warning: Can't find file '/Game/Geometry/Meshes/Radiator_Radiator 01_PhysicsAsset'
[2019.01.25-14.38.40:760][  0]LogPackageName: Error: DoesPackageExist: DoesPackageExist FAILED: '/Game/Geometry/Meshes/Radiator_Radiator 01_PhysicsAsset' is not a standard unreal filename or a long path name. Reason: Name may not contain the following characters: ' '
[2019.01.25-14.38.40:760][  0]LogPackageName: Error: DoesPackageExist: DoesPackageExist FAILED: '/Game/Geometry/Meshes/Radiator_Radiator 01_PhysicsAsset' is not a standard unreal filename or a long path name. Reason: Name may not contain the following characters: ' '
[2019.01.25-14.38.40:760][  0]LogPackageName: Error: DoesPackageExist: DoesPackageExist FAILED: '/Game/Geometry/Meshes/Radiator_Radiator 01_PhysicsAsset' is not a standard unreal filename or a long path name. Reason: Name may not contain the following characters: ' '
[2019.01.25-14.38.40:760][  0]LogLinker: Warning: Can't find file for asset '/Game/Geometry/Meshes/Radiator_Radiator 01_PhysicsAsset' while loading ../../../../../../../Documents/GitHub/graphicsdesignproject/NethkenHall/Content/Geometry/Meshes/Radiator.uasset.
[2019.01.25-14.38.40:760][  0]LoadErrors: Error: /Game/Geometry/Meshes/Radiator : Can't find file for asset. /Game/Geometry/Meshes/Radiator_Radiator 01_PhysicsAsset
[2019.01.25-14.38.40:760][  0]LogPackageName: Error: DoesPackageExist: DoesPackageExist FAILED: '/Game/Geometry/Meshes/Radiator_Radiator 01_Skeleton' is not a standard unreal filename or a long path name. Reason: Name may not contain the following characters: ' '
[2019.01.25-14.38.40:760][  0]LogLinker: Warning: Can't find file '/Game/Geometry/Meshes/Radiator_Radiator 01_Skeleton'
[2019.01.25-14.38.40:760][  0]LogPackageName: Error: DoesPackageExist: DoesPackageExist FAILED: '/Game/Geometry/Meshes/Radiator_Radiator 01_Skeleton' is not a standard unreal filename or a long path name. Reason: Name may not contain the following characters: ' '
[2019.01.25-14.38.40:760][  0]LogPackageName: Error: DoesPackageExist: DoesPackageExist FAILED: '/Game/Geometry/Meshes/Radiator_Radiator 01_Skeleton' is not a standard unreal filename or a long path name. Reason: Name may not contain the following characters: ' '
[2019.01.25-14.38.40:760][  0]LogPackageName: Error: DoesPackageExist: DoesPackageExist FAILED: '/Game/Geometry/Meshes/Radiator_Radiator 01_Skeleton' is not a standard unreal filename or a long path name. Reason: Name may not contain the following characters: ' '
[2019.01.25-14.38.40:760][  0]LogLinker: Warning: Can't find file for asset '/Game/Geometry/Meshes/Radiator_Radiator 01_Skeleton' while loading ../../../../../../../Documents/GitHub/graphicsdesignproject/NethkenHall/Content/Geometry/Meshes/Radiator.uasset.
[2019.01.25-14.38.40:761][  0]LoadErrors: Error: /Game/Geometry/Meshes/Radiator : Can't find file for asset. /Game/Geometry/Meshes/Radiator_Radiator 01_Skeleton
[2019.01.25-14.38.40:761][  0]LogPackageName: Error: DoesPackageExist: DoesPackageExist FAILED: '/Game/Geometry/Meshes/Radiator_Radiator 02_PhysicsAsset' is not a standard unreal filename or a long path name. Reason: Name may not contain the following characters: ' '
[2019.01.25-14.38.40:761][  0]LogLinker: Warning: Can't find file '/Game/Geometry/Meshes/Radiator_Radiator 02_PhysicsAsset'
[2019.01.25-14.38.40:761][  0]LogPackageName: Error: DoesPackageExist: DoesPackageExist FAILED: '/Game/Geometry/Meshes/Radiator_Radiator 02_PhysicsAsset' is not a standard unreal filename or a long path name. Reason: Name may not contain the following characters: ' '
[2019.01.25-14.38.40:761][  0]LogPackageName: Error: DoesPackageExist: DoesPackageExist FAILED: '/Game/Geometry/Meshes/Radiator_Radiator 02_PhysicsAsset' is not a standard unreal filename or a long path name. Reason: Name may not contain the following characters: ' '
[2019.01.25-14.38.40:761][  0]LogPackageName: Error: DoesPackageExist: DoesPackageExist FAILED: '/Game/Geometry/Meshes/Radiator_Radiator 02_PhysicsAsset' is not a standard unreal filename or a long path name. Reason: Name may not contain the following characters: ' '
[2019.01.25-14.38.40:761][  0]LogLinker: Warning: Can't find file for asset '/Game/Geometry/Meshes/Radiator_Radiator 02_PhysicsAsset' while loading ../../../../../../../Documents/GitHub/graphicsdesignproject/NethkenHall/Content/Geometry/Meshes/Radiator.uasset.
[2019.01.25-14.38.40:761][  0]LoadErrors: Error: /Game/Geometry/Meshes/Radiator : Can't find file for asset. /Game/Geometry/Meshes/Radiator_Radiator 02_PhysicsAsset
[2019.01.25-14.38.40:761][  0]LogPackageName: Error: DoesPackageExist: DoesPackageExist FAILED: '/Game/Geometry/Meshes/Radiator_Radiator 02_Skeleton' is not a standard unreal filename or a long path name. Reason: Name may not contain the following characters: ' '
[2019.01.25-14.38.40:761][  0]LogLinker: Warning: Can't find file '/Game/Geometry/Meshes/Radiator_Radiator 02_Skeleton'
[2019.01.25-14.38.40:761][  0]LogPackageName: Error: DoesPackageExist: DoesPackageExist FAILED: '/Game/Geometry/Meshes/Radiator_Radiator 02_Skeleton' is not a standard unreal filename or a long path name. Reason: Name may not contain the following characters: ' '
[2019.01.25-14.38.40:761][  0]LogPackageName: Error: DoesPackageExist: DoesPackageExist FAILED: '/Game/Geometry/Meshes/Radiator_Radiator 02_Skeleton' is not a standard unreal filename or a long path name. Reason: Name may not contain the following characters: ' '
[2019.01.25-14.38.40:761][  0]LogPackageName: Error: DoesPackageExist: DoesPackageExist FAILED: '/Game/Geometry/Meshes/Radiator_Radiator 02_Skeleton' is not a standard unreal filename or a long path name. Reason: Name may not contain the following characters: ' '
[2019.01.25-14.38.40:761][  0]LogLinker: Warning: Can't find file for asset '/Game/Geometry/Meshes/Radiator_Radiator 02_Skeleton' while loading ../../../../../../../Documents/GitHub/graphicsdesignproject/NethkenHall/Content/Geometry/Meshes/Radiator.uasset.
[2019.01.25-14.38.40:761][  0]LoadErrors: Error: /Game/Geometry/Meshes/Radiator : Can't find file for asset. /Game/Geometry/Meshes/Radiator_Radiator 02_Skeleton
[2019.01.25-14.38.40:761][  0]LogPackageName: Error: DoesPackageExist: DoesPackageExist FAILED: '/Game/Geometry/Meshes/Radiator_Radiator 03_PhysicsAsset' is not a standard unreal filename or a long path name. Reason: Name may not contain the following characters: ' '
[2019.01.25-14.38.40:761][  0]LogLinker: Warning: Can't find file '/Game/Geometry/Meshes/Radiator_Radiator 03_PhysicsAsset'
[2019.01.25-14.38.40:761][  0]LogPackageName: Error: DoesPackageExist: DoesPackageExist FAILED: '/Game/Geometry/Meshes/Radiator_Radiator 03_PhysicsAsset' is not a standard unreal filename or a long path name. Reason: Name may not contain the following characters: ' '
[2019.01.25-14.38.40:761][  0]LogPackageName: Error: DoesPackageExist: DoesPackageExist FAILED: '/Game/Geometry/Meshes/Radiator_Radiator 03_PhysicsAsset' is not a standard unreal filename or a long path name. Reason: Name may not contain the following characters: ' '
[2019.01.25-14.38.40:761][  0]LogPackageName: Error: DoesPackageExist: DoesPackageExist FAILED: '/Game/Geometry/Meshes/Radiator_Radiator 03_PhysicsAsset' is not a standard unreal filename or a long path name. Reason: Name may not contain the following characters: ' '
[2019.01.25-14.38.40:761][  0]LogLinker: Warning: Can't find file for asset '/Game/Geometry/Meshes/Radiator_Radiator 03_PhysicsAsset' while loading ../../../../../../../Documents/GitHub/graphicsdesignproject/NethkenHall/Content/Geometry/Meshes/Radiator.uasset.
[2019.01.25-14.38.40:761][  0]LoadErrors: Error: /Game/Geometry/Meshes/Radiator : Can't find file for asset. /Game/Geometry/Meshes/Radiator_Radiator 03_PhysicsAsset
[2019.01.25-14.38.40:761][  0]LogPackageName: Error: DoesPackageExist: DoesPackageExist FAILED: '/Game/Geometry/Meshes/Radiator_Radiator 03_Skeleton' is not a standard unreal filename or a long path name. Reason: Name may not contain the following characters: ' '
[2019.01.25-14.38.40:761][  0]LogLinker: Warning: Can't find file '/Game/Geometry/Meshes/Radiator_Radiator 03_Skeleton'
[2019.01.25-14.38.40:762][  0]LogPackageName: Error: DoesPackageExist: DoesPackageExist FAILED: '/Game/Geometry/Meshes/Radiator_Radiator 03_Skeleton' is not a standard unreal filename or a long path name. Reason: Name may not contain the following characters: ' '
[2019.01.25-14.38.40:762][  0]LogPackageName: Error: DoesPackageExist: DoesPackageExist FAILED: '/Game/Geometry/Meshes/Radiator_Radiator 03_Skeleton' is not a standard unreal filename or a long path name. Reason: Name may not contain the following characters: ' '
[2019.01.25-14.38.40:762][  0]LogPackageName: Error: DoesPackageExist: DoesPackageExist FAILED: '/Game/Geometry/Meshes/Radiator_Radiator 03_Skeleton' is not a standard unreal filename or a long path name. Reason: Name may not contain the following characters: ' '
[2019.01.25-14.38.40:762][  0]LogLinker: Warning: Can't find file for asset '/Game/Geometry/Meshes/Radiator_Radiator 03_Skeleton' while loading ../../../../../../../Documents/GitHub/graphicsdesignproject/NethkenHall/Content/Geometry/Meshes/Radiator.uasset.
[2019.01.25-14.38.40:762][  0]LoadErrors: Error: /Game/Geometry/Meshes/Radiator : Can't find file for asset. /Game/Geometry/Meshes/Radiator_Radiator 03_Skeleton
[2019.01.25-14.38.40:762][  0]LogPackageName: Error: DoesPackageExist: DoesPackageExist FAILED: '/Game/Geometry/Meshes/Radiator_Radiator 01_PhysicsAsset' is not a standard unreal filename or a long path name. Reason: Name may not contain the following characters: ' '
[2019.01.25-14.38.40:762][  0]LogLinker: Warning: Can't find file '/Game/Geometry/Meshes/Radiator_Radiator 01_PhysicsAsset'
[2019.01.25-14.38.40:762][  0]LogPackageName: Error: DoesPackageExist: DoesPackageExist FAILED: '/Game/Geometry/Meshes/Radiator_Radiator 01_PhysicsAsset' is not a standard unreal filename or a long path name. Reason: Name may not contain the following characters: ' '
[2019.01.25-14.38.40:762][  0]LogLinker: Warning: Can't find file for asset '/Game/Geometry/Meshes/Radiator_Radiator 01_PhysicsAsset' while loading ../../../../../../../Documents/GitHub/graphicsdesignproject/NethkenHall/Content/Geometry/Meshes/Radiator.uasset.
[2019.01.25-14.38.40:762][  0]LoadErrors: Error: /Game/Geometry/Meshes/Radiator : Can't find file for asset. /Game/Geometry/Meshes/Radiator_Radiator 01_PhysicsAsset
[2019.01.25-14.38.40:762][  0]LogPackageName: Error: DoesPackageExist: DoesPackageExist FAILED: '/Game/Geometry/Meshes/Radiator_Radiator 02_PhysicsAsset' is not a standard unreal filename or a long path name. Reason: Name may not contain the following characters: ' '
[2019.01.25-14.38.40:762][  0]LogLinker: Warning: Can't find file '/Game/Geometry/Meshes/Radiator_Radiator 02_PhysicsAsset'
[2019.01.25-14.38.40:762][  0]LogPackageName: Error: DoesPackageExist: DoesPackageExist FAILED: '/Game/Geometry/Meshes/Radiator_Radiator 02_PhysicsAsset' is not a standard unreal filename or a long path name. Reason: Name may not contain the following characters: ' '
[2019.01.25-14.38.40:762][  0]LogLinker: Warning: Can't find file for asset '/Game/Geometry/Meshes/Radiator_Radiator 02_PhysicsAsset' while loading ../../../../../../../Documents/GitHub/graphicsdesignproject/NethkenHall/Content/Geometry/Meshes/Radiator.uasset.
[2019.01.25-14.38.40:762][  0]LoadErrors: Error: /Game/Geometry/Meshes/Radiator : Can't find file for asset. /Game/Geometry/Meshes/Radiator_Radiator 02_PhysicsAsset
[2019.01.25-14.38.40:762][  0]LogPackageName: Error: DoesPackageExist: DoesPackageExist FAILED: '/Game/Geometry/Meshes/Radiator_Radiator 03_PhysicsAsset' is not a standard unreal filename or a long path name. Reason: Name may not contain the following characters: ' '
[2019.01.25-14.38.40:762][  0]LogLinker: Warning: Can't find file '/Game/Geometry/Meshes/Radiator_Radiator 03_PhysicsAsset'
[2019.01.25-14.38.40:762][  0]LogPackageName: Error: DoesPackageExist: DoesPackageExist FAILED: '/Game/Geometry/Meshes/Radiator_Radiator 03_PhysicsAsset' is not a standard unreal filename or a long path name. Reason: Name may not contain the following characters: ' '
[2019.01.25-14.38.40:762][  0]LogLinker: Warning: Can't find file for asset '/Game/Geometry/Meshes/Radiator_Radiator 03_PhysicsAsset' while loading ../../../../../../../Documents/GitHub/graphicsdesignproject/NethkenHall/Content/Geometry/Meshes/Radiator.uasset.
[2019.01.25-14.38.40:762][  0]LoadErrors: Error: /Game/Geometry/Meshes/Radiator : Can't find file for asset. /Game/Geometry/Meshes/Radiator_Radiator 03_PhysicsAsset
[2019.01.25-14.38.40:762][  0]LogPackageName: Error: DoesPackageExist: DoesPackageExist FAILED: '/Game/Geometry/Meshes/Radiator_Radiator 01_Skeleton' is not a standard unreal filename or a long path name. Reason: Name may not contain the following characters: ' '
[2019.01.25-14.38.40:762][  0]LogLinker: Warning: Can't find file '/Game/Geometry/Meshes/Radiator_Radiator 01_Skeleton'
[2019.01.25-14.38.40:763][  0]LogPackageName: Error: DoesPackageExist: DoesPackageExist FAILED: '/Game/Geometry/Meshes/Radiator_Radiator 01_Skeleton' is not a standard unreal filename or a long path name. Reason: Name may not contain the following characters: ' '
[2019.01.25-14.38.40:763][  0]LogLinker: Warning: Can't find file for asset '/Game/Geometry/Meshes/Radiator_Radiator 01_Skeleton' while loading ../../../../../../../Documents/GitHub/graphicsdesignproject/NethkenHall/Content/Geometry/Meshes/Radiator.uasset.
[2019.01.25-14.38.40:763][  0]LoadErrors: Error: /Game/Geometry/Meshes/Radiator : Can't find file for asset. /Game/Geometry/Meshes/Radiator_Radiator 01_Skeleton
[2019.01.25-14.38.40:763][  0]LogPackageName: Error: DoesPackageExist: DoesPackageExist FAILED: '/Game/Geometry/Meshes/Radiator_Radiator 02_Skeleton' is not a standard unreal filename or a long path name. Reason: Name may not contain the following characters: ' '
[2019.01.25-14.38.40:763][  0]LogLinker: Warning: Can't find file '/Game/Geometry/Meshes/Radiator_Radiator 02_Skeleton'
[2019.01.25-14.38.40:763][  0]LogPackageName: Error: DoesPackageExist: DoesPackageExist FAILED: '/Game/Geometry/Meshes/Radiator_Radiator 02_Skeleton' is not a standard unreal filename or a long path name. Reason: Name may not contain the following characters: ' '
[2019.01.25-14.38.40:763][  0]LogLinker: Warning: Can't find file for asset '/Game/Geometry/Meshes/Radiator_Radiator 02_Skeleton' while loading ../../../../../../../Documents/GitHub/graphicsdesignproject/NethkenHall/Content/Geometry/Meshes/Radiator.uasset.
[2019.01.25-14.38.40:763][  0]LoadErrors: Error: /Game/Geometry/Meshes/Radiator : Can't find file for asset. /Game/Geometry/Meshes/Radiator_Radiator 02_Skeleton
[2019.01.25-14.38.40:763][  0]LogPackageName: Error: DoesPackageExist: DoesPackageExist FAILED: '/Game/Geometry/Meshes/Radiator_Radiator 03_Skeleton' is not a standard unreal filename or a long path name. Reason: Name may not contain the following characters: ' '
[2019.01.25-14.38.40:763][  0]LogLinker: Warning: Can't find file '/Game/Geometry/Meshes/Radiator_Radiator 03_Skeleton'
[2019.01.25-14.38.40:763][  0]LogPackageName: Error: DoesPackageExist: DoesPackageExist FAILED: '/Game/Geometry/Meshes/Radiator_Radiator 03_Skeleton' is not a standard unreal filename or a long path name. Reason: Name may not contain the following characters: ' '
[2019.01.25-14.38.40:763][  0]LogLinker: Warning: Can't find file for asset '/Game/Geometry/Meshes/Radiator_Radiator 03_Skeleton' while loading ../../../../../../../Documents/GitHub/graphicsdesignproject/NethkenHall/Content/Geometry/Meshes/Radiator.uasset.
[2019.01.25-14.38.40:763][  0]LoadErrors: Error: /Game/Geometry/Meshes/Radiator : Can't find file for asset. /Game/Geometry/Meshes/Radiator_Radiator 03_Skeleton
[2019.01.25-14.38.40:783][  0]LogLinker: Warning: Can't find file '/Game/StarterContent/Architecture/Nethken/lambert1'
[2019.01.25-14.38.40:783][  0]LogLinker: Warning: Can't find file for asset '/Game/StarterContent/Architecture/Nethken/lambert1' while loading ../../../../../../../Documents/GitHub/graphicsdesignproject/NethkenHall/Content/StarterContent/Architecture/Nethken/NethkenHall.uasset.
[2019.01.25-14.38.40:783][  0]LoadErrors: Error: /Game/StarterContent/Architecture/Nethken/NethkenHall : Can't find file for asset. /Game/StarterContent/Architecture/Nethken/lambert1
[2019.01.25-14.38.40:783][  0]LogLinker: Warning: Can't find file '/Game/StarterContent/Architecture/Nethken/lambert1'
[2019.01.25-14.38.40:783][  0]LogLinker: Warning: Can't find file for asset '/Game/StarterContent/Architecture/Nethken/lambert1' while loading ../../../../../../../Documents/GitHub/graphicsdesignproject/NethkenHall/Content/StarterContent/Architecture/Nethken/NethkenHall.uasset.
[2019.01.25-14.38.40:783][  0]LoadErrors: Error: /Game/StarterContent/Architecture/Nethken/NethkenHall : Can't find file for asset. /Game/StarterContent/Architecture/Nethken/lambert1
[2019.01.25-14.38.40:949][  0]LogLinker: Warning: Can't find file '/Game/StarterContent/Architecture/Nethken/lambert1'
[2019.01.25-14.38.40:949][  0]LoadErrors: Failed to load /Game/StarterContent/Architecture/Nethken/lambert1.lambert1 Referenced by NethkenHall
[2019.01.25-14.38.40:949][  0]LogLinker: Warning: Can't find file for asset '/Game/StarterContent/Architecture/Nethken/lambert1' while loading NULL.
[2019.01.25-14.38.40:949][  0]LoadErrors: Failed to load /Game/StarterContent/Architecture/Nethken/lambert1.lambert1 Referenced by NethkenHall
[2019.01.25-14.38.40:950][  0]LogLinker: Warning: Can't find file '/Game/StarterContent/Architecture/Nethken/lambert1'
[2019.01.25-14.38.40:950][  0]LoadErrors: Failed to load /Game/StarterContent/Architecture/Nethken/lambert1.lambert1 Referenced by NethkenHall
[2019.01.25-14.38.40:950][  0]LogLinker: Warning: Can't find file for asset '/Game/StarterContent/Architecture/Nethken/lambert1' while loading NULL.
[2019.01.25-14.38.40:950][  0]LoadErrors: Failed to load /Game/StarterContent/Architecture/Nethken/lambert1.lambert1 Referenced by NethkenHall
[2019.01.25-14.38.40:964][  0]LogPackageName: Error: DoesPackageExist: DoesPackageExist FAILED: '/Game/Geometry/Meshes/Radiator_Radiator 01_Skeleton' is not a standard unreal filename or a long path name. Reason: Name may not contain the following characters: ' '
[2019.01.25-14.38.40:964][  0]LogLinker: Warning: Can't find file '/Game/Geometry/Meshes/Radiator_Radiator 01_Skeleton'
[2019.01.25-14.38.40:964][  0]LoadErrors: Failed to load /Game/Geometry/Meshes/Radiator_Radiator 01_Skeleton.Radiator_Radiator 01_Skeleton Referenced by Radiator_Radiator 01
[2019.01.25-14.38.40:965][  0]LogPackageName: Error: DoesPackageExist: DoesPackageExist FAILED: '/Game/Geometry/Meshes/Radiator_Radiator 01_Skeleton' is not a standard unreal filename or a long path name. Reason: Name may not contain the following characters: ' '
[2019.01.25-14.38.40:965][  0]LogLinker: Warning: Can't find file for asset '/Game/Geometry/Meshes/Radiator_Radiator 01_Skeleton' while loading NULL.
[2019.01.25-14.38.40:965][  0]LoadErrors: Failed to load /Game/Geometry/Meshes/Radiator_Radiator 01_Skeleton.Radiator_Radiator 01_Skeleton Referenced by Radiator_Radiator 01
[2019.01.25-14.38.40:965][  0]LogPackageName: Error: DoesPackageExist: DoesPackageExist FAILED: '/Game/Geometry/Meshes/Radiator_Radiator 01_PhysicsAsset' is not a standard unreal filename or a long path name. Reason: Name may not contain the following characters: ' '
[2019.01.25-14.38.40:965][  0]LogLinker: Warning: Can't find file '/Game/Geometry/Meshes/Radiator_Radiator 01_PhysicsAsset'
[2019.01.25-14.38.40:965][  0]LoadErrors: Failed to load /Game/Geometry/Meshes/Radiator_Radiator 01_PhysicsAsset.Radiator_Radiator 01_PhysicsAsset Referenced by Radiator_Radiator 01
[2019.01.25-14.38.40:965][  0]LogPackageName: Error: DoesPackageExist: DoesPackageExist FAILED: '/Game/Geometry/Meshes/Radiator_Radiator 01_PhysicsAsset' is not a standard unreal filename or a long path name. Reason: Name may not contain the following characters: ' '
[2019.01.25-14.38.40:965][  0]LogLinker: Warning: Can't find file for asset '/Game/Geometry/Meshes/Radiator_Radiator 01_PhysicsAsset' while loading NULL.
[2019.01.25-14.38.40:965][  0]LoadErrors: Failed to load /Game/Geometry/Meshes/Radiator_Radiator 01_PhysicsAsset.Radiator_Radiator 01_PhysicsAsset Referenced by Radiator_Radiator 01
[2019.01.25-14.38.40:986][  0]LogPackageName: Error: DoesPackageExist: DoesPackageExist FAILED: '/Game/Geometry/Meshes/Radiator_Radiator 02_Skeleton' is not a standard unreal filename or a long path name. Reason: Name may not contain the following characters: ' '
[2019.01.25-14.38.40:986][  0]LogLinker: Warning: Can't find file '/Game/Geometry/Meshes/Radiator_Radiator 02_Skeleton'
[2019.01.25-14.38.40:987][  0]LoadErrors: Failed to load /Game/Geometry/Meshes/Radiator_Radiator 02_Skeleton.Radiator_Radiator 02_Skeleton Referenced by Radiator_Radiator 02
[2019.01.25-14.38.40:987][  0]LogPackageName: Error: DoesPackageExist: DoesPackageExist FAILED: '/Game/Geometry/Meshes/Radiator_Radiator 02_Skeleton' is not a standard unreal filename or a long path name. Reason: Name may not contain the following characters: ' '
[2019.01.25-14.38.40:987][  0]LogLinker: Warning: Can't find file for asset '/Game/Geometry/Meshes/Radiator_Radiator 02_Skeleton' while loading NULL.
[2019.01.25-14.38.40:987][  0]LoadErrors: Failed to load /Game/Geometry/Meshes/Radiator_Radiator 02_Skeleton.Radiator_Radiator 02_Skeleton Referenced by Radiator_Radiator 02
[2019.01.25-14.38.40:987][  0]LogPackageName: Error: DoesPackageExist: DoesPackageExist FAILED: '/Game/Geometry/Meshes/Radiator_Radiator 02_PhysicsAsset' is not a standard unreal filename or a long path name. Reason: Name may not contain the following characters: ' '
[2019.01.25-14.38.40:987][  0]LogLinker: Warning: Can't find file '/Game/Geometry/Meshes/Radiator_Radiator 02_PhysicsAsset'
[2019.01.25-14.38.40:987][  0]LoadErrors: Failed to load /Game/Geometry/Meshes/Radiator_Radiator 02_PhysicsAsset.Radiator_Radiator 02_PhysicsAsset Referenced by Radiator_Radiator 02
[2019.01.25-14.38.40:987][  0]LogPackageName: Error: DoesPackageExist: DoesPackageExist FAILED: '/Game/Geometry/Meshes/Radiator_Radiator 02_PhysicsAsset' is not a standard unreal filename or a long path name. Reason: Name may not contain the following characters: ' '
[2019.01.25-14.38.40:987][  0]LogLinker: Warning: Can't find file for asset '/Game/Geometry/Meshes/Radiator_Radiator 02_PhysicsAsset' while loading NULL.
[2019.01.25-14.38.40:987][  0]LoadErrors: Failed to load /Game/Geometry/Meshes/Radiator_Radiator 02_PhysicsAsset.Radiator_Radiator 02_PhysicsAsset Referenced by Radiator_Radiator 02
[2019.01.25-14.38.41:000][  0]LogPackageName: Error: DoesPackageExist: DoesPackageExist FAILED: '/Game/Geometry/Meshes/Radiator_Radiator 03_Skeleton' is not a standard unreal filename or a long path name. Reason: Name may not contain the following characters: ' '
[2019.01.25-14.38.41:000][  0]LogLinker: Warning: Can't find file '/Game/Geometry/Meshes/Radiator_Radiator 03_Skeleton'
[2019.01.25-14.38.41:000][  0]LoadErrors: Failed to load /Game/Geometry/Meshes/Radiator_Radiator 03_Skeleton.Radiator_Radiator 03_Skeleton Referenced by Radiator_Radiator 03
[2019.01.25-14.38.41:000][  0]LogPackageName: Error: DoesPackageExist: DoesPackageExist FAILED: '/Game/Geometry/Meshes/Radiator_Radiator 03_Skeleton' is not a standard unreal filename or a long path name. Reason: Name may not contain the following characters: ' '
[2019.01.25-14.38.41:000][  0]LogLinker: Warning: Can't find file for asset '/Game/Geometry/Meshes/Radiator_Radiator 03_Skeleton' while loading NULL.
[2019.01.25-14.38.41:000][  0]LoadErrors: Failed to load /Game/Geometry/Meshes/Radiator_Radiator 03_Skeleton.Radiator_Radiator 03_Skeleton Referenced by Radiator_Radiator 03
[2019.01.25-14.38.41:000][  0]LogPackageName: Error: DoesPackageExist: DoesPackageExist FAILED: '/Game/Geometry/Meshes/Radiator_Radiator 03_PhysicsAsset' is not a standard unreal filename or a long path name. Reason: Name may not contain the following characters: ' '
[2019.01.25-14.38.41:001][  0]LogLinker: Warning: Can't find file '/Game/Geometry/Meshes/Radiator_Radiator 03_PhysicsAsset'
[2019.01.25-14.38.41:001][  0]LoadErrors: Failed to load /Game/Geometry/Meshes/Radiator_Radiator 03_PhysicsAsset.Radiator_Radiator 03_PhysicsAsset Referenced by Radiator_Radiator 03
[2019.01.25-14.38.41:001][  0]LogPackageName: Error: DoesPackageExist: DoesPackageExist FAILED: '/Game/Geometry/Meshes/Radiator_Radiator 03_PhysicsAsset' is not a standard unreal filename or a long path name. Reason: Name may not contain the following characters: ' '
[2019.01.25-14.38.41:001][  0]LogLinker: Warning: Can't find file for asset '/Game/Geometry/Meshes/Radiator_Radiator 03_PhysicsAsset' while loading NULL.
[2019.01.25-14.38.41:001][  0]LoadErrors: Failed to load /Game/Geometry/Meshes/Radiator_Radiator 03_PhysicsAsset.Radiator_Radiator 03_PhysicsAsset Referenced by Radiator_Radiator 03
[2019.01.25-14.38.41:021][  0]LogLinker: Warning: Can't find file '/Game/Geometry/Meshes/coloredBrick2'
[2019.01.25-14.38.41:021][  0]LoadErrors: Failed to load /Game/Geometry/Meshes/coloredBrick2.coloredBrick2 Referenced by NethkenHall
[2019.01.25-14.38.41:021][  0]LogLinker: Warning: Can't find file for asset '/Game/Geometry/Meshes/coloredBrick2' while loading NULL.
[2019.01.25-14.38.41:021][  0]LoadErrors: Failed to load /Game/Geometry/Meshes/coloredBrick2.coloredBrick2 Referenced by NethkenHall
[2019.01.25-14.38.41:021][  0]LogLinker: Warning: Can't find file '/Game/Geometry/Meshes/coloredBrick2'
[2019.01.25-14.38.41:021][  0]LoadErrors: Failed to load /Game/Geometry/Meshes/coloredBrick2.coloredBrick2 Referenced by NethkenHall
[2019.01.25-14.38.41:021][  0]LogLinker: Warning: Can't find file for asset '/Game/Geometry/Meshes/coloredBrick2' while loading NULL.
[2019.01.25-14.38.41:021][  0]LoadErrors: Failed to load /Game/Geometry/Meshes/coloredBrick2.coloredBrick2 Referenced by NethkenHall
[2019.01.25-14.38.41:267][  0]LogMaterial: Display: Missing cached shader map for material presentRoom, compiling. 
[2019.01.25-14.38.41:267][  0]LogMaterial: Warning: H:\Documents\GitHub\graphicsdesignproject\NethkenHall\Content\Geometry\Meshes\presentRoom.uasset: Failed to compile Material for platform PCD3D_SM5, Default Material will be used in game.
[2019.01.25-14.38.41:267][  0]LogMaterial: 	(Node TextureSample) Texture Sample> Missing input texture
[2019.01.25-14.38.42:012][  0]LogAIModule: Creating AISystem for world ThirdPersonExampleMap
[2019.01.25-14.38.42:035][  0]LogEditorServer: Finished looking for orphan Actors (0.000 secs)
[2019.01.25-14.38.42:057][  0]Cmd: MAP CHECKDEP NOCLEARLOG
[2019.01.25-14.38.42:057][  0]MapCheck: Map check complete: 0 Error(s), 0 Warning(s), took 0.135ms to complete.
[2019.01.25-14.38.42:057][  0]LogFileHelpers: Loading map 'ThirdPersonExampleMap' took 1.697
[2019.01.25-14.38.42:163][  0]LogSlate: Updating window title bar state: overlay mode, drag disabled, window buttons hidden, title bar hidden
[2019.01.25-14.38.42:167][  0]LogSlate: Updating window title bar state: overlay mode, drag disabled, window buttons hidden, title bar hidden
[2019.01.25-14.38.42:186][  0]LogSlate: Updating window title bar state: overlay mode, drag disabled, window buttons hidden, title bar hidden
[2019.01.25-14.38.42:196][  0]LogSlate: Updating window title bar state: overlay mode, drag disabled, window buttons hidden, title bar hidden
[2019.01.25-14.38.42:203][  0]LogCollectionManager: Loaded 0 collections in 0.002094 seconds
[2019.01.25-14.38.42:219][  0]LogFileCache: Scanning file cache for directory 'H:/Documents/GitHub/graphicsdesignproject/NethkenHall/Saved/Collections/' took 0.01s
[2019.01.25-14.38.42:219][  0]LogFileCache: Scanning file cache for directory 'H:/Documents/GitHub/graphicsdesignproject/NethkenHall/Content/Developers/Marty/Collections/' took 0.00s
[2019.01.25-14.38.42:219][  0]LogFileCache: Scanning file cache for directory 'H:/Documents/GitHub/graphicsdesignproject/NethkenHall/Content/Collections/' took 0.00s
[2019.01.25-14.38.42:219][  0]LogCollectionManager: Rebuilt the GUID cache for 0 collections in 0.000000 seconds
[2019.01.25-14.38.42:229][  0]LogContentBrowser: Native class hierarchy populated in 0.0101 seconds. Added 2651 classes and 620 folders.
[2019.01.25-14.38.42:235][  0]LogContentBrowser: Native class hierarchy updated for 'WidgetCarousel' in 0.0002 seconds. Added 0 classes and 0 folders.
[2019.01.25-14.38.42:236][  0]LogPakFile: Registered encryption key '00000000000000000000000000000000': 0 pak files mounted, 0 remain pending
[2019.01.25-14.38.42:237][  0]LogPakFile: Registered encryption key '00000000000000000000000000000000': 0 pak files mounted, 0 remain pending
[2019.01.25-14.38.42:237][  0]LogPakFile: Registered encryption key '00000000000000000000000000000000': 0 pak files mounted, 0 remain pending
[2019.01.25-14.38.42:238][  0]LogPakFile: Registered encryption key '00000000000000000000000000000000': 0 pak files mounted, 0 remain pending
[2019.01.25-14.38.42:238][  0]LogPakFile: Registered encryption key '00000000000000000000000000000000': 0 pak files mounted, 0 remain pending
[2019.01.25-14.38.42:239][  0]LogPakFile: Registered encryption key '00000000000000000000000000000000': 0 pak files mounted, 0 remain pending
[2019.01.25-14.38.42:239][  0]LogPakFile: Registered encryption key '00000000000000000000000000000000': 0 pak files mounted, 0 remain pending
[2019.01.25-14.38.42:239][  0]LogPakFile: Registered encryption key '00000000000000000000000000000000': 0 pak files mounted, 0 remain pending
[2019.01.25-14.38.42:239][  0]LogPakFile: Registered encryption key '00000000000000000000000000000000': 0 pak files mounted, 0 remain pending
[2019.01.25-14.38.42:240][  0]LogPakFile: Registered encryption key '00000000000000000000000000000000': 0 pak files mounted, 0 remain pending
[2019.01.25-14.38.42:240][  0]LogPakFile: Registered encryption key '00000000000000000000000000000000': 0 pak files mounted, 0 remain pending
[2019.01.25-14.38.42:241][  0]LogPakFile: Registered encryption key '00000000000000000000000000000000': 0 pak files mounted, 0 remain pending
[2019.01.25-14.38.42:241][  0]LogPakFile: Registered encryption key '00000000000000000000000000000000': 0 pak files mounted, 0 remain pending
[2019.01.25-14.38.42:242][  0]LogPakFile: Registered encryption key '00000000000000000000000000000000': 0 pak files mounted, 0 remain pending
[2019.01.25-14.38.42:242][  0]LogPakFile: Registered encryption key '00000000000000000000000000000000': 0 pak files mounted, 0 remain pending
[2019.01.25-14.38.42:243][  0]LogPakFile: Registered encryption key '00000000000000000000000000000000': 0 pak files mounted, 0 remain pending
[2019.01.25-14.38.42:243][  0]LogPakFile: Registered encryption key '00000000000000000000000000000000': 0 pak files mounted, 0 remain pending
[2019.01.25-14.38.42:243][  0]LogPakFile: Registered encryption key '00000000000000000000000000000000': 0 pak files mounted, 0 remain pending
[2019.01.25-14.38.42:244][  0]LogPakFile: Registered encryption key '00000000000000000000000000000000': 0 pak files mounted, 0 remain pending
[2019.01.25-14.38.42:244][  0]LogPakFile: Registered encryption key '00000000000000000000000000000000': 0 pak files mounted, 0 remain pending
[2019.01.25-14.38.42:245][  0]LogPakFile: Registered encryption key '00000000000000000000000000000000': 0 pak files mounted, 0 remain pending
[2019.01.25-14.38.42:245][  0]LogPakFile: Registered encryption key '00000000000000000000000000000000': 0 pak files mounted, 0 remain pending
[2019.01.25-14.38.42:246][  0]LogPakFile: Registered encryption key '00000000000000000000000000000000': 0 pak files mounted, 0 remain pending
[2019.01.25-14.38.42:246][  0]LogPakFile: Registered encryption key '00000000000000000000000000000000': 0 pak files mounted, 0 remain pending
[2019.01.25-14.38.42:246][  0]LogPakFile: Registered encryption key '00000000000000000000000000000000': 0 pak files mounted, 0 remain pending
[2019.01.25-14.38.42:247][  0]LogPakFile: Registered encryption key '00000000000000000000000000000000': 0 pak files mounted, 0 remain pending
[2019.01.25-14.38.42:273][  0]LogContentBrowser: Native class hierarchy updated for 'AddContentDialog' in 0.0003 seconds. Added 0 classes and 0 folders.
[2019.01.25-14.38.42:278][  0]LogContentBrowser: Native class hierarchy updated for 'SceneOutliner' in 0.0003 seconds. Added 1 classes and 2 folders.
[2019.01.25-14.38.42:300][  0]LogSlate: Took 0.000186 seconds to synchronously load lazily loaded font '../../../Engine/Content/Slate/Fonts/Roboto-Regular.ttf' (155K)
[2019.01.25-14.38.42:303][  0]LogSlate: Took 0.000290 seconds to synchronously load lazily loaded font '../../../Engine/Content/Slate/Fonts/Roboto-Bold.ttf' (160K)
[2019.01.25-14.38.42:311][  0]LogSlate: Took 0.000231 seconds to synchronously load lazily loaded font '../../../Engine/Content/Editor/Slate/Fonts/FontAwesome.ttf' (139K)
[2019.01.25-14.38.42:466][  0]LogContentBrowser: Native class hierarchy updated for 'HierarchicalLODOutliner' in 0.0003 seconds. Added 0 classes and 0 folders.
[2019.01.25-14.38.42:466][  0]LogLoad: (Engine Initialization) Total time: 10.11 seconds
[2019.01.25-14.38.42:466][  0]LogLoad: (Engine Initialization) Total Blueprint compile time: 0.00 seconds
[2019.01.25-14.38.42:476][  0]LogWindowsTextInputMethodSystem: Display: IME system now deactivated.
[2019.01.25-14.38.42:524][  0]LogContentStreaming: Texture pool size now 1000 MB
[2019.01.25-14.38.42:529][  0]LogSlate: FSceneViewport::OnFocusLost() reason 2
[2019.01.25-14.38.42:595][  0]LogRenderer: Reallocating scene render targets to support 1208x488 Format 10 NumSamples 1 (Frame:1).
[2019.01.25-14.38.42:657][  0]LogSlate: Took 0.000191 seconds to synchronously load lazily loaded font '../../../Engine/Content/Slate/Fonts/Roboto-Light.ttf' (167K)
[2019.01.25-14.38.42:922][  2]LogAssetRegistry: Asset discovery search completed in 6.7040 seconds
[2019.01.25-14.38.42:923][  2]LogCollectionManager: Rebuilt the object cache for 0 collections in 0.000001 seconds (found 0 objects)
[2019.01.25-14.38.42:923][  2]LogCollectionManager: Fixed up redirectors for 0 collections in 0.000046 seconds (updated 0 objects)
[2019.01.25-14.38.42:972][  3]LogAnimation: Warning: SkeletalMesh Radiator_Radiator 01 has no skeleton. This needs to fixed before an animation can be set
[2019.01.25-14.38.42:994][  4]LogAnimation: Warning: SkeletalMesh Radiator_Radiator 02 has no skeleton. This needs to fixed before an animation can be set
[2019.01.25-14.38.42:994][  4]LogAnimation: Warning: SkeletalMesh Radiator_Radiator 03 has no skeleton. This needs to fixed before an animation can be set
[2019.01.25-14.38.45:679][273]LogSlate: Window 'Message Log' being destroyed
[2019.01.25-14.38.45:684][273]LogSlate: Window 'Message Log' being destroyed
[2019.01.25-14.38.51:493][896]LogAnimation: Warning: SkeletalMesh Radiator_Radiator 01 has no skeleton. This needs to fixed before an animation can be set
[2019.01.25-14.38.51:502][897]LogAnimation: Warning: SkeletalMesh Radiator_Radiator 02 has no skeleton. This needs to fixed before an animation can be set
[2019.01.25-14.38.51:502][897]LogAnimation: Warning: SkeletalMesh Radiator_Radiator 03 has no skeleton. This needs to fixed before an animation can be set
[2019.01.25-14.38.51:797][927]LogAnimation: Warning: SkeletalMesh Radiator_Radiator 01 has no skeleton. This needs to fixed before an animation can be set
[2019.01.25-14.38.51:806][928]LogAnimation: Warning: SkeletalMesh Radiator_Radiator 02 has no skeleton. This needs to fixed before an animation can be set
[2019.01.25-14.38.51:807][928]LogAnimation: Warning: SkeletalMesh Radiator_Radiator 03 has no skeleton. This needs to fixed before an animation can be set
[2019.01.25-14.38.52:081][955]LogAnimation: Warning: SkeletalMesh Radiator_Radiator 01 has no skeleton. This needs to fixed before an animation can be set
[2019.01.25-14.38.52:090][956]LogAnimation: Warning: SkeletalMesh Radiator_Radiator 02 has no skeleton. This needs to fixed before an animation can be set
[2019.01.25-14.38.52:090][956]LogAnimation: Warning: SkeletalMesh Radiator_Radiator 03 has no skeleton. This needs to fixed before an animation can be set
[2019.01.25-14.38.52:348][983]LogAnimation: Warning: SkeletalMesh Radiator_Radiator 01 has no skeleton. This needs to fixed before an animation can be set
[2019.01.25-14.38.52:357][984]LogAnimation: Warning: SkeletalMesh Radiator_Radiator 02 has no skeleton. This needs to fixed before an animation can be set
[2019.01.25-14.38.52:357][984]LogAnimation: Warning: SkeletalMesh Radiator_Radiator 03 has no skeleton. This needs to fixed before an animation can be set
[2019.01.25-14.38.52:700][ 16]LogAnimation: Warning: SkeletalMesh Radiator_Radiator 01 has no skeleton. This needs to fixed before an animation can be set
[2019.01.25-14.38.52:709][ 17]LogAnimation: Warning: SkeletalMesh Radiator_Radiator 02 has no skeleton. This needs to fixed before an animation can be set
[2019.01.25-14.38.52:709][ 17]LogAnimation: Warning: SkeletalMesh Radiator_Radiator 03 has no skeleton. This needs to fixed before an animation can be set
[2019.01.25-14.38.52:987][ 48]LogAnimation: Warning: SkeletalMesh Radiator_Radiator 01 has no skeleton. This needs to fixed before an animation can be set
[2019.01.25-14.38.52:995][ 49]LogAnimation: Warning: SkeletalMesh Radiator_Radiator 02 has no skeleton. This needs to fixed before an animation can be set
[2019.01.25-14.38.52:995][ 49]LogAnimation: Warning: SkeletalMesh Radiator_Radiator 03 has no skeleton. This needs to fixed before an animation can be set
[2019.01.25-14.38.53:271][ 80]LogAnimation: Warning: SkeletalMesh Radiator_Radiator 01 has no skeleton. This needs to fixed before an animation can be set
[2019.01.25-14.38.53:279][ 81]LogAnimation: Warning: SkeletalMesh Radiator_Radiator 02 has no skeleton. This needs to fixed before an animation can be set
[2019.01.25-14.38.53:279][ 81]LogAnimation: Warning: SkeletalMesh Radiator_Radiator 03 has no skeleton. This needs to fixed before an animation can be set
[2019.01.25-14.38.53:589][112]LogAnimation: Warning: SkeletalMesh Radiator_Radiator 01 has no skeleton. This needs to fixed before an animation can be set
[2019.01.25-14.38.53:599][113]LogAnimation: Warning: SkeletalMesh Radiator_Radiator 02 has no skeleton. This needs to fixed before an animation can be set
[2019.01.25-14.38.53:599][113]LogAnimation: Warning: SkeletalMesh Radiator_Radiator 03 has no skeleton. This needs to fixed before an animation can be set
[2019.01.25-14.38.53:784][133]LogAnimation: Warning: SkeletalMesh Radiator_Radiator 01 has no skeleton. This needs to fixed before an animation can be set
[2019.01.25-14.38.53:792][134]LogAnimation: Warning: SkeletalMesh Radiator_Radiator 02 has no skeleton. This needs to fixed before an animation can be set
[2019.01.25-14.38.53:792][134]LogAnimation: Warning: SkeletalMesh Radiator_Radiator 03 has no skeleton. This needs to fixed before an animation can be set
[2019.01.25-14.38.53:906][145]LogSlate: FSceneViewport::OnFocusLost() reason 0
[2019.01.25-14.38.54:025][158]LogAnimation: Warning: SkeletalMesh Radiator_Radiator 01 has no skeleton. This needs to fixed before an animation can be set
[2019.01.25-14.38.54:035][159]LogAnimation: Warning: SkeletalMesh Radiator_Radiator 02 has no skeleton. This needs to fixed before an animation can be set
[2019.01.25-14.38.54:035][159]LogAnimation: Warning: SkeletalMesh Radiator_Radiator 03 has no skeleton. This needs to fixed before an animation can be set
[2019.01.25-14.38.54:233][179]LogAnimation: Warning: SkeletalMesh Radiator_Radiator 01 has no skeleton. This needs to fixed before an animation can be set
[2019.01.25-14.38.54:244][180]LogAnimation: Warning: SkeletalMesh Radiator_Radiator 02 has no skeleton. This needs to fixed before an animation can be set
[2019.01.25-14.38.54:245][180]LogAnimation: Warning: SkeletalMesh Radiator_Radiator 03 has no skeleton. This needs to fixed before an animation can be set
[2019.01.25-14.38.54:538][209]LogAnimation: Warning: SkeletalMesh Radiator_Radiator 01 has no skeleton. This needs to fixed before an animation can be set
[2019.01.25-14.38.54:548][210]LogAnimation: Warning: SkeletalMesh Radiator_Radiator 02 has no skeleton. This needs to fixed before an animation can be set
[2019.01.25-14.38.54:549][210]LogAnimation: Warning: SkeletalMesh Radiator_Radiator 03 has no skeleton. This needs to fixed before an animation can be set
[2019.01.25-14.38.54:754][230]LogAnimation: Warning: SkeletalMesh Radiator_Radiator 01 has no skeleton. This needs to fixed before an animation can be set
[2019.01.25-14.38.54:765][231]LogAnimation: Warning: SkeletalMesh Radiator_Radiator 02 has no skeleton. This needs to fixed before an animation can be set
[2019.01.25-14.38.54:766][231]LogAnimation: Warning: SkeletalMesh Radiator_Radiator 03 has no skeleton. This needs to fixed before an animation can be set
[2019.01.25-14.38.55:010][251]LogAnimation: Warning: SkeletalMesh Radiator_Radiator 01 has no skeleton. This needs to fixed before an animation can be set
[2019.01.25-14.38.55:020][252]LogAnimation: Warning: SkeletalMesh Radiator_Radiator 02 has no skeleton. This needs to fixed before an animation can be set
[2019.01.25-14.38.55:021][252]LogAnimation: Warning: SkeletalMesh Radiator_Radiator 03 has no skeleton. This needs to fixed before an animation can be set
[2019.01.25-14.38.55:244][272]LogAnimation: Warning: SkeletalMesh Radiator_Radiator 01 has no skeleton. This needs to fixed before an animation can be set
[2019.01.25-14.38.55:254][273]LogAnimation: Warning: SkeletalMesh Radiator_Radiator 02 has no skeleton. This needs to fixed before an animation can be set
[2019.01.25-14.38.55:255][273]LogAnimation: Warning: SkeletalMesh Radiator_Radiator 03 has no skeleton. This needs to fixed before an animation can be set
[2019.01.25-14.38.55:451][293]LogAnimation: Warning: SkeletalMesh Radiator_Radiator 01 has no skeleton. This needs to fixed before an animation can be set
[2019.01.25-14.38.55:460][294]LogAnimation: Warning: SkeletalMesh Radiator_Radiator 02 has no skeleton. This needs to fixed before an animation can be set
[2019.01.25-14.38.55:460][294]LogAnimation: Warning: SkeletalMesh Radiator_Radiator 03 has no skeleton. This needs to fixed before an animation can be set
[2019.01.25-14.38.55:662][314]LogAnimation: Warning: SkeletalMesh Radiator_Radiator 01 has no skeleton. This needs to fixed before an animation can be set
[2019.01.25-14.38.55:672][315]LogAnimation: Warning: SkeletalMesh Radiator_Radiator 02 has no skeleton. This needs to fixed before an animation can be set
[2019.01.25-14.38.55:673][315]LogAnimation: Warning: SkeletalMesh Radiator_Radiator 03 has no skeleton. This needs to fixed before an animation can be set
[2019.01.25-14.38.57:627][542]LogEditorFactories: Performing atomic reimport of [H:/Documents/GitHub/graphicsdesignproject/NethkenHall/Import/NethkenHall.fbx]
[2019.01.25-14.38.57:630][542]LogSlate: Took 0.000193 seconds to synchronously load lazily loaded font '../../../Engine/Content/Slate/Fonts/Roboto-Light.ttf' (167K)
[2019.01.25-14.38.57:658][542]LogFbx: Loading FBX Scene from H:/Documents/GitHub/graphicsdesignproject/NethkenHall/Import/NethkenHall.fbx
[2019.01.25-14.38.57:844][542]LogFbx: FBX Scene Loaded Succesfully
[2019.01.25-14.38.57:868][542]LogFbx: Warning: Triangulating static mesh polySurface2
[2019.01.25-14.38.57:967][542]LogEditorFactories: Warning: -- import failed
[2019.01.25-14.38.57:980][542]FBXImport: Error: NethkenHall could not be created because all of its polygons are degenerate. 
[2019.01.25-14.38.57:993][542]LogPackageName: Error: DoesPackageExist: DoesPackageExist FAILED: 'None' is not a standard unreal filename or a long path name. Reason: Path should start with a '/'
[2019.01.25-14.38.58:026][543]LogWindows: Windows GetLastError: The operation completed successfully. (0)
[2019.01.25-14.38.58:916][543]LogThreadingWindows: Error: Runnable thread TaskGraphThreadNP 1 crashed.
[2019.01.25-14.38.58:916][543]LogWindows: Error: === Critical error: ===
[2019.01.25-14.38.58:916][543]LogWindows: Error: 
[2019.01.25-14.38.58:916][543]LogWindows: Error: Fatal error: [File:D:\Build\++UE4\Sync\Engine\Source\Runtime\Renderer\Private\DrawingPolicy.cpp] [Line: 95] 
[2019.01.25-14.38.58:916][543]LogWindows: Error: FMeshDrawingPolicy::DrawMesh - BatchElement has an index buffer object with null RHI resource (drawing using material "WorldGridMaterial")
[2019.01.25-14.38.58:916][543]LogWindows: Error: 
[2019.01.25-14.38.58:916][543]LogWindows: Error: 
[2019.01.25-14.38.58:916][543]LogWindows: Error: [Callstack] 0x00007ffeccbfa388 KERNELBASE.dll!UnknownFunction []
[2019.01.25-14.38.58:916][543]LogWindows: Error: [Callstack] 0x00007ffe93b6cd1a UE4Editor-Core.dll!UnknownFunction []
[2019.01.25-14.38.58:916][543]LogWindows: Error: [Callstack] 0x00007ffe9394a967 UE4Editor-Core.dll!UnknownFunction []
[2019.01.25-14.38.58:916][543]LogWindows: Error: [Callstack] 0x00007ffe93880df7 UE4Editor-Core.dll!UnknownFunction []
[2019.01.25-14.38.58:916][543]LogWindows: Error: [Callstack] 0x00007ffe64f7654f UE4Editor-Renderer.dll!UnknownFunction []
[2019.01.25-14.38.58:916][543]LogWindows: Error: [Callstack] 0x00007ffe64efc93f UE4Editor-Renderer.dll!UnknownFunction []
[2019.01.25-14.38.58:916][543]LogWindows: Error: [Callstack] 0x00007ffe64eff75c UE4Editor-Renderer.dll!UnknownFunction []
[2019.01.25-14.38.58:916][543]LogWindows: Error: [Callstack] 0x00007ffe64efb50b UE4Editor-Renderer.dll!UnknownFunction []
[2019.01.25-14.38.58:916][543]LogWindows: Error: [Callstack] 0x00007ffe64f02c83 UE4Editor-Renderer.dll!UnknownFunction []
[2019.01.25-14.38.58:916][543]LogWindows: Error: [Callstack] 0x00007ffe93710aec UE4Editor-Core.dll!UnknownFunction []
[2019.01.25-14.38.58:916][543]LogWindows: Error: [Callstack] 0x00007ffe93711d70 UE4Editor-Core.dll!UnknownFunction []
[2019.01.25-14.38.58:916][543]LogWindows: Error: [Callstack] 0x00007ffe9371baae UE4Editor-Core.dll!UnknownFunction []
[2019.01.25-14.38.58:916][543]LogWindows: Error: [Callstack] 0x00007ffe93b6c500 UE4Editor-Core.dll!UnknownFunction []
[2019.01.25-14.38.58:916][543]LogWindows: Error: [Callstack] 0x00007ffe93b5cac1 UE4Editor-Core.dll!UnknownFunction []
[2019.01.25-14.38.58:916][543]LogWindows: Error: [Callstack] 0x00007ffed0563034 KERNEL32.DLL!UnknownFunction []
[2019.01.25-14.38.58:916][543]LogWindows: Error: [Callstack] 0x00007ffed0813691 ntdll.dll!UnknownFunction []
[2019.01.25-14.38.58:916][543]LogWindows: Error: 
[2019.01.25-14.38.58:916][543]LogWindows: Error: Crash in runnable thread TaskGraphThreadNP 1
[2019.01.25-14.38.58:928][543]LogExit: Executing StaticShutdownAfterError
[2019.01.25-14.38.58:928][543]LogWindows: FPlatformMisc::RequestExit(1)
[2019.01.25-14.38.58:939][543]Log file closed, 01/25/19 08:38:58
