Log file open, 12/18/18 00:57:57
LogWindows: Failed to load 'aqProf.dll' (GetLastError=126)
LogWindows: File 'aqProf.dll' does not exist
LogWindows: Failed to load 'VtuneApi.dll' (GetLastError=126)
LogWindows: File 'VtuneApi.dll' does not exist
LogWindows: Failed to load 'VtuneApi32e.dll' (GetLastError=126)
LogWindows: File 'VtuneApi32e.dll' does not exist
LogConsoleResponse: Display: Failed to find resolution value strings in scalability ini. Falling back to default.
LogInit: Display: Running engine for game: NethkenHall
LogPakFile: Registered encryption key '00000000000000000000000000000000': 0 pak files mounted, 0 remain pending
LogPlatformFile: Not using cached read wrapper
LogTaskGraph: Started task graph with 5 named threads and 14 total threads with 3 sets of task threads.
LogStats: Stats thread started at 3.257684
LogD3D11RHI: Loaded GFSDK_Aftermath_Lib.x64.dll
LogICUInternationalization: ICU TimeZone Detection - Raw Offset: -6:00, Platform Override: ''
LogPluginManager: Mounting plugin Paper2D
LogPluginManager: Mounting plugin AISupport
LogPluginManager: Mounting plugin LightPropagationVolume
LogPluginManager: Mounting plugin ActorLayerUtilities
LogPluginManager: Mounting plugin CLionSourceCodeAccess
LogPluginManager: Mounting plugin CodeLiteSourceCodeAccess
LogPluginManager: Mounting plugin GitSourceControl
LogPluginManager: Mounting plugin KDevelopSourceCodeAccess
LogPluginManager: Mounting plugin NullSourceCodeAccess
LogPluginManager: Mounting plugin PerforceSourceControl
LogPluginManager: Mounting plugin SubversionSourceControl
LogPluginManager: Mounting plugin UObjectPlugin
LogPluginManager: Mounting plugin VisualStudioCodeSourceCodeAccess
LogPluginManager: Mounting plugin VisualStudioSourceCodeAccess
LogPluginManager: Mounting plugin XCodeSourceCodeAccess
LogPluginManager: Mounting plugin AssetManagerEditor
LogPluginManager: Mounting plugin CryptoKeys
LogPluginManager: Mounting plugin DataValidation
LogPluginManager: Mounting plugin EditorScriptingUtilities
LogPluginManager: Mounting plugin FacialAnimation
LogPluginManager: Mounting plugin GameplayTagsEditor
LogPluginManager: Mounting plugin MacGraphicsSwitching
LogPluginManager: Mounting plugin MeshEditor
LogPluginManager: Mounting plugin MobileLauncherProfileWizard
LogPluginManager: Mounting plugin PluginBrowser
LogPluginManager: Mounting plugin SpeedTreeImporter
LogPluginManager: Mounting plugin DatasmithContent
LogPluginManager: Mounting plugin VariantManagerContent
LogPluginManager: Mounting plugin AlembicImporter
LogPluginManager: Mounting plugin AppleImageUtils
LogPluginManager: Mounting plugin AppleVision
LogPluginManager: Mounting plugin BackChannel
LogPluginManager: Mounting plugin CharacterAI
LogPluginManager: Mounting plugin GeometryCache
LogPluginManager: Mounting plugin HTML5Networking
LogPluginManager: Mounting plugin ProxyLODPlugin
LogPluginManager: Mounting plugin MagicLeap
LogPluginManager: Mounting plugin MagicLeapMedia
LogPluginManager: Mounting plugin AndroidMedia
LogPluginManager: Mounting plugin AvfMedia
LogPluginManager: Mounting plugin ImgMedia
LogPluginManager: Mounting plugin LinearTimecode
LogPluginManager: Mounting plugin MediaCompositing
LogPluginManager: Mounting plugin MediaPlayerEditor
LogPluginManager: Mounting plugin WebMMedia
LogPluginManager: Mounting plugin WmfMedia
LogPluginManager: Mounting plugin TcpMessaging
LogPluginManager: Mounting plugin UdpMessaging
LogPluginManager: Mounting plugin ActorSequence
LogPluginManager: Mounting plugin LevelSequenceEditor
LogPluginManager: Mounting plugin MatineeToLevelSequence
LogPluginManager: Mounting plugin NetcodeUnitTest
LogPluginManager: Mounting plugin NUTUnrealEngine4
LogPluginManager: Mounting plugin OnlineSubsystemGooglePlay
LogPluginManager: Mounting plugin OnlineSubsystemIOS
LogPluginManager: Mounting plugin OnlineSubsystem
LogPluginManager: Mounting plugin OnlineSubsystemNull
LogPluginManager: Mounting plugin OnlineSubsystemUtils
LogPluginManager: Mounting plugin LauncherChunkInstaller
LogPluginManager: Mounting plugin AndroidDeviceProfileSelector
LogPluginManager: Mounting plugin AndroidMoviePlayer
LogPluginManager: Mounting plugin AndroidPermission
LogPluginManager: Mounting plugin AppleMoviePlayer
LogPluginManager: Mounting plugin ArchVisCharacter
LogPluginManager: Mounting plugin AudioCapture
LogPluginManager: Mounting plugin CableComponent
LogPluginManager: Mounting plugin CustomMeshComponent
LogPluginManager: Mounting plugin EditableMesh
LogPluginManager: Mounting plugin ExampleDeviceProfileSelector
LogPluginManager: Mounting plugin Firebase
LogPluginManager: Mounting plugin GoogleCloudMessaging
LogPluginManager: Mounting plugin IOSDeviceProfileSelector
LogPluginManager: Mounting plugin LinuxDeviceProfileSelector
LogPluginManager: Mounting plugin LocationServicesBPLibrary
LogPluginManager: Mounting plugin MobilePatchingUtils
LogPluginManager: Mounting plugin OculusVR
LogPluginManager: Mounting plugin PhysXVehicles
LogPluginManager: Mounting plugin ProceduralMeshComponent
LogPluginManager: Mounting plugin RuntimePhysXCooking
LogPluginManager: Mounting plugin SteamVR
LogPluginManager: Mounting plugin WebMMoviePlayer
LogPluginManager: Mounting plugin WindowsMoviePlayer
LogPluginManager: Mounting plugin DatasmithCADImporter
LogPluginManager: Mounting plugin DatasmithFBXImporter
LogPluginManager: Mounting plugin DatasmithImporter
LogPluginManager: Mounting plugin MDLImporter
LogPluginManager: Mounting plugin StaticMeshEditorExtension
LogPluginManager: Mounting plugin VariantManager
LogStreaming: Display: Took  0.266s to configure plugins.
LogInit: Using libcurl 7.55.1-DEV
LogInit:  - built for x86_64-pc-win32
LogInit:  - supports SSL with OpenSSL/1.0.2h
LogInit:  - supports HTTP deflate (compression) using libz 1.2.8
LogInit:  - other features:
LogInit:      CURL_VERSION_SSL
LogInit:      CURL_VERSION_LIBZ
LogInit:      CURL_VERSION_IPV6
LogInit:      CURL_VERSION_ASYNCHDNS
LogInit:      CURL_VERSION_LARGEFILE
LogInit:      CURL_VERSION_IDN
LogInit:  CurlRequestOptions (configurable via config and command line):
LogInit:  - bVerifyPeer = true  - Libcurl will verify peer certificate
LogInit:  - bUseHttpProxy = false  - Libcurl will NOT use HTTP proxy
LogInit:  - bDontReuseConnections = false  - Libcurl will reuse connections
LogInit:  - MaxHostConnections = 16  - Libcurl will limit the number of connections to a host
LogInit:  - LocalHostAddr = Default
LogInit:  - BufferSize = 65536
LogInit: WinSock: version 1.1 (2.2), MaxSocks=32767, MaxUdp=65467
LogInit: Build: ++UE4+Release-4.21-CL-4613538
LogInit: Engine Version: 4.21.1-4613538+++UE4+Release-4.21
LogInit: Compatible Engine Version: 4.21.0-4541578+++UE4+Release-4.21
LogInit: Net CL: 4541578
LogInit: OS: Windows 10 (), CPU: Intel(R) Core(TM) i5-6500 CPU @ 3.20GHz, GPU: NVIDIA GeForce GTX 1060 6GB
LogInit: Compiled (64-bit): Nov 30 2018 04:13:25
LogInit: Compiled with Visual C++: 19.13.26129.00
LogInit: Build Configuration: Development
LogInit: Branch Name: ++UE4+Release-4.21
LogInit: Command Line: 
LogInit: Base Directory: Z:/Epic Games/UE_4.21/Engine/Binaries/Win64/
LogInit: Installed Engine Build: 1
LogDevObjectVersion: Number of dev versions registered: 22
LogDevObjectVersion:   Dev-Blueprints (B0D832E4-1F89-4F0D-ACCF-7EB736FD4AA2): 10
LogDevObjectVersion:   Dev-Build (E1C64328-A22C-4D53-A36C-8E866417BD8C): 0
LogDevObjectVersion:   Dev-Core (375EC13C-06E4-48FB-B500-84F0262A717E): 2
LogDevObjectVersion:   Dev-Editor (E4B068ED-F494-42E9-A231-DA0B2E46BB41): 26
LogDevObjectVersion:   Dev-Framework (CFFC743F-43B0-4480-9391-14DF171D2073): 34
LogDevObjectVersion:   Dev-Mobile (B02B49B5-BB20-44E9-A304-32B752E40360): 2
LogDevObjectVersion:   Dev-Networking (A4E4105C-59A1-49B5-A7C5-40C4547EDFEE): 0
LogDevObjectVersion:   Dev-Online (39C831C9-5AE6-47DC-9A44-9C173E1C8E7C): 0
LogDevObjectVersion:   Dev-Physics (78F01B33-EBEA-4F98-B9B4-84EACCB95AA2): 0
LogDevObjectVersion:   Dev-Platform (6631380F-2D4D-43E0-8009-CF276956A95A): 0
LogDevObjectVersion:   Dev-Rendering (12F88B9F-8875-4AFC-A67C-D90C383ABD29): 27
LogDevObjectVersion:   Dev-Sequencer (7B5AE74C-D270-4C10-A958-57980B212A5A): 9
LogDevObjectVersion:   Dev-VR (D7296918-1DD6-4BDD-9DE2-64A83CC13884): 2
LogDevObjectVersion:   Dev-LoadTimes (C2A15278-BFE7-4AFE-6C17-90FF531DF755): 1
LogDevObjectVersion:   Private-Geometry (6EACA3D4-40EC-4CC1-B786-8BED09428FC5): 3
LogDevObjectVersion:   Dev-AnimPhys (29E575DD-E0A3-4627-9D10-D276232CDCEA): 17
LogDevObjectVersion:   Dev-Anim (AF43A65D-7FD3-4947-9873-3E8ED9C1BB05): 2
LogDevObjectVersion:   Dev-ReflectionCapture (6B266CEC-1EC7-4B8F-A30B-E4D90942FC07): 1
LogDevObjectVersion:   Dev-Automation (0DF73D61-A23F-47EA-B727-89E90C41499A): 1
LogDevObjectVersion:   FortniteMain (601D1886-AC64-4F84-AA16-D3DE0DEAC7D6): 17
LogDevObjectVersion:   Dev-Enterprise (9DFFBCD6-494F-0158-E221-12823C92A888): 4
LogDevObjectVersion:   Dev-Niagara (F2AED0AC-9AFE-416F-8664-AA7FFA26D6FC): 1
LogStreaming: Display: Took  0.002s to delete old logs.
LogInit: Presizing for max 8388607 objects, including 0 objects not considered by GC, pre-allocating 0 bytes for permanent pool.
LogInit: Object subsystem initialized
LogConfig: Setting CVar [[con.DebugEarlyDefault:1]]
LogConfig: Setting CVar [[r.setres:1280x720]]
[2018.12.18-06.58.00:215][  0]LogConfig: Setting CVar [[r.VSync:0]]
[2018.12.18-06.58.00:215][  0]LogConfig: Setting CVar [[r.RHICmdBypass:0]]
[2018.12.18-06.58.00:215][  0]LogConfig: Applying CVar settings from Section [/Script/Engine.RendererSettings] File [C:/Users/Davisync/Desktop/graphicsdesignproject/graphicsdesignproject/NethkenHall/Saved/Config/Windows/Engine.ini]
[2018.12.18-06.58.00:215][  0]LogConfig: Setting CVar [[r.GPUCrashDebugging:0]]
[2018.12.18-06.58.00:215][  0]LogConfig: Applying CVar settings from Section [/Script/Engine.RendererOverrideSettings] File [C:/Users/Davisync/Desktop/graphicsdesignproject/graphicsdesignproject/NethkenHall/Saved/Config/Windows/Engine.ini]
[2018.12.18-06.58.00:215][  0]LogConfig: Applying CVar settings from Section [/Script/Engine.StreamingSettings] File [C:/Users/Davisync/Desktop/graphicsdesignproject/graphicsdesignproject/NethkenHall/Saved/Config/Windows/Engine.ini]
[2018.12.18-06.58.00:215][  0]LogConfig: Setting CVar [[s.MinBulkDataSizeForAsyncLoading:131072]]
[2018.12.18-06.58.00:215][  0]LogConfig: Setting CVar [[s.AsyncLoadingThreadEnabled:0]]
[2018.12.18-06.58.00:215][  0]LogConfig: Setting CVar [[s.EventDrivenLoaderEnabled:1]]
[2018.12.18-06.58.00:215][  0]LogConfig: Setting CVar [[s.WarnIfTimeLimitExceeded:0]]
[2018.12.18-06.58.00:215][  0]LogConfig: Setting CVar [[s.TimeLimitExceededMultiplier:1.5]]
[2018.12.18-06.58.00:215][  0]LogConfig: Setting CVar [[s.TimeLimitExceededMinTime:0.005]]
[2018.12.18-06.58.00:215][  0]LogConfig: Setting CVar [[s.UseBackgroundLevelStreaming:1]]
[2018.12.18-06.58.00:215][  0]LogConfig: Setting CVar [[s.PriorityAsyncLoadingExtraTime:15.0]]
[2018.12.18-06.58.00:215][  0]LogConfig: Setting CVar [[s.LevelStreamingActorsUpdateTimeLimit:5.0]]
[2018.12.18-06.58.00:215][  0]LogConfig: Setting CVar [[s.PriorityLevelStreamingActorsUpdateExtraTime:5.0]]
[2018.12.18-06.58.00:215][  0]LogConfig: Setting CVar [[s.LevelStreamingComponentsRegistrationGranularity:10]]
[2018.12.18-06.58.00:215][  0]LogConfig: Setting CVar [[s.UnregisterComponentsTimeLimit:1.0]]
[2018.12.18-06.58.00:215][  0]LogConfig: Setting CVar [[s.LevelStreamingComponentsUnregistrationGranularity:5]]
[2018.12.18-06.58.00:215][  0]LogConfig: Applying CVar settings from Section [/Script/Engine.GarbageCollectionSettings] File [C:/Users/Davisync/Desktop/graphicsdesignproject/graphicsdesignproject/NethkenHall/Saved/Config/Windows/Engine.ini]
[2018.12.18-06.58.00:215][  0]LogConfig: Setting CVar [[gc.MaxObjectsNotConsideredByGC:1]]
[2018.12.18-06.58.00:215][  0]LogConfig: Setting CVar [[gc.SizeOfPermanentObjectPool:0]]
[2018.12.18-06.58.00:215][  0]LogConfig: Setting CVar [[gc.FlushStreamingOnGC:0]]
[2018.12.18-06.58.00:215][  0]LogConfig: Setting CVar [[gc.NumRetriesBeforeForcingGC:10]]
[2018.12.18-06.58.00:215][  0]LogConfig: Setting CVar [[gc.AllowParallelGC:1]]
[2018.12.18-06.58.00:215][  0]LogConfig: Setting CVar [[gc.TimeBetweenPurgingPendingKillObjects:61.1]]
[2018.12.18-06.58.00:215][  0]LogConfig: Setting CVar [[gc.MaxObjectsInEditor:8388607]]
[2018.12.18-06.58.00:215][  0]LogConfig: Setting CVar [[gc.IncrementalBeginDestroyEnabled:1]]
[2018.12.18-06.58.00:215][  0]LogConfig: Setting CVar [[gc.CreateGCClusters:1]]
[2018.12.18-06.58.00:215][  0]LogConfig: Setting CVar [[gc.MergeGCClusters:0]]
[2018.12.18-06.58.00:215][  0]LogConfig: Setting CVar [[gc.MinGCClusterSize:5]]
[2018.12.18-06.58.00:215][  0]LogConfig: Setting CVar [[gc.ActorClusteringEnabled:0]]
[2018.12.18-06.58.00:215][  0]LogConfig: Setting CVar [[gc.BlueprintClusteringEnabled:0]]
[2018.12.18-06.58.00:215][  0]LogConfig: Setting CVar [[gc.UseDisregardForGCOnDedicatedServers:0]]
[2018.12.18-06.58.00:215][  0]LogConfig: Applying CVar settings from Section [/Script/Engine.NetworkSettings] File [C:/Users/Davisync/Desktop/graphicsdesignproject/graphicsdesignproject/NethkenHall/Saved/Config/Windows/Engine.ini]
[2018.12.18-06.58.00:215][  0]LogConfig: Applying CVar settings from Section [/Script/UnrealEd.CookerSettings] File [C:/Users/Davisync/Desktop/graphicsdesignproject/graphicsdesignproject/NethkenHall/Saved/Config/Windows/Engine.ini]
[2018.12.18-06.58.00:294][  0]LogConfig: Applying CVar settings from Section [ViewDistanceQuality@3] File [C:/Users/Davisync/Desktop/graphicsdesignproject/graphicsdesignproject/NethkenHall/Saved/Config/Windows/Scalability.ini]
[2018.12.18-06.58.00:294][  0]LogConfig: Setting CVar [[r.SkeletalMeshLODBias:0]]
[2018.12.18-06.58.00:294][  0]LogConfig: Setting CVar [[r.ViewDistanceScale:1.0]]
[2018.12.18-06.58.00:294][  0]LogConfig: Applying CVar settings from Section [AntiAliasingQuality@3] File [C:/Users/Davisync/Desktop/graphicsdesignproject/graphicsdesignproject/NethkenHall/Saved/Config/Windows/Scalability.ini]
[2018.12.18-06.58.00:295][  0]LogConfig: Setting CVar [[r.PostProcessAAQuality:4]]
[2018.12.18-06.58.00:295][  0]LogConfig: Applying CVar settings from Section [ShadowQuality@3] File [C:/Users/Davisync/Desktop/graphicsdesignproject/graphicsdesignproject/NethkenHall/Saved/Config/Windows/Scalability.ini]
[2018.12.18-06.58.00:295][  0]LogConfig: Setting CVar [[r.LightFunctionQuality:1]]
[2018.12.18-06.58.00:295][  0]LogConfig: Setting CVar [[r.ShadowQuality:5]]
[2018.12.18-06.58.00:295][  0]LogConfig: Setting CVar [[r.Shadow.CSM.MaxCascades:10]]
[2018.12.18-06.58.00:295][  0]LogConfig: Setting CVar [[r.Shadow.MaxResolution:2048]]
[2018.12.18-06.58.00:295][  0]LogConfig: Setting CVar [[r.Shadow.MaxCSMResolution:2048]]
[2018.12.18-06.58.00:295][  0]LogConfig: Setting CVar [[r.Shadow.RadiusThreshold:0.01]]
[2018.12.18-06.58.00:295][  0]LogConfig: Setting CVar [[r.Shadow.DistanceScale:1.0]]
[2018.12.18-06.58.00:295][  0]LogConfig: Setting CVar [[r.Shadow.CSM.TransitionScale:1.0]]
[2018.12.18-06.58.00:295][  0]LogConfig: Setting CVar [[r.Shadow.PreShadowResolutionFactor:1.0]]
[2018.12.18-06.58.00:295][  0]LogConfig: Setting CVar [[r.DistanceFieldShadowing:1]]
[2018.12.18-06.58.00:295][  0]LogConfig: Setting CVar [[r.DistanceFieldAO:1]]
[2018.12.18-06.58.00:295][  0]LogConfig: Setting CVar [[r.AOQuality:2]]
[2018.12.18-06.58.00:295][  0]LogConfig: Setting CVar [[r.VolumetricFog:1]]
[2018.12.18-06.58.00:295][  0]LogConfig: Setting CVar [[r.VolumetricFog.GridPixelSize:8]]
[2018.12.18-06.58.00:295][  0]LogConfig: Setting CVar [[r.VolumetricFog.GridSizeZ:128]]
[2018.12.18-06.58.00:295][  0]LogConfig: Setting CVar [[r.VolumetricFog.HistoryMissSupersampleCount:4]]
[2018.12.18-06.58.00:295][  0]LogConfig: Setting CVar [[r.LightMaxDrawDistanceScale:1]]
[2018.12.18-06.58.00:295][  0]LogConfig: Setting CVar [[r.CapsuleShadows:1]]
[2018.12.18-06.58.00:295][  0]LogConfig: Applying CVar settings from Section [PostProcessQuality@3] File [C:/Users/Davisync/Desktop/graphicsdesignproject/graphicsdesignproject/NethkenHall/Saved/Config/Windows/Scalability.ini]
[2018.12.18-06.58.00:295][  0]LogConfig: Setting CVar [[r.MotionBlurQuality:4]]
[2018.12.18-06.58.00:295][  0]LogConfig: Setting CVar [[r.AmbientOcclusionMipLevelFactor:0.4]]
[2018.12.18-06.58.00:295][  0]LogConfig: Setting CVar [[r.AmbientOcclusionMaxQuality:100]]
[2018.12.18-06.58.00:295][  0]LogConfig: Setting CVar [[r.AmbientOcclusionLevels:-1]]
[2018.12.18-06.58.00:295][  0]LogConfig: Setting CVar [[r.AmbientOcclusionRadiusScale:1.0]]
[2018.12.18-06.58.00:295][  0]LogConfig: Setting CVar [[r.DepthOfFieldQuality:2]]
[2018.12.18-06.58.00:295][  0]LogConfig: Setting CVar [[r.RenderTargetPoolMin:400]]
[2018.12.18-06.58.00:295][  0]LogConfig: Setting CVar [[r.LensFlareQuality:2]]
[2018.12.18-06.58.00:295][  0]LogConfig: Setting CVar [[r.SceneColorFringeQuality:1]]
[2018.12.18-06.58.00:295][  0]LogConfig: Setting CVar [[r.EyeAdaptationQuality:2]]
[2018.12.18-06.58.00:295][  0]LogConfig: Setting CVar [[r.BloomQuality:5]]
[2018.12.18-06.58.00:295][  0]LogConfig: Setting CVar [[r.FastBlurThreshold:100]]
[2018.12.18-06.58.00:295][  0]LogConfig: Setting CVar [[r.Upscale.Quality:3]]
[2018.12.18-06.58.00:295][  0]LogConfig: Setting CVar [[r.Tonemapper.GrainQuantization:1]]
[2018.12.18-06.58.00:295][  0]LogConfig: Setting CVar [[r.LightShaftQuality:1]]
[2018.12.18-06.58.00:295][  0]LogConfig: Setting CVar [[r.Filter.SizeScale:1]]
[2018.12.18-06.58.00:295][  0]LogConfig: Setting CVar [[r.Tonemapper.Quality:5]]
[2018.12.18-06.58.00:295][  0]LogConfig: Setting CVar [[r.DOF.Gather.AccumulatorQuality:1        ; higher gathering accumulator quality]]
[2018.12.18-06.58.00:295][  0]LogConfig: Setting CVar [[r.DOF.Gather.PostfilterMethod:1          ; Median3x3 postfilering method]]
[2018.12.18-06.58.00:295][  0]LogConfig: Setting CVar [[r.DOF.Gather.EnableBokehSettings:0       ; no bokeh simulation when gathering]]
[2018.12.18-06.58.00:295][  0]LogConfig: Setting CVar [[r.DOF.Gather.RingCount:4                 ; medium number of samples when gathering]]
[2018.12.18-06.58.00:295][  0]LogConfig: Setting CVar [[r.DOF.Scatter.ForegroundCompositing:1    ; additive foreground scattering]]
[2018.12.18-06.58.00:295][  0]LogConfig: Setting CVar [[r.DOF.Scatter.BackgroundCompositing:2    ; additive background scattering]]
[2018.12.18-06.58.00:295][  0]LogConfig: Setting CVar [[r.DOF.Scatter.EnableBokehSettings:1      ; bokeh simulation when scattering]]
[2018.12.18-06.58.00:295][  0]LogConfig: Setting CVar [[r.DOF.Scatter.MaxSpriteRatio:0.1         ; only a maximum of 10% of scattered bokeh]]
[2018.12.18-06.58.00:295][  0]LogConfig: Setting CVar [[r.DOF.Recombine.Quality:1                ; cheap slight out of focus]]
[2018.12.18-06.58.00:295][  0]LogConfig: Setting CVar [[r.DOF.Recombine.EnableBokehSettings:0    ; no bokeh simulation on slight out of focus]]
[2018.12.18-06.58.00:295][  0]LogConfig: Setting CVar [[r.DOF.TemporalAAQuality:1                ; more stable temporal accumulation]]
[2018.12.18-06.58.00:295][  0]LogConfig: Setting CVar [[r.DOF.Kernel.MaxForegroundRadius:0.025]]
[2018.12.18-06.58.00:295][  0]LogConfig: Setting CVar [[r.DOF.Kernel.MaxBackgroundRadius:0.025]]
[2018.12.18-06.58.00:295][  0]LogConfig: Applying CVar settings from Section [TextureQuality@3] File [C:/Users/Davisync/Desktop/graphicsdesignproject/graphicsdesignproject/NethkenHall/Saved/Config/Windows/Scalability.ini]
[2018.12.18-06.58.00:295][  0]LogConfig: Setting CVar [[r.Streaming.MipBias:0]]
[2018.12.18-06.58.00:295][  0]LogConfig: Setting CVar [[r.Streaming.AmortizeCPUToGPUCopy:0]]
[2018.12.18-06.58.00:295][  0]LogConfig: Setting CVar [[r.Streaming.MaxNumTexturesToStreamPerFrame:0]]
[2018.12.18-06.58.00:295][  0]LogConfig: Setting CVar [[r.Streaming.Boost:1]]
[2018.12.18-06.58.00:295][  0]LogConfig: Setting CVar [[r.MaxAnisotropy:8]]
[2018.12.18-06.58.00:295][  0]LogConfig: Setting CVar [[r.Streaming.LimitPoolSizeToVRAM:0]]
[2018.12.18-06.58.00:295][  0]LogConfig: Setting CVar [[r.Streaming.PoolSize:1000]]
[2018.12.18-06.58.00:295][  0]LogConfig: Setting CVar [[r.Streaming.MaxEffectiveScreenSize:0]]
[2018.12.18-06.58.00:295][  0]LogConfig: Applying CVar settings from Section [EffectsQuality@3] File [C:/Users/Davisync/Desktop/graphicsdesignproject/graphicsdesignproject/NethkenHall/Saved/Config/Windows/Scalability.ini]
[2018.12.18-06.58.00:295][  0]LogConfig: Setting CVar [[r.TranslucencyLightingVolumeDim:64]]
[2018.12.18-06.58.00:295][  0]LogConfig: Setting CVar [[r.RefractionQuality:2]]
[2018.12.18-06.58.00:295][  0]LogConfig: Setting CVar [[r.SSR.Quality:3]]
[2018.12.18-06.58.00:295][  0]LogConfig: Setting CVar [[r.SceneColorFormat:4]]
[2018.12.18-06.58.00:295][  0]LogConfig: Setting CVar [[r.DetailMode:2]]
[2018.12.18-06.58.00:295][  0]LogConfig: Setting CVar [[r.TranslucencyVolumeBlur:1]]
[2018.12.18-06.58.00:295][  0]LogConfig: Setting CVar [[r.MaterialQualityLevel:1 ; High quality]]
[2018.12.18-06.58.00:295][  0]LogConfig: Setting CVar [[r.SSS.Scale:1]]
[2018.12.18-06.58.00:295][  0]LogConfig: Setting CVar [[r.SSS.SampleSet:2]]
[2018.12.18-06.58.00:295][  0]LogConfig: Setting CVar [[r.SSS.Quality:1]]
[2018.12.18-06.58.00:295][  0]LogConfig: Setting CVar [[r.SSS.HalfRes:1]]
[2018.12.18-06.58.00:296][  0]LogConfig: Setting CVar [[r.EmitterSpawnRateScale:1.0]]
[2018.12.18-06.58.00:296][  0]LogConfig: Setting CVar [[r.ParticleLightQuality:2]]
[2018.12.18-06.58.00:296][  0]LogConfig: Applying CVar settings from Section [FoliageQuality@3] File [C:/Users/Davisync/Desktop/graphicsdesignproject/graphicsdesignproject/NethkenHall/Saved/Config/Windows/Scalability.ini]
[2018.12.18-06.58.00:296][  0]LogConfig: Setting CVar [[foliage.DensityScale:1.0]]
[2018.12.18-06.58.00:296][  0]LogConfig: Setting CVar [[grass.DensityScale:1.0]]
[2018.12.18-06.58.00:302][  0]LogInit: Selected Device Profile: [Windows]
[2018.12.18-06.58.00:302][  0]LogInit: Applying CVar settings loaded from the selected device profile: [Windows]
[2018.12.18-06.58.00:400][  0]LogHAL: Display: Platform has ~ 16 GB [17141514240 / 17179869184 / 16], which maps to Larger [LargestMinGB=32, LargerMinGB=12, DefaultMinGB=8, SmallerMinGB=6, SmallestMinGB=0)
[2018.12.18-06.58.00:410][  0]LogConfig: Setting CVar [[r.Vulkan.UseRealUBs:1]]
[2018.12.18-06.58.00:410][  0]LogInit: Going up to parent DeviceProfile []
[2018.12.18-06.58.00:410][  0]LogConfig: Applying CVar settings from Section [ViewDistanceQuality@3] File [C:/Users/Davisync/Desktop/graphicsdesignproject/graphicsdesignproject/NethkenHall/Saved/Config/Windows/Scalability.ini]
[2018.12.18-06.58.00:410][  0]LogConfig: Setting CVar [[r.SkeletalMeshLODBias:0]]
[2018.12.18-06.58.00:410][  0]LogConfig: Setting CVar [[r.ViewDistanceScale:1.0]]
[2018.12.18-06.58.00:410][  0]LogConfig: Applying CVar settings from Section [AntiAliasingQuality@3] File [C:/Users/Davisync/Desktop/graphicsdesignproject/graphicsdesignproject/NethkenHall/Saved/Config/Windows/Scalability.ini]
[2018.12.18-06.58.00:410][  0]LogConfig: Setting CVar [[r.PostProcessAAQuality:4]]
[2018.12.18-06.58.00:410][  0]LogConfig: Applying CVar settings from Section [ShadowQuality@3] File [C:/Users/Davisync/Desktop/graphicsdesignproject/graphicsdesignproject/NethkenHall/Saved/Config/Windows/Scalability.ini]
[2018.12.18-06.58.00:410][  0]LogConfig: Setting CVar [[r.LightFunctionQuality:1]]
[2018.12.18-06.58.00:410][  0]LogConfig: Setting CVar [[r.ShadowQuality:5]]
[2018.12.18-06.58.00:410][  0]LogConfig: Setting CVar [[r.Shadow.CSM.MaxCascades:10]]
[2018.12.18-06.58.00:410][  0]LogConfig: Setting CVar [[r.Shadow.MaxResolution:2048]]
[2018.12.18-06.58.00:410][  0]LogConfig: Setting CVar [[r.Shadow.MaxCSMResolution:2048]]
[2018.12.18-06.58.00:410][  0]LogConfig: Setting CVar [[r.Shadow.RadiusThreshold:0.01]]
[2018.12.18-06.58.00:410][  0]LogConfig: Setting CVar [[r.Shadow.DistanceScale:1.0]]
[2018.12.18-06.58.00:410][  0]LogConfig: Setting CVar [[r.Shadow.CSM.TransitionScale:1.0]]
[2018.12.18-06.58.00:410][  0]LogConfig: Setting CVar [[r.Shadow.PreShadowResolutionFactor:1.0]]
[2018.12.18-06.58.00:410][  0]LogConfig: Setting CVar [[r.DistanceFieldShadowing:1]]
[2018.12.18-06.58.00:410][  0]LogConfig: Setting CVar [[r.DistanceFieldAO:1]]
[2018.12.18-06.58.00:410][  0]LogConfig: Setting CVar [[r.AOQuality:2]]
[2018.12.18-06.58.00:410][  0]LogConfig: Setting CVar [[r.VolumetricFog:1]]
[2018.12.18-06.58.00:410][  0]LogConfig: Setting CVar [[r.VolumetricFog.GridPixelSize:8]]
[2018.12.18-06.58.00:410][  0]LogConfig: Setting CVar [[r.VolumetricFog.GridSizeZ:128]]
[2018.12.18-06.58.00:410][  0]LogConfig: Setting CVar [[r.VolumetricFog.HistoryMissSupersampleCount:4]]
[2018.12.18-06.58.00:410][  0]LogConfig: Setting CVar [[r.LightMaxDrawDistanceScale:1]]
[2018.12.18-06.58.00:410][  0]LogConfig: Setting CVar [[r.CapsuleShadows:1]]
[2018.12.18-06.58.00:410][  0]LogConfig: Applying CVar settings from Section [PostProcessQuality@3] File [C:/Users/Davisync/Desktop/graphicsdesignproject/graphicsdesignproject/NethkenHall/Saved/Config/Windows/Scalability.ini]
[2018.12.18-06.58.00:410][  0]LogConfig: Setting CVar [[r.MotionBlurQuality:4]]
[2018.12.18-06.58.00:410][  0]LogConfig: Setting CVar [[r.AmbientOcclusionMipLevelFactor:0.4]]
[2018.12.18-06.58.00:410][  0]LogConfig: Setting CVar [[r.AmbientOcclusionMaxQuality:100]]
[2018.12.18-06.58.00:410][  0]LogConfig: Setting CVar [[r.AmbientOcclusionLevels:-1]]
[2018.12.18-06.58.00:410][  0]LogConfig: Setting CVar [[r.AmbientOcclusionRadiusScale:1.0]]
[2018.12.18-06.58.00:410][  0]LogConfig: Setting CVar [[r.DepthOfFieldQuality:2]]
[2018.12.18-06.58.00:410][  0]LogConfig: Setting CVar [[r.RenderTargetPoolMin:400]]
[2018.12.18-06.58.00:410][  0]LogConfig: Setting CVar [[r.LensFlareQuality:2]]
[2018.12.18-06.58.00:410][  0]LogConfig: Setting CVar [[r.SceneColorFringeQuality:1]]
[2018.12.18-06.58.00:410][  0]LogConfig: Setting CVar [[r.EyeAdaptationQuality:2]]
[2018.12.18-06.58.00:410][  0]LogConfig: Setting CVar [[r.BloomQuality:5]]
[2018.12.18-06.58.00:410][  0]LogConfig: Setting CVar [[r.FastBlurThreshold:100]]
[2018.12.18-06.58.00:410][  0]LogConfig: Setting CVar [[r.Upscale.Quality:3]]
[2018.12.18-06.58.00:410][  0]LogConfig: Setting CVar [[r.Tonemapper.GrainQuantization:1]]
[2018.12.18-06.58.00:410][  0]LogConfig: Setting CVar [[r.LightShaftQuality:1]]
[2018.12.18-06.58.00:410][  0]LogConfig: Setting CVar [[r.Filter.SizeScale:1]]
[2018.12.18-06.58.00:410][  0]LogConfig: Setting CVar [[r.Tonemapper.Quality:5]]
[2018.12.18-06.58.00:410][  0]LogConfig: Setting CVar [[r.DOF.Gather.AccumulatorQuality:1        ; higher gathering accumulator quality]]
[2018.12.18-06.58.00:410][  0]LogConfig: Setting CVar [[r.DOF.Gather.PostfilterMethod:1          ; Median3x3 postfilering method]]
[2018.12.18-06.58.00:410][  0]LogConfig: Setting CVar [[r.DOF.Gather.EnableBokehSettings:0       ; no bokeh simulation when gathering]]
[2018.12.18-06.58.00:410][  0]LogConfig: Setting CVar [[r.DOF.Gather.RingCount:4                 ; medium number of samples when gathering]]
[2018.12.18-06.58.00:410][  0]LogConfig: Setting CVar [[r.DOF.Scatter.ForegroundCompositing:1    ; additive foreground scattering]]
[2018.12.18-06.58.00:410][  0]LogConfig: Setting CVar [[r.DOF.Scatter.BackgroundCompositing:2    ; additive background scattering]]
[2018.12.18-06.58.00:410][  0]LogConfig: Setting CVar [[r.DOF.Scatter.EnableBokehSettings:1      ; bokeh simulation when scattering]]
[2018.12.18-06.58.00:410][  0]LogConfig: Setting CVar [[r.DOF.Scatter.MaxSpriteRatio:0.1         ; only a maximum of 10% of scattered bokeh]]
[2018.12.18-06.58.00:410][  0]LogConfig: Setting CVar [[r.DOF.Recombine.Quality:1                ; cheap slight out of focus]]
[2018.12.18-06.58.00:410][  0]LogConfig: Setting CVar [[r.DOF.Recombine.EnableBokehSettings:0    ; no bokeh simulation on slight out of focus]]
[2018.12.18-06.58.00:410][  0]LogConfig: Setting CVar [[r.DOF.TemporalAAQuality:1                ; more stable temporal accumulation]]
[2018.12.18-06.58.00:410][  0]LogConfig: Setting CVar [[r.DOF.Kernel.MaxForegroundRadius:0.025]]
[2018.12.18-06.58.00:410][  0]LogConfig: Setting CVar [[r.DOF.Kernel.MaxBackgroundRadius:0.025]]
[2018.12.18-06.58.00:410][  0]LogConfig: Applying CVar settings from Section [TextureQuality@3] File [C:/Users/Davisync/Desktop/graphicsdesignproject/graphicsdesignproject/NethkenHall/Saved/Config/Windows/Scalability.ini]
[2018.12.18-06.58.00:411][  0]LogConfig: Setting CVar [[r.Streaming.MipBias:0]]
[2018.12.18-06.58.00:411][  0]LogConfig: Setting CVar [[r.Streaming.AmortizeCPUToGPUCopy:0]]
[2018.12.18-06.58.00:411][  0]LogConfig: Setting CVar [[r.Streaming.MaxNumTexturesToStreamPerFrame:0]]
[2018.12.18-06.58.00:411][  0]LogConfig: Setting CVar [[r.Streaming.Boost:1]]
[2018.12.18-06.58.00:411][  0]LogConfig: Setting CVar [[r.MaxAnisotropy:8]]
[2018.12.18-06.58.00:411][  0]LogConfig: Setting CVar [[r.Streaming.LimitPoolSizeToVRAM:0]]
[2018.12.18-06.58.00:411][  0]LogConfig: Setting CVar [[r.Streaming.PoolSize:1000]]
[2018.12.18-06.58.00:411][  0]LogConfig: Setting CVar [[r.Streaming.MaxEffectiveScreenSize:0]]
[2018.12.18-06.58.00:411][  0]LogConfig: Applying CVar settings from Section [EffectsQuality@3] File [C:/Users/Davisync/Desktop/graphicsdesignproject/graphicsdesignproject/NethkenHall/Saved/Config/Windows/Scalability.ini]
[2018.12.18-06.58.00:411][  0]LogConfig: Setting CVar [[r.TranslucencyLightingVolumeDim:64]]
[2018.12.18-06.58.00:411][  0]LogConfig: Setting CVar [[r.RefractionQuality:2]]
[2018.12.18-06.58.00:411][  0]LogConfig: Setting CVar [[r.SSR.Quality:3]]
[2018.12.18-06.58.00:411][  0]LogConfig: Setting CVar [[r.SceneColorFormat:4]]
[2018.12.18-06.58.00:411][  0]LogConfig: Setting CVar [[r.DetailMode:2]]
[2018.12.18-06.58.00:411][  0]LogConfig: Setting CVar [[r.TranslucencyVolumeBlur:1]]
[2018.12.18-06.58.00:411][  0]LogConfig: Setting CVar [[r.MaterialQualityLevel:1 ; High quality]]
[2018.12.18-06.58.00:411][  0]LogConfig: Setting CVar [[r.SSS.Scale:1]]
[2018.12.18-06.58.00:411][  0]LogConfig: Setting CVar [[r.SSS.SampleSet:2]]
[2018.12.18-06.58.00:411][  0]LogConfig: Setting CVar [[r.SSS.Quality:1]]
[2018.12.18-06.58.00:411][  0]LogConfig: Setting CVar [[r.SSS.HalfRes:1]]
[2018.12.18-06.58.00:411][  0]LogConfig: Setting CVar [[r.EmitterSpawnRateScale:1.0]]
[2018.12.18-06.58.00:411][  0]LogConfig: Setting CVar [[r.ParticleLightQuality:2]]
[2018.12.18-06.58.00:411][  0]LogConfig: Applying CVar settings from Section [FoliageQuality@3] File [C:/Users/Davisync/Desktop/graphicsdesignproject/graphicsdesignproject/NethkenHall/Saved/Config/Windows/Scalability.ini]
[2018.12.18-06.58.00:411][  0]LogConfig: Setting CVar [[foliage.DensityScale:1.0]]
[2018.12.18-06.58.00:411][  0]LogConfig: Setting CVar [[grass.DensityScale:1.0]]
[2018.12.18-06.58.00:411][  0]LogConfig: Applying CVar settings from Section [Startup] File [../../../Engine/Config/ConsoleVariables.ini]
[2018.12.18-06.58.00:431][  0]LogConfig: Setting CVar [[net.UseAdaptiveNetUpdateFrequency:0]]
[2018.12.18-06.58.00:431][  0]LogConfig: Applying CVar settings from Section [ConsoleVariables] File [C:/Users/Davisync/Desktop/graphicsdesignproject/graphicsdesignproject/NethkenHall/Saved/Config/Windows/Engine.ini]
[2018.12.18-06.58.00:460][  0]LogInit: Computer: DESKTOP-QC3JOJN
[2018.12.18-06.58.00:460][  0]LogInit: User: Davisync
[2018.12.18-06.58.00:460][  0]LogInit: CPU Page size=4096, Cores=4
[2018.12.18-06.58.00:460][  0]LogInit: High frequency timer resolution =3.117188 MHz
[2018.12.18-06.58.00:461][  0]LogMemory: Memory total: Physical=16.0GB (16GB approx)
[2018.12.18-06.58.00:461][  0]LogMemory: Platform Memory Stats for Windows
[2018.12.18-06.58.00:461][  0]LogMemory: Process Physical Memory: 101.91 MB used, 101.91 MB peak
[2018.12.18-06.58.00:461][  0]LogMemory: Process Virtual Memory: 84.60 MB used, 84.60 MB peak
[2018.12.18-06.58.00:461][  0]LogMemory: Physical Memory: 6112.27 MB used,  10235.16 MB free, 16347.42 MB total
[2018.12.18-06.58.00:461][  0]LogMemory: Virtual Memory: 4628.12 MB used,  134213096.00 MB free, 134217728.00 MB total
[2018.12.18-06.58.01:387][  0]LogInit: Using OS detected language (en-US).
[2018.12.18-06.58.01:387][  0]LogInit: Using OS detected locale (en-US).
[2018.12.18-06.58.01:455][  0]LogTextLocalizationManager: No specific localization for 'en-US' exists, so the 'en' localization will be used.
[2018.12.18-06.58.02:395][  0]LogStreaming: Display: Took  0.954s to InitEngineTextLocalization.
[2018.12.18-06.58.02:406][  0]LogInit: Setting process to per monitor DPI aware
[2018.12.18-06.58.03:279][  0]LogSlate: New Slate User Created.  User Index 0, Is Virtual User: 0
[2018.12.18-06.58.03:279][  0]LogSlate: Slate User Registered.  User Index 0, Is Virtual User: 0
[2018.12.18-06.58.06:974][  0]LogHMD: Failed to initialize OpenVR with code 110
[2018.12.18-06.58.06:974][  0]LogD3D11RHI: D3D11 adapters:
[2018.12.18-06.58.07:031][  0]LogD3D11RHI:    0. 'NVIDIA GeForce GTX 1060 6GB' (Feature Level 11_0)
[2018.12.18-06.58.07:031][  0]LogD3D11RHI:       6052/0/8173 MB DedicatedVideo/DedicatedSystem/SharedSystem, Outputs:1, VendorId:0x10de
[2018.12.18-06.58.07:034][  0]LogD3D11RHI:    1. 'Microsoft Basic Render Driver' (Feature Level 11_0)
[2018.12.18-06.58.07:034][  0]LogD3D11RHI:       0/0/8173 MB DedicatedVideo/DedicatedSystem/SharedSystem, Outputs:0, VendorId:0x1414
[2018.12.18-06.58.07:034][  0]LogD3D11RHI: Chosen D3D11 Adapter: 0
[2018.12.18-06.58.07:042][  0]LogD3D11RHI: Creating new Direct3DDevice
[2018.12.18-06.58.07:042][  0]LogD3D11RHI:     GPU DeviceId: 0x1c03 (for the marketing name, search the web for "GPU Device Id")
[2018.12.18-06.58.07:042][  0]LogWindows: EnumDisplayDevices:
[2018.12.18-06.58.07:042][  0]LogWindows:    0. 'NVIDIA GeForce GTX 1060 6GB' (P:1 D:1)
[2018.12.18-06.58.07:042][  0]LogWindows:    1. 'NVIDIA GeForce GTX 1060 6GB' (P:0 D:0)
[2018.12.18-06.58.07:042][  0]LogWindows:    2. 'NVIDIA GeForce GTX 1060 6GB' (P:0 D:0)
[2018.12.18-06.58.07:042][  0]LogWindows:    3. 'NVIDIA GeForce GTX 1060 6GB' (P:0 D:0)
[2018.12.18-06.58.07:043][  0]LogWindows: DebugString: FoundDriverCount:4 
[2018.12.18-06.58.07:043][  0]LogD3D11RHI:     Adapter Name: NVIDIA GeForce GTX 1060 6GB
[2018.12.18-06.58.07:044][  0]LogD3D11RHI:   Driver Version: 416.94 (internal:25.21.14.1694, unified:416.94)
[2018.12.18-06.58.07:044][  0]LogD3D11RHI:      Driver Date: 11-12-2018
[2018.12.18-06.58.07:045][  0]LogRHI: Texture pool is 4236 MB (70% of 6052 MB)
[2018.12.18-06.58.07:089][  0]LogD3D11RHI: Async texture creation enabled
[2018.12.18-06.58.07:340][  0]LogD3D11RHI: GPU Timing Frequency: 1000.000000 (Debug: 2 2)
[2018.12.18-06.58.08:276][  0]LogTemp: Display: Loaded TP AllDesktopTargetPlatform
[2018.12.18-06.58.08:334][  0]LogTemp: Display: Loaded TP MacClientTargetPlatform
[2018.12.18-06.58.08:360][  0]LogTemp: Display: Loaded TP MacNoEditorTargetPlatform
[2018.12.18-06.58.08:382][  0]LogTemp: Display: Loaded TP MacServerTargetPlatform
[2018.12.18-06.58.08:420][  0]LogTemp: Display: Loaded TP MacTargetPlatform
[2018.12.18-06.58.08:468][  0]LogTemp: Display: Loaded TP WindowsClientTargetPlatform
[2018.12.18-06.58.08:490][  0]LogTemp: Display: Loaded TP WindowsNoEditorTargetPlatform
[2018.12.18-06.58.08:576][  0]LogTemp: Display: Loaded TP WindowsServerTargetPlatform
[2018.12.18-06.58.08:603][  0]LogTemp: Display: Loaded TP WindowsTargetPlatform
[2018.12.18-06.58.08:735][  0]LogTemp: Display: Loaded TP AndroidTargetPlatform
[2018.12.18-06.58.08:735][  0]LogTemp: Display: Loaded TP AndroidTargetPlatform
[2018.12.18-06.58.08:735][  0]LogTemp: Display: Loaded TP AndroidTargetPlatform
[2018.12.18-06.58.08:735][  0]LogTemp: Display: Loaded TP AndroidTargetPlatform
[2018.12.18-06.58.08:735][  0]LogTemp: Display: Loaded TP AndroidTargetPlatform
[2018.12.18-06.58.08:735][  0]LogTemp: Display: Loaded TP AndroidTargetPlatform
[2018.12.18-06.58.08:735][  0]LogTemp: Display: Loaded TP AndroidTargetPlatform
[2018.12.18-06.58.08:735][  0]LogTemp: Display: Loaded TP AndroidTargetPlatform
[2018.12.18-06.58.08:735][  0]LogTemp: Display: Loaded TP AndroidTargetPlatform
[2018.12.18-06.58.08:735][  0]LogTemp: Display: Loaded TP AndroidTargetPlatform
[2018.12.18-06.58.08:735][  0]LogTemp: Display: Loaded TP AndroidTargetPlatform
[2018.12.18-06.58.08:735][  0]LogTemp: Display: Loaded TP AndroidTargetPlatform
[2018.12.18-06.58.08:735][  0]LogTemp: Display: Loaded TP AndroidTargetPlatform
[2018.12.18-06.58.08:735][  0]LogTemp: Display: Loaded TP AndroidTargetPlatform
[2018.12.18-06.58.08:735][  0]LogTemp: Display: Loaded TP AndroidTargetPlatform
[2018.12.18-06.58.08:735][  0]LogTemp: Display: Loaded TP AndroidTargetPlatform
[2018.12.18-06.58.08:735][  0]LogTemp: Display: Loaded TP AndroidTargetPlatform
[2018.12.18-06.58.08:735][  0]LogTemp: Display: Loaded TP AndroidTargetPlatform
[2018.12.18-06.58.08:799][  0]LogTemp: Display: Loaded TP HTML5TargetPlatform
[2018.12.18-06.58.08:932][  0]LogTemp: Display: Loaded TP IOSTargetPlatform
[2018.12.18-06.58.08:932][  0]LogTemp: Display: Loaded TP IOSTargetPlatform
[2018.12.18-06.58.09:017][  0]LogTemp: Display: Loaded TP TVOSTargetPlatform
[2018.12.18-06.58.09:018][  0]LogTemp: Display: Loaded TP TVOSTargetPlatform
[2018.12.18-06.58.09:089][  0]LogTemp: Display: Loaded TP LinuxClientTargetPlatform
[2018.12.18-06.58.09:123][  0]LogTemp: Display: Loaded TP LinuxNoEditorTargetPlatform
[2018.12.18-06.58.09:147][  0]LogTemp: Display: Loaded TP LinuxServerTargetPlatform
[2018.12.18-06.58.09:182][  0]LogTemp: Display: Loaded TP LinuxTargetPlatform
[2018.12.18-06.58.09:308][  0]LogTemp: Display: Loaded TP LuminTargetPlatform
[2018.12.18-06.58.09:308][  0]LogTemp: Display: Loaded TP LuminTargetPlatform
[2018.12.18-06.58.09:308][  0]LogTargetPlatformManager: Display: Building Assets For Windows
[2018.12.18-06.58.10:401][  0]LogShaderCompilers: Guid format shader working directory is -32 characters bigger than the processId version (C:/Users/Davisync/Desktop/graphicsdesignproject/graphicsdesignproject/NethkenHall/Intermediate/Shaders/WorkingDirectory/5208/).
[2018.12.18-06.58.10:401][  0]LogShaderCompilers: Cleaned the shader compiler working directory 'C:/Users/Davisync/AppData/Local/Temp/UnrealShaderWorkingDir/513288C442C078E91DD4C28A0FBB5210/'.
[2018.12.18-06.58.10:423][  0]LogXGEController: Cleaning working directory: C:/Users/Davisync/AppData/Local/Temp/UnrealXGEWorkingDir/
[2018.12.18-06.58.10:423][  0]LogXGEController: Cannot use XGE Controller as Incredibuild is not installed on this machine.
[2018.12.18-06.58.10:423][  0]LogShaderCompilers: Cannot use XGE Shader Compiler as Incredibuild is not installed on this machine.
[2018.12.18-06.58.10:423][  0]LogShaderCompilers: Display: Using Local Shader Compiler.
[2018.12.18-06.58.13:821][  0]LogDerivedDataCache: Display: Max Cache Size: 512 MB
[2018.12.18-06.58.14:025][  0]LogDerivedDataCache: Loaded boot cache 0.20s 71MB C:/Users/Davisync/AppData/Local/UnrealEngine/4.21/DerivedDataCache/Boot.ddc.
[2018.12.18-06.58.14:025][  0]LogDerivedDataCache: Display: Loaded Boot cache: C:/Users/Davisync/AppData/Local/UnrealEngine/4.21/DerivedDataCache/Boot.ddc
[2018.12.18-06.58.14:025][  0]LogDerivedDataCache: FDerivedDataBackendGraph:  Pak pak cache file C:/Users/Davisync/Desktop/graphicsdesignproject/graphicsdesignproject/NethkenHall/DerivedDataCache/DDC.ddp not found, will not use a pak cache.
[2018.12.18-06.58.14:025][  0]LogDerivedDataCache: Unable to find inner node Pak for hierarchical cache Hierarchy.
[2018.12.18-06.58.14:025][  0]LogDerivedDataCache: FDerivedDataBackendGraph:  CompressedPak pak cache file C:/Users/Davisync/Desktop/graphicsdesignproject/graphicsdesignproject/NethkenHall/DerivedDataCache/Compressed.ddp not found, will not use a pak cache.
[2018.12.18-06.58.14:025][  0]LogDerivedDataCache: Unable to find inner node CompressedPak for hierarchical cache Hierarchy.
[2018.12.18-06.58.14:113][  0]LogDerivedDataCache: Display: Pak cache opened for reading ../../../Engine/DerivedDataCache/Compressed.ddp.
[2018.12.18-06.58.14:189][  0]LogDerivedDataCache: Display: Pak cache opened for reading ../../../Enterprise/DerivedDataCache/Compressed.ddp.
[2018.12.18-06.58.14:201][  0]LogDerivedDataCache: Using Local data cache path C:/Users/Davisync/AppData/Local/UnrealEngine/Common/DerivedDataCache: Writable
[2018.12.18-06.58.14:201][  0]LogDerivedDataCache: Shared data cache path not found in *engine.ini, will not use an Shared cache.
[2018.12.18-06.58.14:201][  0]LogDerivedDataCache: Unable to find inner node Shared for hierarchical cache Hierarchy.
[2018.12.18-06.58.14:286][  0]LogMaterial: Verifying Global Shaders for PCD3D_SM5
[2018.12.18-06.58.14:330][  0]LogSlate: Using FreeType 2.6.0
[2018.12.18-06.58.14:455][  0]LogSlate: SlateFontServices - WITH_FREETYPE: 1, WITH_HARFBUZZ: 1
[2018.12.18-06.58.15:284][  0]LogAssetRegistry: FAssetRegistry took 0.0446 seconds to start up
[2018.12.18-06.58.18:239][  0]LogInit: Selected Device Profile: [Windows]
[2018.12.18-06.58.19:992][  0]LogSimplygon: Simplygon DLL not present - disabling.
[2018.12.18-06.58.20:156][  0]LogMeshReduction: Using SimplygonSwarm for distributed automatic mesh merging
[2018.12.18-06.58.20:157][  0]LogMeshReduction: Using ProxyLODMeshReduction for automatic mesh merging
[2018.12.18-06.58.20:159][  0]LogMeshReduction: Using QuadricMeshReduction for automatic static mesh reduction
[2018.12.18-06.58.20:159][  0]LogMeshReduction: No automatic skeletal mesh reduction module available
[2018.12.18-06.58.20:591][  0]LogNetVersion: NethkenHall 1.0.0, NetCL: 4541578, EngineNetVer: 5, GameNetVer: 0 (Checksum: 1845692274)
[2018.12.18-06.58.24:905][  0]LogPackageLocalizationCache: Processed 14 localized package path(s) for 2 prioritized culture(s) in 0.158727 seconds
[2018.12.18-06.58.24:931][  0]LogUObjectArray: 39775 objects as part of root set at end of initial load.
[2018.12.18-06.58.24:931][  0]LogUObjectAllocator: 6914656 out of 0 bytes used by permanent object pool.
[2018.12.18-06.58.24:931][  0]LogUObjectArray: CloseDisregardForGC: 0/0 objects in disregard for GC pool
[2018.12.18-06.58.35:234][  0]LogTcpMessaging: Initializing TcpMessaging bridge
[2018.12.18-06.58.35:274][  0]LogUdpMessaging: Initializing bridge on interface 0.0.0.0:0 to multicast group 230.0.0.1:6666.
[2018.12.18-06.58.37:435][  0]SourceControl: Source control is disabled
[2018.12.18-06.58.37:445][  0]SourceControl: Source control is disabled
[2018.12.18-06.58.37:510][  0]SourceControl: Source control is disabled
[2018.12.18-06.58.37:538][  0]SourceControl: Source control is disabled
[2018.12.18-06.58.39:040][  0]LogAndroidPermission: UAndroidPermissionCallbackProxy::GetInstance
[2018.12.18-06.58.39:343][  0]LogOcInput: OculusInput pre-init called
[2018.12.18-06.58.43:743][  0]LogEngine: Initializing Engine...
[2018.12.18-06.58.43:794][  0]LogHMD: Failed to initialize OpenVR with code 110
[2018.12.18-06.58.43:805][  0]LogStats: UGameplayTagsManager::ConstructGameplayTagTree: ImportINI prefixes -  0.001 s
[2018.12.18-06.58.43:805][  0]LogStats: UGameplayTagsManager::ConstructGameplayTagTree: Construct from data asset -  0.000 s
[2018.12.18-06.58.43:805][  0]LogStats: UGameplayTagsManager::ConstructGameplayTagTree: ImportINI -  0.000 s
[2018.12.18-06.58.43:805][  0]LogStats: UGameplayTagsManager::ConstructGameplayTagTree: GameplayTagTreeChangedEvent.Broadcast -  0.000 s
[2018.12.18-06.58.44:589][  0]LogInit: Initializing FReadOnlyCVARCache
[2018.12.18-06.58.44:878][  0]LogAIModule: Creating AISystem for world Untitled
[2018.12.18-06.58.45:037][  0]LogInit: XAudio2 using 'Headphones (High Definition Audio Device)' : 2 channels at 48 kHz using 16 bits per sample (channel mask 0x3)
[2018.12.18-06.58.45:059][  0]LogInit: FAudioDevice initialized.
[2018.12.18-06.58.45:059][  0]LogNetVersion: Set ProjectVersion to 1.0.0.0. Version Checksum will be recalculated on next use.
[2018.12.18-06.58.45:133][  0]LogDerivedDataCache: Saved boot cache 0.07s 71MB C:/Users/Davisync/AppData/Local/UnrealEngine/4.21/DerivedDataCache/Boot.ddc.
[2018.12.18-06.58.45:146][  0]LogInit: Texture streaming: Enabled
[2018.12.18-06.58.45:343][  0]LogEngineSessionManager: EngineSessionManager initialized
[2018.12.18-06.58.45:633][  0]LogInit: Transaction tracking system initialized
[2018.12.18-06.58.48:121][  0]BlueprintLog: New page: Editor Load
[2018.12.18-06.58.50:449][  0]LocalizationService: Localization service is disabled
[2018.12.18-06.58.56:258][  0]LogFileCache: Scanning file cache for directory 'C:/Users/Davisync/Desktop/graphicsdesignproject/graphicsdesignproject/NethkenHall/Content/' took 0.02s
[2018.12.18-06.58.56:258][  0]LogCook: Display: Max memory allowance for cook 16384mb min free memory 0mb
[2018.12.18-06.58.56:258][  0]LogCook: Display: Mobile HDR setting 1
[2018.12.18-06.58.56:258][  0]LogGameplayTags: Display: UGameplayTagsManager::DoneAddingNativeTags. DelegateIsBound: 0
[2018.12.18-06.58.56:258][  0]LogStats: UGameplayTagsManager::ConstructGameplayTagTree: ImportINI prefixes -  0.000 s
[2018.12.18-06.58.56:258][  0]LogStats: UGameplayTagsManager::ConstructGameplayTagTree: Construct from data asset -  0.000 s
[2018.12.18-06.58.56:258][  0]LogStats: UGameplayTagsManager::ConstructGameplayTagTree: ImportINI -  0.000 s
[2018.12.18-06.58.56:258][  0]LogStats: UGameplayTagsManager::ConstructGameplayTagTree: GameplayTagTreeChangedEvent.Broadcast -  0.000 s
[2018.12.18-06.59.07:593][  0]SourceControl: Source control is disabled
[2018.12.18-06.59.07:667][  0]Cmd: MAP LOAD FILE="C:/Users/Davisync/Desktop/graphicsdesignproject/graphicsdesignproject/NethkenHall/Content/ThirdPersonBP/Maps/ThirdPersonExampleMap.umap" TEMPLATE=0 SHOWPROGRESS=1 FEATURELEVEL=3
[2018.12.18-06.59.07:679][  0]LightingResults: New page: Lighting Build
[2018.12.18-06.59.08:105][  0]MapCheck: New page: Map Check
[2018.12.18-06.59.08:105][  0]LightingResults: New page: Lighting Build
[2018.12.18-06.59.10:991][  0]LogLinker: Warning: Can't find file '/Game/StarterContent/Architecture/Nethken/lambert1'
[2018.12.18-06.59.10:991][  0]LogLinker: Warning: Can't find file for asset '/Game/StarterContent/Architecture/Nethken/lambert1' while loading C:/Users/Davisync/Desktop/graphicsdesignproject/graphicsdesignproject/NethkenHall/Content/StarterContent/Architecture/Nethken/NethkenHall.uasset.
[2018.12.18-06.59.10:991][  0]LoadErrors: Error: /Game/StarterContent/Architecture/Nethken/NethkenHall : Can't find file for asset. /Game/StarterContent/Architecture/Nethken/lambert1
[2018.12.18-06.59.10:991][  0]LogLinker: Warning: Can't find file '/Game/StarterContent/Architecture/Nethken/lambert1'
[2018.12.18-06.59.10:991][  0]LogLinker: Warning: Can't find file for asset '/Game/StarterContent/Architecture/Nethken/lambert1' while loading C:/Users/Davisync/Desktop/graphicsdesignproject/graphicsdesignproject/NethkenHall/Content/StarterContent/Architecture/Nethken/NethkenHall.uasset.
[2018.12.18-06.59.10:991][  0]LoadErrors: Error: /Game/StarterContent/Architecture/Nethken/NethkenHall : Can't find file for asset. /Game/StarterContent/Architecture/Nethken/lambert1
[2018.12.18-06.59.11:071][  0]LogLinker: Warning: Can't find file '/Game/StarterContent/Architecture/Nethken/lambert1'
[2018.12.18-06.59.11:071][  0]LoadErrors: Failed to load /Game/StarterContent/Architecture/Nethken/lambert1.lambert1 Referenced by NethkenHall
[2018.12.18-06.59.11:071][  0]LogLinker: Warning: Can't find file for asset '/Game/StarterContent/Architecture/Nethken/lambert1' while loading NULL.
[2018.12.18-06.59.11:071][  0]LoadErrors: Failed to load /Game/StarterContent/Architecture/Nethken/lambert1.lambert1 Referenced by NethkenHall
[2018.12.18-06.59.11:072][  0]LogLinker: Warning: Can't find file '/Game/StarterContent/Architecture/Nethken/lambert1'
[2018.12.18-06.59.11:072][  0]LoadErrors: Failed to load /Game/StarterContent/Architecture/Nethken/lambert1.lambert1 Referenced by NethkenHall
[2018.12.18-06.59.11:072][  0]LogLinker: Warning: Can't find file for asset '/Game/StarterContent/Architecture/Nethken/lambert1' while loading NULL.
[2018.12.18-06.59.11:072][  0]LoadErrors: Failed to load /Game/StarterContent/Architecture/Nethken/lambert1.lambert1 Referenced by NethkenHall
[2018.12.18-06.59.12:610][  0]LogAIModule: Creating AISystem for world ThirdPersonExampleMap
[2018.12.18-06.59.13:488][  0]LogEditorServer: Finished looking for orphan Actors (0.000 secs)
[2018.12.18-06.59.13:680][  0]Cmd: MAP CHECKDEP NOCLEARLOG
[2018.12.18-06.59.13:680][  0]MapCheck: Map check complete: 0 Error(s), 0 Warning(s), took 0.133ms to complete.
[2018.12.18-06.59.13:680][  0]LogFileHelpers: Loading map 'ThirdPersonExampleMap' took 6.078
[2018.12.18-06.59.15:479][  0]LogSlate: Updating window title bar state: overlay mode, drag disabled, window buttons hidden, title bar hidden
[2018.12.18-06.59.15:512][  0]LogSlate: Updating window title bar state: overlay mode, drag disabled, window buttons hidden, title bar hidden
[2018.12.18-06.59.15:519][  0]LogSlate: Updating window title bar state: overlay mode, drag disabled, window buttons hidden, title bar hidden
[2018.12.18-06.59.15:526][  0]LogSlate: Updating window title bar state: overlay mode, drag disabled, window buttons hidden, title bar hidden
[2018.12.18-06.59.15:743][  0]LogCollectionManager: Loaded 0 collections in 0.001056 seconds
[2018.12.18-06.59.15:872][  0]LogFileCache: Scanning file cache for directory 'C:/Users/Davisync/Desktop/graphicsdesignproject/graphicsdesignproject/NethkenHall/Saved/Collections/' took 0.01s
[2018.12.18-06.59.15:872][  0]LogFileCache: Scanning file cache for directory 'C:/Users/Davisync/Desktop/graphicsdesignproject/graphicsdesignproject/NethkenHall/Content/Developers/Davisync/Collections/' took 0.00s
[2018.12.18-06.59.15:872][  0]LogFileCache: Scanning file cache for directory 'C:/Users/Davisync/Desktop/graphicsdesignproject/graphicsdesignproject/NethkenHall/Content/Collections/' took 0.00s
[2018.12.18-06.59.15:872][  0]LogCollectionManager: Rebuilt the GUID cache for 0 collections in 0.000000 seconds
[2018.12.18-06.59.15:880][  0]LogContentBrowser: Native class hierarchy populated in 0.0083 seconds. Added 2709 classes and 653 folders.
[2018.12.18-06.59.16:031][  0]LogContentBrowser: Native class hierarchy updated for 'WidgetCarousel' in 0.0002 seconds. Added 0 classes and 0 folders.
[2018.12.18-06.59.16:592][  0]LogPakFile: Registered encryption key '00000000000000000000000000000000': 0 pak files mounted, 0 remain pending
[2018.12.18-06.59.16:770][  0]LogPakFile: Registered encryption key '00000000000000000000000000000000': 0 pak files mounted, 0 remain pending
[2018.12.18-06.59.16:794][  0]LogPakFile: Registered encryption key '00000000000000000000000000000000': 0 pak files mounted, 0 remain pending
[2018.12.18-06.59.16:819][  0]LogPakFile: Registered encryption key '00000000000000000000000000000000': 0 pak files mounted, 0 remain pending
[2018.12.18-06.59.16:981][  0]LogPakFile: Registered encryption key '00000000000000000000000000000000': 0 pak files mounted, 0 remain pending
[2018.12.18-06.59.17:006][  0]LogPakFile: Registered encryption key '00000000000000000000000000000000': 0 pak files mounted, 0 remain pending
[2018.12.18-06.59.17:055][  0]LogPakFile: Registered encryption key '00000000000000000000000000000000': 0 pak files mounted, 0 remain pending
[2018.12.18-06.59.17:080][  0]LogPakFile: Registered encryption key '00000000000000000000000000000000': 0 pak files mounted, 0 remain pending
[2018.12.18-06.59.17:113][  0]LogPakFile: Registered encryption key '00000000000000000000000000000000': 0 pak files mounted, 0 remain pending
[2018.12.18-06.59.17:136][  0]LogPakFile: Registered encryption key '00000000000000000000000000000000': 0 pak files mounted, 0 remain pending
[2018.12.18-06.59.17:178][  0]LogPakFile: Registered encryption key '00000000000000000000000000000000': 0 pak files mounted, 0 remain pending
[2018.12.18-06.59.17:195][  0]LogPakFile: Registered encryption key '00000000000000000000000000000000': 0 pak files mounted, 0 remain pending
[2018.12.18-06.59.17:211][  0]LogPakFile: Registered encryption key '00000000000000000000000000000000': 0 pak files mounted, 0 remain pending
[2018.12.18-06.59.17:306][  0]LogPakFile: Registered encryption key '00000000000000000000000000000000': 0 pak files mounted, 0 remain pending
[2018.12.18-06.59.17:313][  0]LogPakFile: Registered encryption key '00000000000000000000000000000000': 0 pak files mounted, 0 remain pending
[2018.12.18-06.59.17:359][  0]LogPakFile: Registered encryption key '00000000000000000000000000000000': 0 pak files mounted, 0 remain pending
[2018.12.18-06.59.17:431][  0]LogPakFile: Registered encryption key '00000000000000000000000000000000': 0 pak files mounted, 0 remain pending
[2018.12.18-06.59.17:451][  0]LogPakFile: Registered encryption key '00000000000000000000000000000000': 0 pak files mounted, 0 remain pending
[2018.12.18-06.59.17:483][  0]LogPakFile: Registered encryption key '00000000000000000000000000000000': 0 pak files mounted, 0 remain pending
[2018.12.18-06.59.17:516][  0]LogPakFile: Registered encryption key '00000000000000000000000000000000': 0 pak files mounted, 0 remain pending
[2018.12.18-06.59.17:658][  0]LogPakFile: Registered encryption key '00000000000000000000000000000000': 0 pak files mounted, 0 remain pending
[2018.12.18-06.59.17:677][  0]LogPakFile: Registered encryption key '00000000000000000000000000000000': 0 pak files mounted, 0 remain pending
[2018.12.18-06.59.17:705][  0]LogPakFile: Registered encryption key '00000000000000000000000000000000': 0 pak files mounted, 0 remain pending
[2018.12.18-06.59.17:727][  0]LogPakFile: Registered encryption key '00000000000000000000000000000000': 0 pak files mounted, 0 remain pending
[2018.12.18-06.59.17:742][  0]LogPakFile: Registered encryption key '00000000000000000000000000000000': 0 pak files mounted, 0 remain pending
[2018.12.18-06.59.17:756][  0]LogPakFile: Registered encryption key '00000000000000000000000000000000': 0 pak files mounted, 0 remain pending
[2018.12.18-06.59.17:762][  0]LogPakFile: Registered encryption key '00000000000000000000000000000000': 0 pak files mounted, 0 remain pending
[2018.12.18-06.59.17:821][  0]LogPakFile: Registered encryption key '00000000000000000000000000000000': 0 pak files mounted, 0 remain pending
[2018.12.18-06.59.20:089][  0]LogContentBrowser: Native class hierarchy updated for 'AddContentDialog' in 0.0003 seconds. Added 0 classes and 0 folders.
[2018.12.18-06.59.20:129][  0]LogContentBrowser: Native class hierarchy updated for 'SceneOutliner' in 0.0002 seconds. Added 1 classes and 2 folders.
[2018.12.18-06.59.20:715][  0]LogSlate: Took 0.015186 seconds to synchronously load lazily loaded font '../../../Engine/Content/Slate/Fonts/Roboto-Regular.ttf' (155K)
[2018.12.18-06.59.20:745][  0]LogSlate: Took 0.027934 seconds to synchronously load lazily loaded font '../../../Engine/Content/Slate/Fonts/Roboto-Bold.ttf' (160K)
[2018.12.18-06.59.20:851][  0]LogSlate: Took 0.028091 seconds to synchronously load lazily loaded font '../../../Engine/Content/Editor/Slate/Fonts/FontAwesome.ttf' (139K)
[2018.12.18-06.59.21:363][  0]LogRenderer: Reallocating scene render targets to support 904x676 Format 10 NumSamples 1 (Frame:1).
[2018.12.18-06.59.21:832][  0]LogContentBrowser: Native class hierarchy updated for 'HierarchicalLODOutliner' in 0.0002 seconds. Added 0 classes and 0 folders.
[2018.12.18-06.59.21:832][  0]LogLoad: (Engine Initialization) Total time: 100.66 seconds
[2018.12.18-06.59.21:832][  0]LogLoad: (Engine Initialization) Total Blueprint compile time: 0.00 seconds
[2018.12.18-06.59.22:279][  0]LogContentStreaming: Texture pool size now 1000 MB
[2018.12.18-06.59.22:296][  0]LogSlate: FSceneViewport::OnFocusLost() reason 2
[2018.12.18-06.59.22:399][  0]LogSlate: Took 0.013071 seconds to synchronously load lazily loaded font '../../../Engine/Content/Slate/Fonts/Roboto-Light.ttf' (167K)
[2018.12.18-06.59.22:581][  2]LogAssetRegistry: Asset discovery search completed in 67.3192 seconds
[2018.12.18-06.59.22:583][  2]LogCollectionManager: Rebuilt the object cache for 0 collections in 0.000000 seconds (found 0 objects)
[2018.12.18-06.59.22:583][  2]LogCollectionManager: Fixed up redirectors for 0 collections in 0.000069 seconds (updated 0 objects)
[2018.12.18-06.59.54:764][616]LogSlate: FSceneViewport::OnFocusLost() reason 0
[2018.12.18-06.59.55:501][688]LogSlate: Window 'Message Log' being destroyed
[2018.12.18-06.59.55:504][688]LogSlate: Window 'NethkenHall - Unreal Editor' being destroyed
[2018.12.18-06.59.55:505][688]LogWindowsTextInputMethodSystem: Display: IME system now deactivated.
[2018.12.18-06.59.55:757][689]Cmd: QUIT_EDITOR
[2018.12.18-06.59.55:879][689]LogExit: Preparing to exit.
[2018.12.18-06.59.56:564][689]LogExit: Editor shut down
[2018.12.18-06.59.56:565][689]LogExit: Transaction tracking system shut down
[2018.12.18-06.59.57:217][689]LogExit: Object subsystem successfully closed.
[2018.12.18-06.59.57:249][689]LogShaderCompilers: Display: Shaders left to compile 0
[2018.12.18-06.59.57:256][689]LogD3D11RHI: Shutdown
[2018.12.18-06.59.57:256][689]LogD3D11RHI: CleanupD3DDevice
[2018.12.18-06.59.57:258][689]LogD3D11RHI: ~FD3D11DynamicRHI
[2018.12.18-06.59.57:744][689]LogModuleManager: Shutting down and abandoning module HierarchicalLODOutliner (644)
[2018.12.18-06.59.57:744][689]LogModuleManager: Shutting down and abandoning module SceneOutliner (642)
[2018.12.18-06.59.57:744][689]LogModuleManager: Shutting down and abandoning module AddContentDialog (640)
[2018.12.18-06.59.57:746][689]LogModuleManager: Shutting down and abandoning module WidgetCarousel (639)
[2018.12.18-06.59.57:746][689]LogModuleManager: Shutting down and abandoning module EditorWidgets (636)
[2018.12.18-06.59.57:746][689]LogModuleManager: Shutting down and abandoning module CollectionManager (634)
[2018.12.18-06.59.57:746][689]LogModuleManager: Shutting down and abandoning module StatsViewer (632)
[2018.12.18-06.59.57:746][689]LogModuleManager: Shutting down and abandoning module FoliageEdit (630)
[2018.12.18-06.59.57:746][689]LogModuleManager: Shutting down and abandoning module LandscapeEditor (628)
[2018.12.18-06.59.57:764][689]LogModuleManager: Shutting down and abandoning module MeshPaintMode (626)
[2018.12.18-06.59.57:764][689]LogModuleManager: Shutting down and abandoning module SceneDepthPickerMode (624)
[2018.12.18-06.59.57:764][689]LogModuleManager: Shutting down and abandoning module ActorPickerMode (622)
[2018.12.18-06.59.57:764][689]LogModuleManager: Shutting down and abandoning module GeometryMode (620)
[2018.12.18-06.59.57:764][689]LogModuleManager: Shutting down and abandoning module TextureAlignMode (618)
[2018.12.18-06.59.57:764][689]LogModuleManager: Shutting down and abandoning module BspMode (616)
[2018.12.18-06.59.57:764][689]LogModuleManager: Shutting down and abandoning module PIEPreviewDeviceProfileSelector (614)
[2018.12.18-06.59.57:764][689]LogModuleManager: Shutting down and abandoning module SequenceRecorderSections (612)
[2018.12.18-06.59.57:764][689]LogModuleManager: Shutting down and abandoning module AutomationWorker (610)
[2018.12.18-06.59.57:764][689]LogModuleManager: Shutting down and abandoning module DatasmithFBXImporter (608)
[2018.12.18-06.59.57:772][689]LogModuleManager: Shutting down and abandoning module DatasmithDeltaGenImporter (606)
[2018.12.18-06.59.57:772][689]LogModuleManager: Shutting down and abandoning module DatasmithVREDImporter (604)
[2018.12.18-06.59.57:772][689]LogModuleManager: Shutting down and abandoning module AudioCaptureEditor (602)
[2018.12.18-06.59.57:772][689]LogModuleManager: Shutting down and abandoning module MatineeToLevelSequence (600)
[2018.12.18-06.59.57:772][689]LogModuleManager: Shutting down and abandoning module LevelSequenceEditor (598)
[2018.12.18-06.59.57:786][689]LogModuleManager: Shutting down and abandoning module PlacementMode (597)
[2018.12.18-06.59.57:786][689]LogModuleManager: Shutting down and abandoning module MaterialEditor (596)
[2018.12.18-06.59.57:801][689]LogModuleManager: Shutting down and abandoning module WmfMediaFactory (592)
[2018.12.18-06.59.57:802][689]LogModuleManager: Shutting down and abandoning module WmfMediaEditor (590)
[2018.12.18-06.59.57:802][689]LogModuleManager: Shutting down and abandoning module WebMMediaFactory (588)
[2018.12.18-06.59.57:802][689]LogModuleManager: Shutting down and abandoning module WebMMediaEditor (586)
[2018.12.18-06.59.57:802][689]LogModuleManager: Shutting down and abandoning module WebMMedia (584)
[2018.12.18-06.59.57:802][689]LogModuleManager: Shutting down and abandoning module MediaPlayerEditor (582)
[2018.12.18-06.59.57:802][689]LogModuleManager: Shutting down and abandoning module MediaCompositingEditor (580)
[2018.12.18-06.59.57:802][689]LogModuleManager: Shutting down and abandoning module SequenceRecorder (579)
[2018.12.18-06.59.57:802][689]LogModuleManager: Shutting down and abandoning module OpenExrWrapper (576)
[2018.12.18-06.59.57:802][689]LogModuleManager: Shutting down and abandoning module ImgMediaFactory (574)
[2018.12.18-06.59.57:802][689]LogModuleManager: Shutting down and abandoning module ImgMediaEditor (572)
[2018.12.18-06.59.57:802][689]LogModuleManager: Shutting down and abandoning module AvfMediaFactory (570)
[2018.12.18-06.59.57:802][689]LogModuleManager: Shutting down and abandoning module AvfMediaEditor (568)
[2018.12.18-06.59.57:802][689]LogModuleManager: Shutting down and abandoning module AndroidMediaFactory (566)
[2018.12.18-06.59.57:802][689]LogModuleManager: Shutting down and abandoning module AndroidMediaEditor (564)
[2018.12.18-06.59.57:802][689]LogModuleManager: Shutting down and abandoning module MagicLeapCameraPreviewFactory (562)
[2018.12.18-06.59.57:802][689]LogModuleManager: Shutting down and abandoning module MagicLeapMediaFactory (560)
[2018.12.18-06.59.57:802][689]LogModuleManager: Shutting down and abandoning module MagicLeapMediaEditor (558)
[2018.12.18-06.59.57:802][689]LogModuleManager: Shutting down and abandoning module CharacterAI (556)
[2018.12.18-06.59.57:802][689]LogModuleManager: Shutting down and abandoning module SmartSnapping (554)
[2018.12.18-06.59.57:802][689]LogModuleManager: Shutting down and abandoning module SessionServices (552)
[2018.12.18-06.59.57:802][689]LogModuleManager: Shutting down and abandoning module ViewportSnapping (550)
[2018.12.18-06.59.57:802][689]LogModuleManager: Shutting down and abandoning module ViewportInteraction (548)
[2018.12.18-06.59.57:812][689]LogModuleManager: Shutting down and abandoning module ClothPainter (546)
[2018.12.18-06.59.57:812][689]LogModuleManager: Shutting down and abandoning module SkeletalMeshEditor (545)
[2018.12.18-06.59.57:830][689]LogModuleManager: Shutting down and abandoning module LogVisualizer (542)
[2018.12.18-06.59.57:835][689]LogModuleManager: Shutting down and abandoning module IntroTutorials (540)
[2018.12.18-06.59.57:835][689]LogModuleManager: Shutting down and abandoning module GameProjectGeneration (539)
[2018.12.18-06.59.57:844][689]LogModuleManager: Shutting down and abandoning module LuminPlatformEditor (536)
[2018.12.18-06.59.57:844][689]LogModuleManager: Shutting down and abandoning module IOSPlatformEditor (534)
[2018.12.18-06.59.57:844][689]LogModuleManager: Shutting down and abandoning module HTML5PlatformEditor (532)
[2018.12.18-06.59.57:844][689]LogModuleManager: Shutting down and abandoning module AndroidPlatformEditor (530)
[2018.12.18-06.59.57:844][689]LogModuleManager: Shutting down and abandoning module AndroidDeviceDetection (529)
[2018.12.18-06.59.58:135][689]LogModuleManager: Shutting down and abandoning module WindowsPlatformEditor (526)
[2018.12.18-06.59.58:135][689]LogModuleManager: Shutting down and abandoning module LuminRuntimeSettings (524)
[2018.12.18-06.59.58:135][689]LogModuleManager: Shutting down and abandoning module IOSRuntimeSettings (522)
[2018.12.18-06.59.58:135][689]LogModuleManager: Shutting down and abandoning module AndroidRuntimeSettings (520)
[2018.12.18-06.59.58:135][689]LogModuleManager: Shutting down and abandoning module TimeManagementEditor (518)
[2018.12.18-06.59.58:135][689]LogModuleManager: Shutting down and abandoning module InputBindingEditor (516)
[2018.12.18-06.59.58:158][689]LogModuleManager: Shutting down and abandoning module MergeActors (514)
[2018.12.18-06.59.58:158][689]LogModuleManager: Shutting down and abandoning module LocalizationDashboard (512)
[2018.12.18-06.59.58:158][689]LogModuleManager: Shutting down and abandoning module LocalizationService (511)
[2018.12.18-06.59.58:158][689]LogModuleManager: Shutting down and abandoning module HardwareTargeting (508)
[2018.12.18-06.59.58:158][689]LogModuleManager: Shutting down and abandoning module DeviceProfileEditor (506)
[2018.12.18-06.59.58:158][689]LogModuleManager: Shutting down and abandoning module UndoHistory (504)
[2018.12.18-06.59.58:158][689]LogModuleManager: Shutting down and abandoning module XmlParser (502)
[2018.12.18-06.59.58:158][689]LogModuleManager: Shutting down and abandoning module Blutility (500)
[2018.12.18-06.59.58:158][689]LogModuleManager: Shutting down and abandoning module ProjectSettingsViewer (498)
[2018.12.18-06.59.58:158][689]LogModuleManager: Shutting down and abandoning module ProjectTargetPlatformEditor (497)
[2018.12.18-06.59.58:158][689]LogModuleManager: Shutting down and abandoning module EditorSettingsViewer (494)
[2018.12.18-06.59.58:158][689]LogModuleManager: Shutting down and abandoning module SettingsEditor (492)
[2018.12.18-06.59.58:158][689]LogModuleManager: Shutting down and abandoning module ProjectLauncher (490)
[2018.12.18-06.59.58:164][689]LogModuleManager: Shutting down and abandoning module SessionFrontend (488)
[2018.12.18-06.59.58:164][689]LogModuleManager: Shutting down and abandoning module ProfilerClient (486)
[2018.12.18-06.59.58:173][689]LogModuleManager: Shutting down and abandoning module DeviceManager (484)
[2018.12.18-06.59.58:173][689]LogModuleManager: Shutting down and abandoning module TargetDeviceServices (483)
[2018.12.18-06.59.58:236][689]LogModuleManager: Shutting down and abandoning module AutomationController (480)
[2018.12.18-06.59.58:236][689]LogModuleManager: Shutting down and abandoning module AutomationWindow (478)
[2018.12.18-06.59.58:242][689]LogModuleManager: Shutting down and abandoning module Layers (476)
[2018.12.18-06.59.58:255][689]LogModuleManager: Shutting down and abandoning module ComponentVisualizers (474)
[2018.12.18-06.59.58:255][689]LogModuleManager: Shutting down and abandoning module DetailCustomizations (472)
[2018.12.18-06.59.58:262][689]LogModuleManager: Shutting down and abandoning module PackagesDialog (470)
[2018.12.18-06.59.58:277][689]LogModuleManager: Shutting down and abandoning module Persona (468)
[2018.12.18-06.59.58:293][689]LogModuleManager: Shutting down and abandoning module AnimGraph (467)
[2018.12.18-06.59.58:293][689]LogModuleManager: Shutting down and abandoning module Kismet (464)
[2018.12.18-06.59.58:310][689]LogModuleManager: Shutting down and abandoning module GraphEditor (462)
[2018.12.18-06.59.58:337][689]LogModuleManager: Shutting down and abandoning module ClassViewer (460)
[2018.12.18-06.59.58:338][689]LogModuleManager: Shutting down and abandoning module Toolbox (458)
[2018.12.18-06.59.58:338][689]LogModuleManager: Shutting down and abandoning module ModuleUI (456)
[2018.12.18-06.59.58:343][689]LogModuleManager: Shutting down and abandoning module MovieSceneTools (454)
[2018.12.18-06.59.58:343][689]LogModuleManager: Shutting down and abandoning module OutputLog (452)
[2018.12.18-06.59.58:343][689]LogModuleManager: Shutting down and abandoning module GammaUI (450)
[2018.12.18-06.59.58:353][689]LogModuleManager: Shutting down and abandoning module Documentation (448)
[2018.12.18-06.59.58:354][689]LogModuleManager: Shutting down and abandoning module MovieSceneTracks (446)
[2018.12.18-06.59.58:354][689]LogModuleManager: Shutting down and abandoning module MovieScene (444)
[2018.12.18-06.59.58:354][689]LogModuleManager: Shutting down and abandoning module StreamingPauseRendering (442)
[2018.12.18-06.59.58:354][689]LogModuleManager: Shutting down and abandoning module LauncherPlatform (440)
[2018.12.18-06.59.58:354][689]LogModuleManager: Shutting down and abandoning module AnalyticsET (438)
[2018.12.18-06.59.58:354][689]LogModuleManager: Shutting down and abandoning module PortalServices (436)
[2018.12.18-06.59.58:354][689]LogModuleManager: Shutting down and abandoning module PortalRpc (434)
[2018.12.18-06.59.58:354][689]LogModuleManager: Shutting down and abandoning module MessagingRpc (432)
[2018.12.18-06.59.58:354][689]LogModuleManager: Shutting down and abandoning module AIModule (430)
[2018.12.18-06.59.58:354][689]LogModuleManager: Shutting down and abandoning module GameplayDebugger (429)
[2018.12.18-06.59.58:354][689]LogModuleManager: Shutting down and abandoning module AITestSuite (427)
[2018.12.18-06.59.58:354][689]LogModuleManager: Shutting down and abandoning module NavigationSystem (425)
[2018.12.18-06.59.58:354][689]LogModuleManager: Shutting down and abandoning module DesktopPlatform (422)
[2018.12.18-06.59.58:354][689]LogModuleManager: Shutting down and abandoning module ImageWriteQueue (420)
[2018.12.18-06.59.58:357][689]LogModuleManager: Shutting down and abandoning module ProfilerService (418)
[2018.12.18-06.59.58:364][689]LogModuleManager: Shutting down and abandoning module TaskGraph (416)
[2018.12.18-06.59.58:364][689]LogModuleManager: Shutting down and abandoning module DatasmithCADImporter (414)
[2018.12.18-06.59.58:365][689]LogModuleManager: Shutting down and abandoning module VariantManager (412)
[2018.12.18-06.59.58:383][689]LogModuleManager: Shutting down and abandoning module StaticMeshEditorExtension (410)
[2018.12.18-06.59.58:383][689]LogModuleManager: Shutting down and abandoning module StaticMeshEditor (409)
[2018.12.18-06.59.58:396][689]LogModuleManager: Shutting down and abandoning module AdvancedPreviewScene (408)
[2018.12.18-06.59.58:396][689]LogModuleManager: Shutting down and abandoning module MeshProcessingLibrary (405)
[2018.12.18-06.59.58:396][689]LogModuleManager: Shutting down and abandoning module MDLImporter (402)
[2018.12.18-06.59.58:396][689]LogModuleManager: Shutting down and abandoning module DatasmithImporter (400)
[2018.12.18-06.59.58:399][689]LogModuleManager: Shutting down and abandoning module SteamVRController (398)
[2018.12.18-06.59.58:399][689]LogModuleManager: Shutting down and abandoning module ProceduralMeshComponentEditor (396)
[2018.12.18-06.59.58:399][689]LogModuleManager: Shutting down and abandoning module ProceduralMeshComponent (394)
[2018.12.18-06.59.58:399][689]LogModuleManager: Shutting down and abandoning module OculusInput (392)
[2018.12.18-06.59.58:399][689]LogModuleManager: Shutting down and abandoning module MobilePatchingUtils (390)
[2018.12.18-06.59.58:399][689]LogModuleManager: Shutting down and abandoning module EditableMesh (388)
[2018.12.18-06.59.58:414][689]LogModuleManager: Shutting down and abandoning module CustomMeshComponent (386)
[2018.12.18-06.59.58:414][689]LogModuleManager: Shutting down and abandoning module CableComponent (384)
[2018.12.18-06.59.58:414][689]LogModuleManager: Shutting down and abandoning module AudioCapture (382)
[2018.12.18-06.59.58:414][689]LogModuleManager: Shutting down and abandoning module ArchVisCharacter (380)
[2018.12.18-06.59.58:414][689]LogModuleManager: Shutting down and abandoning module AndroidPermission (378)
[2018.12.18-06.59.58:414][689]LogModuleManager: Shutting down and abandoning module NUTUnrealEngine4 (376)
[2018.12.18-06.59.58:426][689]LogModuleManager: Shutting down and abandoning module NetcodeUnitTest (374)
[2018.12.18-06.59.58:426][689]LogModuleManager: Shutting down and abandoning module MediaCompositing (372)
[2018.12.18-06.59.58:426][689]LogModuleManager: Shutting down and abandoning module LinearTimecode (370)
[2018.12.18-06.59.58:426][689]LogModuleManager: Shutting down and abandoning module ImgMedia (368)
[2018.12.18-06.59.58:434][689]LogModuleManager: Shutting down and abandoning module HTML5Networking (366)
[2018.12.18-06.59.58:434][689]LogModuleManager: Shutting down and abandoning module GeometryCacheTracks (364)
[2018.12.18-06.59.58:434][689]LogModuleManager: Shutting down and abandoning module GeometryCacheSequencer (362)
[2018.12.18-06.59.58:434][689]LogModuleManager: Shutting down and abandoning module BackChannel (360)
[2018.12.18-06.59.58:437][689]LogModuleManager: Shutting down and abandoning module AppleVision (358)
[2018.12.18-06.59.58:437][689]LogModuleManager: Shutting down and abandoning module AppleImageUtilsBlueprintSupport (356)
[2018.12.18-06.59.58:437][689]LogModuleManager: Shutting down and abandoning module AppleImageUtils (354)
[2018.12.18-06.59.58:437][689]LogModuleManager: Shutting down and abandoning module AlembicImporter (352)
[2018.12.18-06.59.58:437][689]LogModuleManager: Shutting down and abandoning module AlembicLibrary (351)
[2018.12.18-06.59.58:437][689]LogModuleManager: Shutting down and abandoning module GeometryCache (350)
[2018.12.18-06.59.58:437][689]LogModuleManager: Shutting down and abandoning module GeometryCacheEd (349)
[2018.12.18-06.59.58:437][689]LogModuleManager: Shutting down and abandoning module VariantManagerContent (344)
[2018.12.18-06.59.58:437][689]LogModuleManager: Shutting down and abandoning module DatasmithContentEditor (342)
[2018.12.18-06.59.58:437][689]LogModuleManager: Shutting down and abandoning module SpeedTreeImporter (340)
[2018.12.18-06.59.58:437][689]LogModuleManager: Shutting down and abandoning module PluginBrowser (338)
[2018.12.18-06.59.58:453][689]LogModuleManager: Shutting down and abandoning module MobileLauncherProfileWizard (336)
[2018.12.18-06.59.58:468][689]LogModuleManager: Shutting down and abandoning module PolygonModeling (334)
[2018.12.18-06.59.58:468][689]LogModuleManager: Shutting down and abandoning module MeshEditor (332)
[2018.12.18-06.59.58:468][689]LogModuleManager: Shutting down and abandoning module EditorScriptingUtilities (330)
[2018.12.18-06.59.58:468][689]LogModuleManager: Shutting down and abandoning module CryptoKeysOpenSSL (328)
[2018.12.18-06.59.58:468][689]LogModuleManager: Shutting down and abandoning module CryptoKeys (326)
[2018.12.18-06.59.58:468][689]LogModuleManager: Shutting down and abandoning module VisualStudioSourceCodeAccess (324)
[2018.12.18-06.59.58:468][689]LogModuleManager: Shutting down and abandoning module VisualStudioCodeSourceCodeAccess (322)
[2018.12.18-06.59.58:468][689]LogModuleManager: Shutting down and abandoning module UObjectPlugin (320)
[2018.12.18-06.59.58:468][689]LogModuleManager: Shutting down and abandoning module SubversionSourceControl (318)
[2018.12.18-06.59.58:468][689]LogModuleManager: Shutting down and abandoning module PerforceSourceControl (316)
[2018.12.18-06.59.58:478][689]LogModuleManager: Shutting down and abandoning module GitSourceControl (314)
[2018.12.18-06.59.58:478][689]LogModuleManager: Shutting down and abandoning module SourceControl (313)
[2018.12.18-06.59.58:478][689]LogModuleManager: Shutting down and abandoning module CLionSourceCodeAccess (310)
[2018.12.18-06.59.58:478][689]LogModuleManager: Shutting down and abandoning module ActorLayerUtilitiesEditor (308)
[2018.12.18-06.59.58:478][689]LogModuleManager: Shutting down and abandoning module ActorLayerUtilities (306)
[2018.12.18-06.59.58:478][689]LogModuleManager: Shutting down and abandoning module LightPropagationVolumeEditor (304)
[2018.12.18-06.59.58:478][689]LogModuleManager: Shutting down and abandoning module PaperTiledImporter (302)
[2018.12.18-06.59.58:478][689]LogModuleManager: Shutting down and abandoning module PaperSpriteSheetImporter (300)
[2018.12.18-06.59.58:479][689]LogModuleManager: Shutting down and abandoning module Paper2DEditor (298)
[2018.12.18-06.59.58:494][689]LogModuleManager: Shutting down and abandoning module MeshPaint (297)
[2018.12.18-06.59.58:494][689]LogModuleManager: Shutting down and abandoning module RuntimePhysXCooking (294)
[2018.12.18-06.59.58:494][689]LogModuleManager: Shutting down and abandoning module PhysXVehiclesEditor (292)
[2018.12.18-06.59.58:494][689]LogModuleManager: Shutting down and abandoning module PhysXVehicles (290)
[2018.12.18-06.59.58:494][689]LogModuleManager: Shutting down and abandoning module OculusEditor (288)
[2018.12.18-06.59.58:494][689]LogModuleManager: Shutting down and abandoning module LocationServicesBPLibrary (286)
[2018.12.18-06.59.58:494][689]LogModuleManager: Shutting down and abandoning module ActorSequence (284)
[2018.12.18-06.59.58:494][689]LogModuleManager: Shutting down and abandoning module UdpMessaging (282)
[2018.12.18-06.59.58:595][689]LogModuleManager: Shutting down and abandoning module TcpMessaging (280)
[2018.12.18-06.59.58:697][689]LogModuleManager: Shutting down and abandoning module MagicLeapAudio (278)
[2018.12.18-06.59.58:697][689]LogModuleManager: Shutting down and abandoning module GameplayTagsEditor (276)
[2018.12.18-06.59.58:717][689]LogModuleManager: Shutting down and abandoning module FacialAnimationEditor (274)
[2018.12.18-06.59.58:717][689]LogModuleManager: Shutting down and abandoning module FacialAnimation (272)
[2018.12.18-06.59.58:717][689]LogModuleManager: Shutting down and abandoning module DataValidation (270)
[2018.12.18-06.59.58:717][689]LogModuleManager: Shutting down and abandoning module AssetManagerEditor (268)
[2018.12.18-06.59.58:740][689]LogModuleManager: Shutting down and abandoning module LevelEditor (267)
[2018.12.18-06.59.58:740][689]LogModuleManager: Shutting down and abandoning module PixelInspectorModule (266)
[2018.12.18-06.59.58:740][689]LogModuleManager: Shutting down and abandoning module CommonMenuExtensions (264)
[2018.12.18-06.59.58:741][689]LogModuleManager: Shutting down and abandoning module MainFrame (262)
[2018.12.18-06.59.58:741][689]LogModuleManager: Shutting down and abandoning module HotReload (261)
[2018.12.18-06.59.58:741][689]LogModuleManager: Shutting down and abandoning module ContentBrowser (257)
[2018.12.18-06.59.58:742][689]LogModuleManager: Shutting down and abandoning module TreeMap (255)
[2018.12.18-06.59.58:742][689]LogModuleManager: Shutting down and abandoning module LightPropagationVolumeRuntime (252)
[2018.12.18-06.59.58:742][689]LogModuleManager: Shutting down and abandoning module AISupportModule (250)
[2018.12.18-06.59.58:742][689]LogModuleManager: Shutting down and abandoning module Paper2D (248)
[2018.12.18-06.59.58:742][689]LogModuleManager: Shutting down and abandoning module WindowsMoviePlayer (246)
[2018.12.18-06.59.58:742][689]LogModuleManager: Shutting down and abandoning module WebMMoviePlayer (244)
[2018.12.18-06.59.58:742][689]LogModuleManager: Shutting down and abandoning module WmfMedia (242)
[2018.12.18-06.59.58:762][689]LogModuleManager: Shutting down and abandoning module Media (241)
[2018.12.18-06.59.58:770][689]LogModuleManager: Shutting down and abandoning module PacketHandler (238)
[2018.12.18-06.59.58:770][689]LogModuleManager: Shutting down and abandoning module ClothingSystemEditor (236)
[2018.12.18-06.59.58:770][689]LogModuleManager: Shutting down and abandoning module ClothingSystemRuntime (234)
[2018.12.18-06.59.58:778][689]LogModuleManager: Shutting down and abandoning module MediaAssets (232)
[2018.12.18-06.59.58:778][689]LogModuleManager: Shutting down and abandoning module Overlay (230)
[2018.12.18-06.59.58:778][689]LogModuleManager: Shutting down and abandoning module OverlayEditor (229)
[2018.12.18-06.59.58:778][689]LogModuleManager: Shutting down and abandoning module VREditor (226)
[2018.12.18-06.59.58:778][689]LogModuleManager: Shutting down and abandoning module StringTableEditor (224)
[2018.12.18-06.59.58:796][689]LogModuleManager: Shutting down and abandoning module GameplayTasksEditor (222)
[2018.12.18-06.59.58:796][689]LogModuleManager: Shutting down and abandoning module BehaviorTreeEditor (220)
[2018.12.18-06.59.58:808][689]LogModuleManager: Shutting down and abandoning module FunctionalTesting (218)
[2018.12.18-06.59.58:808][689]LogModuleManager: Shutting down and abandoning module CollisionAnalyzer (216)
[2018.12.18-06.59.58:809][689]LogModuleManager: Shutting down and abandoning module WorkspaceMenuStructure (215)
[2018.12.18-06.59.58:809][689]LogModuleManager: Shutting down and abandoning module UMG (212)
[2018.12.18-06.59.58:813][689]LogModuleManager: Shutting down and abandoning module UMGEditor (211)
[2018.12.18-06.59.58:818][689]LogModuleManager: Shutting down and abandoning module Sequencer (210)
[2018.12.18-06.59.58:835][689]LogModuleManager: Shutting down and abandoning module MessageLog (207)
[2018.12.18-06.59.58:835][689]LogModuleManager: Shutting down and abandoning module SlateReflector (202)
[2018.12.18-06.59.58:853][689]LogModuleManager: Shutting down and abandoning module Slate (200)
[2018.12.18-06.59.58:853][689]LogModuleManager: Shutting down and abandoning module EditorStyle (198)
[2018.12.18-06.59.58:854][689]LogModuleManager: Shutting down and abandoning module MRMesh (196)
[2018.12.18-06.59.58:854][689]LogModuleManager: Shutting down and abandoning module SourceCodeAccess (194)
[2018.12.18-06.59.58:854][689]LogModuleManager: Shutting down and abandoning module HeadMountedDisplay (192)
[2018.12.18-06.59.58:854][689]LogModuleManager: Shutting down and abandoning module XAudio2 (190)
[2018.12.18-06.59.58:854][689]LogModuleManager: Shutting down and abandoning module Networking (188)
[2018.12.18-06.59.58:854][689]LogModuleManager: Shutting down and abandoning module Core (186)
[2018.12.18-06.59.58:854][689]LogModuleManager: Shutting down and abandoning module LevelSequence (184)
[2018.12.18-06.59.58:854][689]LogModuleManager: Shutting down and abandoning module KismetCompiler (182)
[2018.12.18-06.59.58:854][689]LogModuleManager: Shutting down and abandoning module MeshUtilities (180)
[2018.12.18-06.59.58:855][689]LogModuleManager: Shutting down and abandoning module MeshMergeUtilities (179)
[2018.12.18-06.59.58:855][689]LogModuleManager: Shutting down and abandoning module MeshReductionInterface (178)
[2018.12.18-06.59.58:855][689]LogModuleManager: Shutting down and abandoning module SimplygonSwarm (177)
[2018.12.18-06.59.58:867][689]LogModuleManager: Shutting down and abandoning module ProxyLODMeshReduction (175)
[2018.12.18-06.59.58:885][689]LogModuleManager: Shutting down and abandoning module SimplygonMeshReduction (173)
[2018.12.18-06.59.58:885][689]LogModuleManager: Shutting down and abandoning module QuadricMeshReduction (171)
[2018.12.18-06.59.58:885][689]LogModuleManager: Shutting down and abandoning module MaterialBaking (167)
[2018.12.18-06.59.58:885][689]LogModuleManager: Shutting down and abandoning module DirectoryWatcher (163)
[2018.12.18-06.59.58:885][689]LogModuleManager: Shutting down and abandoning module DerivedDataCache (160)
[2018.12.18-06.59.59:317][689]LogDerivedDataCache: Shutdown
[2018.12.18-06.59.59:317][689]LogModuleManager: Shutting down and abandoning module XGEController (158)
[2018.12.18-06.59.59:317][689]LogXGEController: Cleaning working directory: C:/Users/Davisync/AppData/Local/Temp/UnrealXGEWorkingDir/
[2018.12.18-06.59.59:317][689]LogModuleManager: Shutting down and abandoning module TargetPlatform (156)
[2018.12.18-06.59.59:317][689]LogModuleManager: Shutting down and abandoning module VulkanShaderFormat (155)
[2018.12.18-06.59.59:317][689]LogModuleManager: Shutting down and abandoning module ShaderFormatVectorVM (153)
[2018.12.18-06.59.59:317][689]LogModuleManager: Shutting down and abandoning module ShaderFormatOpenGL (151)
[2018.12.18-06.59.59:322][689]LogModuleManager: Shutting down and abandoning module ShaderFormatD3D (149)
[2018.12.18-06.59.59:322][689]LogModuleManager: Shutting down and abandoning module MetalShaderFormat (147)
[2018.12.18-06.59.59:336][689]LogModuleManager: Shutting down and abandoning module TextureFormatUncompressed (145)
[2018.12.18-06.59.59:336][689]LogModuleManager: Shutting down and abandoning module TextureFormatPVR (143)
[2018.12.18-06.59.59:336][689]LogModuleManager: Shutting down and abandoning module TextureFormatDXT (141)
[2018.12.18-06.59.59:336][689]LogModuleManager: Shutting down and abandoning module TextureFormatIntelISPCTexComp (139)
[2018.12.18-06.59.59:336][689]LogModuleManager: Shutting down and abandoning module TextureFormatASTC (137)
[2018.12.18-06.59.59:336][689]LogModuleManager: Shutting down and abandoning module ImageWrapper (136)
[2018.12.18-06.59.59:336][689]LogModuleManager: Shutting down and abandoning module TextureFormatAndroid (133)
[2018.12.18-06.59.59:336][689]LogModuleManager: Shutting down and abandoning module AudioFormatOpus (131)
[2018.12.18-06.59.59:336][689]LogModuleManager: Shutting down and abandoning module AudioFormatOgg (129)
[2018.12.18-06.59.59:336][689]LogModuleManager: Shutting down and abandoning module AudioFormatADPCM (127)
[2018.12.18-06.59.59:336][689]LogModuleManager: Shutting down and abandoning module LuminTargetPlatform (125)
[2018.12.18-06.59.59:337][689]LogModuleManager: Shutting down and abandoning module LinuxTargetPlatform (123)
[2018.12.18-06.59.59:337][689]LogModuleManager: Shutting down and abandoning module LinuxServerTargetPlatform (121)
[2018.12.18-06.59.59:337][689]LogModuleManager: Shutting down and abandoning module LinuxNoEditorTargetPlatform (119)
[2018.12.18-06.59.59:337][689]LogModuleManager: Shutting down and abandoning module LinuxClientTargetPlatform (117)
[2018.12.18-06.59.59:337][689]LogModuleManager: Shutting down and abandoning module TVOSTargetPlatform (115)
[2018.12.18-06.59.59:337][689]LogModuleManager: Shutting down and abandoning module Messaging (113)
[2018.12.18-06.59.59:337][689]LogModuleManager: Shutting down and abandoning module IOSTargetPlatform (111)
[2018.12.18-06.59.59:338][689]LogModuleManager: Shutting down and abandoning module HTML5TargetPlatform (109)
[2018.12.18-06.59.59:338][689]LogModuleManager: Shutting down and abandoning module AndroidTargetPlatform (107)
[2018.12.18-06.59.59:344][689]LogModuleManager: Shutting down and abandoning module WindowsTargetPlatform (105)
[2018.12.18-06.59.59:344][689]LogModuleManager: Shutting down and abandoning module WindowsServerTargetPlatform (103)
[2018.12.18-06.59.59:344][689]LogModuleManager: Shutting down and abandoning module WindowsNoEditorTargetPlatform (101)
[2018.12.18-06.59.59:344][689]LogModuleManager: Shutting down and abandoning module WindowsClientTargetPlatform (99)
[2018.12.18-06.59.59:344][689]LogModuleManager: Shutting down and abandoning module MacTargetPlatform (97)
[2018.12.18-06.59.59:344][689]LogModuleManager: Shutting down and abandoning module MacServerTargetPlatform (95)
[2018.12.18-06.59.59:344][689]LogModuleManager: Shutting down and abandoning module MacNoEditorTargetPlatform (93)
[2018.12.18-06.59.59:344][689]LogModuleManager: Shutting down and abandoning module MacClientTargetPlatform (91)
[2018.12.18-06.59.59:344][689]LogModuleManager: Shutting down and abandoning module AllDesktopTargetPlatform (89)
[2018.12.18-06.59.59:344][689]LogModuleManager: Shutting down and abandoning module InputCore (86)
[2018.12.18-06.59.59:344][689]LogModuleManager: Shutting down and abandoning module Settings (84)
[2018.12.18-06.59.59:344][689]LogModuleManager: Shutting down and abandoning module PhysXCooking (82)
[2018.12.18-06.59.59:344][689]LogModuleManager: Shutting down and abandoning module SteamVR (80)
[2018.12.18-06.59.59:344][689]LogHMD: Freeing OpenVRDLLHandle.
[2018.12.18-06.59.59:344][689]LogModuleManager: Shutting down and abandoning module OculusHMD (78)
[2018.12.18-06.59.59:344][689]LogModuleManager: Shutting down and abandoning module ExampleDeviceProfileSelector (76)
[2018.12.18-06.59.59:344][689]LogModuleManager: Shutting down and abandoning module LauncherChunkInstaller (74)
[2018.12.18-06.59.59:344][689]LogModuleManager: Shutting down and abandoning module OnlineBlueprintSupport (72)
[2018.12.18-06.59.59:344][689]LogModuleManager: Shutting down and abandoning module OnlineSubsystem (68)
[2018.12.18-06.59.59:369][689]LogModuleManager: Shutting down and abandoning module XMPP (63)
[2018.12.18-06.59.59:376][689]LogModuleManager: Shutting down and abandoning module WebSockets (62)
[2018.12.18-06.59.59:385][689]LogModuleManager: Shutting down and abandoning module HTTP (59)
[2018.12.18-06.59.59:385][689]LogHttp: Display: Http module shutting down, but needs to wait on 1 outstanding Http requests:
[2018.12.18-06.59.59:386][689]LogHttp: Display: 	verb=[POST] url=[https://datarouter.ol.epicgames.com/datarouter/api/v1/public/data?SessionID=%7B7572085E-4DFA-6409-301C-5BA55086F30E%7D&AppID=UEEditor.Rocket.Release&AppVersion=4.21.1-4613538%2B%2B%2BUE4%2BRelease-4.21&UserID=a1aeb9204ed8e903b91044859e865fcd%7C8afa652a56df4de7afdf168c5328fdb5%7Cd754c2f7-4f42-4702-87da-17d9c8c3695e&AppEnvironment=datacollector-binary&UploadType=eteventstream] status=Processing
[2018.12.18-06.59.59:405][689]LogModuleManager: Shutting down and abandoning module SSL (58)
[2018.12.18-06.59.59:406][689]LogModuleManager: Shutting down and abandoning module MagicLeapIdentity (54)
[2018.12.18-06.59.59:406][689]LogModuleManager: Shutting down and abandoning module MagicLeapHelperVulkan (52)
[2018.12.18-06.59.59:406][689]LogModuleManager: Shutting down and abandoning module MagicLeapHelperOpenGL (50)
[2018.12.18-06.59.59:406][689]LogModuleManager: Shutting down and abandoning module MagicLeapSecureStorage (48)
[2018.12.18-06.59.59:406][689]LogModuleManager: Shutting down and abandoning module MagicLeapHandTracking (46)
[2018.12.18-06.59.59:406][689]LogModuleManager: Shutting down and abandoning module MagicLeapEyeTracker (44)
[2018.12.18-06.59.59:406][689]LogModuleManager: Shutting down and abandoning module MagicLeapController (42)
[2018.12.18-06.59.59:406][689]LogSlate: Slate User Destroyed.  User Index 0, Is Virtual User: 0
[2018.12.18-06.59.59:406][689]LogModuleManager: Shutting down and abandoning module MagicLeap (40)
[2018.12.18-06.59.59:406][689]LogModuleManager: Shutting down and abandoning module DatasmithContent (38)
[2018.12.18-06.59.59:407][689]LogModuleManager: Shutting down and abandoning module AnimationModifiers (36)
[2018.12.18-06.59.59:414][689]LogModuleManager: Shutting down and abandoning module PropertyEditor (35)
[2018.12.18-06.59.59:418][689]LogModuleManager: Shutting down and abandoning module AudioEditor (32)
[2018.12.18-06.59.59:422][689]LogModuleManager: Shutting down and abandoning module TextureCompressor (30)
[2018.12.18-06.59.59:422][689]LogModuleManager: Shutting down and abandoning module ShaderCore (28)
[2018.12.18-06.59.59:422][689]LogModuleManager: Shutting down and abandoning module Landscape (26)
[2018.12.18-06.59.59:422][689]LogModuleManager: Shutting down and abandoning module SlateRHIRenderer (24)
[2018.12.18-06.59.59:422][689]LogModuleManager: Shutting down and abandoning module OpenGLDrv (22)
[2018.12.18-06.59.59:427][689]LogModuleManager: Shutting down and abandoning module D3D11RHI (20)
[2018.12.18-06.59.59:427][689]LogModuleManager: Shutting down and abandoning module AnimGraphRuntime (18)
[2018.12.18-06.59.59:427][689]LogModuleManager: Shutting down and abandoning module Renderer (16)
[2018.12.18-06.59.59:427][689]LogModuleManager: Shutting down and abandoning module Engine (14)
[2018.12.18-06.59.59:427][689]LogModuleManager: Shutting down and abandoning module CoreUObject (12)
[2018.12.18-06.59.59:427][689]LogModuleManager: Shutting down and abandoning module NetworkFile (10)
[2018.12.18-06.59.59:427][689]LogModuleManager: Shutting down and abandoning module CookedIterativeFile (8)
[2018.12.18-06.59.59:427][689]LogModuleManager: Shutting down and abandoning module StreamingFile (6)
[2018.12.18-06.59.59:427][689]LogModuleManager: Shutting down and abandoning module SandboxFile (4)
[2018.12.18-06.59.59:427][689]LogModuleManager: Shutting down and abandoning module PakFile (2)
[2018.12.18-06.59.59:443][689]LogExit: Exiting.
[2018.12.18-06.59.59:450][689]Log file closed, 12/18/18 00:59:59
