Log file open, 02/18/19 07:13:12
LogWindows: Failed to load 'aqProf.dll' (GetLastError=126)
LogWindows: File 'aqProf.dll' does not exist
LogWindows: Failed to load 'VtuneApi.dll' (GetLastError=126)
LogWindows: File 'VtuneApi.dll' does not exist
LogWindows: Failed to load 'VtuneApi32e.dll' (GetLastError=126)
LogWindows: File 'VtuneApi32e.dll' does not exist
LogConsoleResponse: Display: Failed to find resolution value strings in scalability ini. Falling back to default.
LogInit: Display: Running engine for game: NethkenHall
LogPakFile: Registered encryption key '00000000000000000000000000000000': 0 pak files mounted, 0 remain pending
LogPlatformFile: Not using cached read wrapper
LogTaskGraph: Started task graph with 5 named threads and 14 total threads with 3 sets of task threads.
LogStats: Stats thread started at 0.181775
LogD3D11RHI: Loaded GFSDK_Aftermath_Lib.x64.dll
LogICUInternationalization: ICU TimeZone Detection - Raw Offset: -6:00, Platform Override: ''
LogPluginManager: Mounting plugin Paper2D
LogPluginManager: Mounting plugin AISupport
LogPluginManager: Mounting plugin LightPropagationVolume
LogPluginManager: Mounting plugin ActorLayerUtilities
LogPluginManager: Mounting plugin CLionSourceCodeAccess
LogPluginManager: Mounting plugin CodeLiteSourceCodeAccess
LogPluginManager: Mounting plugin GitSourceControl
LogPluginManager: Mounting plugin KDevelopSourceCodeAccess
LogPluginManager: Mounting plugin NullSourceCodeAccess
LogPluginManager: Mounting plugin PerforceSourceControl
LogPluginManager: Mounting plugin SubversionSourceControl
LogPluginManager: Mounting plugin UObjectPlugin
LogPluginManager: Mounting plugin VisualStudioCodeSourceCodeAccess
LogPluginManager: Mounting plugin VisualStudioSourceCodeAccess
LogPluginManager: Mounting plugin XCodeSourceCodeAccess
LogPluginManager: Mounting plugin AssetManagerEditor
LogPluginManager: Mounting plugin CryptoKeys
LogPluginManager: Mounting plugin DataValidation
LogPluginManager: Mounting plugin EditorScriptingUtilities
LogPluginManager: Mounting plugin FacialAnimation
LogPluginManager: Mounting plugin GameplayTagsEditor
LogPluginManager: Mounting plugin MacGraphicsSwitching
LogPluginManager: Mounting plugin MeshEditor
LogPluginManager: Mounting plugin MobileLauncherProfileWizard
LogPluginManager: Mounting plugin PluginBrowser
LogPluginManager: Mounting plugin SpeedTreeImporter
LogPluginManager: Mounting plugin DatasmithContent
LogPluginManager: Mounting plugin VariantManagerContent
LogPluginManager: Mounting plugin AlembicImporter
LogPluginManager: Mounting plugin AppleImageUtils
LogPluginManager: Mounting plugin AppleVision
LogPluginManager: Mounting plugin BackChannel
LogPluginManager: Mounting plugin CharacterAI
LogPluginManager: Mounting plugin GeometryCache
LogPluginManager: Mounting plugin HTML5Networking
LogPluginManager: Mounting plugin ProxyLODPlugin
LogPluginManager: Mounting plugin MagicLeap
LogPluginManager: Mounting plugin MagicLeapMedia
LogPluginManager: Mounting plugin AndroidMedia
LogPluginManager: Mounting plugin AvfMedia
LogPluginManager: Mounting plugin ImgMedia
LogPluginManager: Mounting plugin LinearTimecode
LogPluginManager: Mounting plugin MediaCompositing
LogPluginManager: Mounting plugin MediaPlayerEditor
LogPluginManager: Mounting plugin WebMMedia
LogPluginManager: Mounting plugin WmfMedia
LogPluginManager: Mounting plugin TcpMessaging
LogPluginManager: Mounting plugin UdpMessaging
LogPluginManager: Mounting plugin ActorSequence
LogPluginManager: Mounting plugin LevelSequenceEditor
LogPluginManager: Mounting plugin MatineeToLevelSequence
LogPluginManager: Mounting plugin NetcodeUnitTest
LogPluginManager: Mounting plugin NUTUnrealEngine4
LogPluginManager: Mounting plugin OnlineSubsystemGooglePlay
LogPluginManager: Mounting plugin OnlineSubsystemIOS
LogPluginManager: Mounting plugin OnlineSubsystem
LogPluginManager: Mounting plugin OnlineSubsystemNull
LogPluginManager: Mounting plugin OnlineSubsystemUtils
LogPluginManager: Mounting plugin LauncherChunkInstaller
LogPluginManager: Mounting plugin AndroidDeviceProfileSelector
LogPluginManager: Mounting plugin AndroidMoviePlayer
LogPluginManager: Mounting plugin AndroidPermission
LogPluginManager: Mounting plugin AppleMoviePlayer
LogPluginManager: Mounting plugin ArchVisCharacter
LogPluginManager: Mounting plugin AudioCapture
LogPluginManager: Mounting plugin CableComponent
LogPluginManager: Mounting plugin CustomMeshComponent
LogPluginManager: Mounting plugin EditableMesh
LogPluginManager: Mounting plugin ExampleDeviceProfileSelector
LogPluginManager: Mounting plugin Firebase
LogPluginManager: Mounting plugin GoogleCloudMessaging
LogPluginManager: Mounting plugin IOSDeviceProfileSelector
LogPluginManager: Mounting plugin LinuxDeviceProfileSelector
LogPluginManager: Mounting plugin LocationServicesBPLibrary
LogPluginManager: Mounting plugin MobilePatchingUtils
LogPluginManager: Mounting plugin OculusVR
LogPluginManager: Mounting plugin PhysXVehicles
LogPluginManager: Mounting plugin ProceduralMeshComponent
LogPluginManager: Mounting plugin RuntimePhysXCooking
LogPluginManager: Mounting plugin SteamVR
LogPluginManager: Mounting plugin WebMMoviePlayer
LogPluginManager: Mounting plugin WindowsMoviePlayer
LogPluginManager: Mounting plugin DatasmithCADImporter
LogPluginManager: Mounting plugin DatasmithFBXImporter
LogPluginManager: Mounting plugin DatasmithImporter
LogPluginManager: Mounting plugin MDLImporter
LogPluginManager: Mounting plugin StaticMeshEditorExtension
LogPluginManager: Mounting plugin VariantManager
LogStreaming: Display: Took  0.102s to configure plugins.
LogInit: Using libcurl 7.55.1-DEV
LogInit:  - built for x86_64-pc-win32
LogInit:  - supports SSL with OpenSSL/1.0.2h
LogInit:  - supports HTTP deflate (compression) using libz 1.2.8
LogInit:  - other features:
LogInit:      CURL_VERSION_SSL
LogInit:      CURL_VERSION_LIBZ
LogInit:      CURL_VERSION_IPV6
LogInit:      CURL_VERSION_ASYNCHDNS
LogInit:      CURL_VERSION_LARGEFILE
LogInit:      CURL_VERSION_IDN
LogInit:  CurlRequestOptions (configurable via config and command line):
LogInit:  - bVerifyPeer = true  - Libcurl will verify peer certificate
LogInit:  - bUseHttpProxy = false  - Libcurl will NOT use HTTP proxy
LogInit:  - bDontReuseConnections = false  - Libcurl will reuse connections
LogInit:  - MaxHostConnections = 16  - Libcurl will limit the number of connections to a host
LogInit:  - LocalHostAddr = Default
LogInit:  - BufferSize = 65536
LogInit: WinSock: version 1.1 (2.2), MaxSocks=32767, MaxUdp=65467
LogInit: Build: ++UE4+Release-4.21-CL-4613538
LogInit: Engine Version: 4.21.1-4613538+++UE4+Release-4.21
LogInit: Compatible Engine Version: 4.21.0-4541578+++UE4+Release-4.21
LogInit: Net CL: 4541578
LogInit: OS: Windows 10 (), CPU: Intel(R) Core(TM) i5-6500 CPU @ 3.20GHz, GPU: NVIDIA GeForce GTX 1060 6GB
LogInit: Compiled (64-bit): Nov 30 2018 04:13:25
LogInit: Compiled with Visual C++: 19.13.26129.00
LogInit: Build Configuration: Development
LogInit: Branch Name: ++UE4+Release-4.21
LogInit: Command Line: 
LogInit: Base Directory: Z:/Epic Games/UE_4.21/Engine/Binaries/Win64/
LogInit: Installed Engine Build: 1
LogDevObjectVersion: Number of dev versions registered: 22
LogDevObjectVersion:   Dev-Blueprints (B0D832E4-1F89-4F0D-ACCF-7EB736FD4AA2): 10
LogDevObjectVersion:   Dev-Build (E1C64328-A22C-4D53-A36C-8E866417BD8C): 0
LogDevObjectVersion:   Dev-Core (375EC13C-06E4-48FB-B500-84F0262A717E): 2
LogDevObjectVersion:   Dev-Editor (E4B068ED-F494-42E9-A231-DA0B2E46BB41): 26
LogDevObjectVersion:   Dev-Framework (CFFC743F-43B0-4480-9391-14DF171D2073): 34
LogDevObjectVersion:   Dev-Mobile (B02B49B5-BB20-44E9-A304-32B752E40360): 2
LogDevObjectVersion:   Dev-Networking (A4E4105C-59A1-49B5-A7C5-40C4547EDFEE): 0
LogDevObjectVersion:   Dev-Online (39C831C9-5AE6-47DC-9A44-9C173E1C8E7C): 0
LogDevObjectVersion:   Dev-Physics (78F01B33-EBEA-4F98-B9B4-84EACCB95AA2): 0
LogDevObjectVersion:   Dev-Platform (6631380F-2D4D-43E0-8009-CF276956A95A): 0
LogDevObjectVersion:   Dev-Rendering (12F88B9F-8875-4AFC-A67C-D90C383ABD29): 27
LogDevObjectVersion:   Dev-Sequencer (7B5AE74C-D270-4C10-A958-57980B212A5A): 9
LogDevObjectVersion:   Dev-VR (D7296918-1DD6-4BDD-9DE2-64A83CC13884): 2
LogDevObjectVersion:   Dev-LoadTimes (C2A15278-BFE7-4AFE-6C17-90FF531DF755): 1
LogDevObjectVersion:   Private-Geometry (6EACA3D4-40EC-4CC1-B786-8BED09428FC5): 3
LogDevObjectVersion:   Dev-AnimPhys (29E575DD-E0A3-4627-9D10-D276232CDCEA): 17
LogDevObjectVersion:   Dev-Anim (AF43A65D-7FD3-4947-9873-3E8ED9C1BB05): 2
LogDevObjectVersion:   Dev-ReflectionCapture (6B266CEC-1EC7-4B8F-A30B-E4D90942FC07): 1
LogDevObjectVersion:   Dev-Automation (0DF73D61-A23F-47EA-B727-89E90C41499A): 1
LogDevObjectVersion:   FortniteMain (601D1886-AC64-4F84-AA16-D3DE0DEAC7D6): 17
LogDevObjectVersion:   Dev-Enterprise (9DFFBCD6-494F-0158-E221-12823C92A888): 4
LogDevObjectVersion:   Dev-Niagara (F2AED0AC-9AFE-416F-8664-AA7FFA26D6FC): 1
LogStreaming: Display: Took  0.003s to delete old logs.
LogInit: Presizing for max 8388607 objects, including 0 objects not considered by GC, pre-allocating 0 bytes for permanent pool.
LogInit: Object subsystem initialized
LogConfig: Setting CVar [[con.DebugEarlyDefault:1]]
LogConfig: Setting CVar [[r.setres:1280x720]]
[2019.02.18-13.13.12:991][  0]LogConfig: Setting CVar [[r.VSync:0]]
[2019.02.18-13.13.12:991][  0]LogConfig: Setting CVar [[r.RHICmdBypass:0]]
[2019.02.18-13.13.12:991][  0]LogConfig: Applying CVar settings from Section [/Script/Engine.RendererSettings] File [C:/Users/Davisync/Desktop/graphicsdesignproject/graphicsdesignproject/NethkenHall/Saved/Config/Windows/Engine.ini]
[2019.02.18-13.13.12:991][  0]LogConfig: Setting CVar [[r.GPUCrashDebugging:0]]
[2019.02.18-13.13.12:991][  0]LogConfig: Applying CVar settings from Section [/Script/Engine.RendererOverrideSettings] File [C:/Users/Davisync/Desktop/graphicsdesignproject/graphicsdesignproject/NethkenHall/Saved/Config/Windows/Engine.ini]
[2019.02.18-13.13.12:991][  0]LogConfig: Applying CVar settings from Section [/Script/Engine.StreamingSettings] File [C:/Users/Davisync/Desktop/graphicsdesignproject/graphicsdesignproject/NethkenHall/Saved/Config/Windows/Engine.ini]
[2019.02.18-13.13.12:991][  0]LogConfig: Setting CVar [[s.MinBulkDataSizeForAsyncLoading:131072]]
[2019.02.18-13.13.12:991][  0]LogConfig: Setting CVar [[s.AsyncLoadingThreadEnabled:0]]
[2019.02.18-13.13.12:992][  0]LogConfig: Setting CVar [[s.EventDrivenLoaderEnabled:1]]
[2019.02.18-13.13.12:992][  0]LogConfig: Setting CVar [[s.WarnIfTimeLimitExceeded:0]]
[2019.02.18-13.13.12:992][  0]LogConfig: Setting CVar [[s.TimeLimitExceededMultiplier:1.5]]
[2019.02.18-13.13.12:992][  0]LogConfig: Setting CVar [[s.TimeLimitExceededMinTime:0.005]]
[2019.02.18-13.13.12:992][  0]LogConfig: Setting CVar [[s.UseBackgroundLevelStreaming:1]]
[2019.02.18-13.13.12:992][  0]LogConfig: Setting CVar [[s.PriorityAsyncLoadingExtraTime:15.0]]
[2019.02.18-13.13.12:992][  0]LogConfig: Setting CVar [[s.LevelStreamingActorsUpdateTimeLimit:5.0]]
[2019.02.18-13.13.12:992][  0]LogConfig: Setting CVar [[s.PriorityLevelStreamingActorsUpdateExtraTime:5.0]]
[2019.02.18-13.13.12:992][  0]LogConfig: Setting CVar [[s.LevelStreamingComponentsRegistrationGranularity:10]]
[2019.02.18-13.13.12:992][  0]LogConfig: Setting CVar [[s.UnregisterComponentsTimeLimit:1.0]]
[2019.02.18-13.13.12:992][  0]LogConfig: Setting CVar [[s.LevelStreamingComponentsUnregistrationGranularity:5]]
[2019.02.18-13.13.12:992][  0]LogConfig: Applying CVar settings from Section [/Script/Engine.GarbageCollectionSettings] File [C:/Users/Davisync/Desktop/graphicsdesignproject/graphicsdesignproject/NethkenHall/Saved/Config/Windows/Engine.ini]
[2019.02.18-13.13.12:992][  0]LogConfig: Setting CVar [[gc.MaxObjectsNotConsideredByGC:1]]
[2019.02.18-13.13.12:992][  0]LogConfig: Setting CVar [[gc.SizeOfPermanentObjectPool:0]]
[2019.02.18-13.13.12:992][  0]LogConfig: Setting CVar [[gc.FlushStreamingOnGC:0]]
[2019.02.18-13.13.12:992][  0]LogConfig: Setting CVar [[gc.NumRetriesBeforeForcingGC:10]]
[2019.02.18-13.13.12:992][  0]LogConfig: Setting CVar [[gc.AllowParallelGC:1]]
[2019.02.18-13.13.12:992][  0]LogConfig: Setting CVar [[gc.TimeBetweenPurgingPendingKillObjects:61.1]]
[2019.02.18-13.13.12:992][  0]LogConfig: Setting CVar [[gc.MaxObjectsInEditor:8388607]]
[2019.02.18-13.13.12:992][  0]LogConfig: Setting CVar [[gc.IncrementalBeginDestroyEnabled:1]]
[2019.02.18-13.13.12:992][  0]LogConfig: Setting CVar [[gc.CreateGCClusters:1]]
[2019.02.18-13.13.12:992][  0]LogConfig: Setting CVar [[gc.MergeGCClusters:0]]
[2019.02.18-13.13.12:992][  0]LogConfig: Setting CVar [[gc.MinGCClusterSize:5]]
[2019.02.18-13.13.12:992][  0]LogConfig: Setting CVar [[gc.ActorClusteringEnabled:0]]
[2019.02.18-13.13.12:992][  0]LogConfig: Setting CVar [[gc.BlueprintClusteringEnabled:0]]
[2019.02.18-13.13.12:992][  0]LogConfig: Setting CVar [[gc.UseDisregardForGCOnDedicatedServers:0]]
[2019.02.18-13.13.12:992][  0]LogConfig: Applying CVar settings from Section [/Script/Engine.NetworkSettings] File [C:/Users/Davisync/Desktop/graphicsdesignproject/graphicsdesignproject/NethkenHall/Saved/Config/Windows/Engine.ini]
[2019.02.18-13.13.12:992][  0]LogConfig: Applying CVar settings from Section [/Script/UnrealEd.CookerSettings] File [C:/Users/Davisync/Desktop/graphicsdesignproject/graphicsdesignproject/NethkenHall/Saved/Config/Windows/Engine.ini]
[2019.02.18-13.13.12:994][  0]LogConfig: Applying CVar settings from Section [ViewDistanceQuality@3] File [C:/Users/Davisync/Desktop/graphicsdesignproject/graphicsdesignproject/NethkenHall/Saved/Config/Windows/Scalability.ini]
[2019.02.18-13.13.12:994][  0]LogConfig: Setting CVar [[r.SkeletalMeshLODBias:0]]
[2019.02.18-13.13.12:994][  0]LogConfig: Setting CVar [[r.ViewDistanceScale:1.0]]
[2019.02.18-13.13.12:994][  0]LogConfig: Applying CVar settings from Section [AntiAliasingQuality@3] File [C:/Users/Davisync/Desktop/graphicsdesignproject/graphicsdesignproject/NethkenHall/Saved/Config/Windows/Scalability.ini]
[2019.02.18-13.13.12:994][  0]LogConfig: Setting CVar [[r.PostProcessAAQuality:4]]
[2019.02.18-13.13.12:994][  0]LogConfig: Applying CVar settings from Section [ShadowQuality@3] File [C:/Users/Davisync/Desktop/graphicsdesignproject/graphicsdesignproject/NethkenHall/Saved/Config/Windows/Scalability.ini]
[2019.02.18-13.13.12:994][  0]LogConfig: Setting CVar [[r.LightFunctionQuality:1]]
[2019.02.18-13.13.12:994][  0]LogConfig: Setting CVar [[r.ShadowQuality:5]]
[2019.02.18-13.13.12:994][  0]LogConfig: Setting CVar [[r.Shadow.CSM.MaxCascades:10]]
[2019.02.18-13.13.12:994][  0]LogConfig: Setting CVar [[r.Shadow.MaxResolution:2048]]
[2019.02.18-13.13.12:994][  0]LogConfig: Setting CVar [[r.Shadow.MaxCSMResolution:2048]]
[2019.02.18-13.13.12:994][  0]LogConfig: Setting CVar [[r.Shadow.RadiusThreshold:0.01]]
[2019.02.18-13.13.12:994][  0]LogConfig: Setting CVar [[r.Shadow.DistanceScale:1.0]]
[2019.02.18-13.13.12:994][  0]LogConfig: Setting CVar [[r.Shadow.CSM.TransitionScale:1.0]]
[2019.02.18-13.13.12:994][  0]LogConfig: Setting CVar [[r.Shadow.PreShadowResolutionFactor:1.0]]
[2019.02.18-13.13.12:994][  0]LogConfig: Setting CVar [[r.DistanceFieldShadowing:1]]
[2019.02.18-13.13.12:994][  0]LogConfig: Setting CVar [[r.DistanceFieldAO:1]]
[2019.02.18-13.13.12:994][  0]LogConfig: Setting CVar [[r.AOQuality:2]]
[2019.02.18-13.13.12:994][  0]LogConfig: Setting CVar [[r.VolumetricFog:1]]
[2019.02.18-13.13.12:994][  0]LogConfig: Setting CVar [[r.VolumetricFog.GridPixelSize:8]]
[2019.02.18-13.13.12:994][  0]LogConfig: Setting CVar [[r.VolumetricFog.GridSizeZ:128]]
[2019.02.18-13.13.12:994][  0]LogConfig: Setting CVar [[r.VolumetricFog.HistoryMissSupersampleCount:4]]
[2019.02.18-13.13.12:994][  0]LogConfig: Setting CVar [[r.LightMaxDrawDistanceScale:1]]
[2019.02.18-13.13.12:995][  0]LogConfig: Setting CVar [[r.CapsuleShadows:1]]
[2019.02.18-13.13.12:995][  0]LogConfig: Applying CVar settings from Section [PostProcessQuality@3] File [C:/Users/Davisync/Desktop/graphicsdesignproject/graphicsdesignproject/NethkenHall/Saved/Config/Windows/Scalability.ini]
[2019.02.18-13.13.12:995][  0]LogConfig: Setting CVar [[r.MotionBlurQuality:4]]
[2019.02.18-13.13.12:995][  0]LogConfig: Setting CVar [[r.AmbientOcclusionMipLevelFactor:0.4]]
[2019.02.18-13.13.12:995][  0]LogConfig: Setting CVar [[r.AmbientOcclusionMaxQuality:100]]
[2019.02.18-13.13.12:995][  0]LogConfig: Setting CVar [[r.AmbientOcclusionLevels:-1]]
[2019.02.18-13.13.12:995][  0]LogConfig: Setting CVar [[r.AmbientOcclusionRadiusScale:1.0]]
[2019.02.18-13.13.12:995][  0]LogConfig: Setting CVar [[r.DepthOfFieldQuality:2]]
[2019.02.18-13.13.12:995][  0]LogConfig: Setting CVar [[r.RenderTargetPoolMin:400]]
[2019.02.18-13.13.12:995][  0]LogConfig: Setting CVar [[r.LensFlareQuality:2]]
[2019.02.18-13.13.12:995][  0]LogConfig: Setting CVar [[r.SceneColorFringeQuality:1]]
[2019.02.18-13.13.12:995][  0]LogConfig: Setting CVar [[r.EyeAdaptationQuality:2]]
[2019.02.18-13.13.12:995][  0]LogConfig: Setting CVar [[r.BloomQuality:5]]
[2019.02.18-13.13.12:995][  0]LogConfig: Setting CVar [[r.FastBlurThreshold:100]]
[2019.02.18-13.13.12:995][  0]LogConfig: Setting CVar [[r.Upscale.Quality:3]]
[2019.02.18-13.13.12:995][  0]LogConfig: Setting CVar [[r.Tonemapper.GrainQuantization:1]]
[2019.02.18-13.13.12:995][  0]LogConfig: Setting CVar [[r.LightShaftQuality:1]]
[2019.02.18-13.13.12:995][  0]LogConfig: Setting CVar [[r.Filter.SizeScale:1]]
[2019.02.18-13.13.12:995][  0]LogConfig: Setting CVar [[r.Tonemapper.Quality:5]]
[2019.02.18-13.13.12:995][  0]LogConfig: Setting CVar [[r.DOF.Gather.AccumulatorQuality:1        ; higher gathering accumulator quality]]
[2019.02.18-13.13.12:995][  0]LogConfig: Setting CVar [[r.DOF.Gather.PostfilterMethod:1          ; Median3x3 postfilering method]]
[2019.02.18-13.13.12:995][  0]LogConfig: Setting CVar [[r.DOF.Gather.EnableBokehSettings:0       ; no bokeh simulation when gathering]]
[2019.02.18-13.13.12:995][  0]LogConfig: Setting CVar [[r.DOF.Gather.RingCount:4                 ; medium number of samples when gathering]]
[2019.02.18-13.13.12:995][  0]LogConfig: Setting CVar [[r.DOF.Scatter.ForegroundCompositing:1    ; additive foreground scattering]]
[2019.02.18-13.13.12:995][  0]LogConfig: Setting CVar [[r.DOF.Scatter.BackgroundCompositing:2    ; additive background scattering]]
[2019.02.18-13.13.12:995][  0]LogConfig: Setting CVar [[r.DOF.Scatter.EnableBokehSettings:1      ; bokeh simulation when scattering]]
[2019.02.18-13.13.12:995][  0]LogConfig: Setting CVar [[r.DOF.Scatter.MaxSpriteRatio:0.1         ; only a maximum of 10% of scattered bokeh]]
[2019.02.18-13.13.12:995][  0]LogConfig: Setting CVar [[r.DOF.Recombine.Quality:1                ; cheap slight out of focus]]
[2019.02.18-13.13.12:995][  0]LogConfig: Setting CVar [[r.DOF.Recombine.EnableBokehSettings:0    ; no bokeh simulation on slight out of focus]]
[2019.02.18-13.13.12:995][  0]LogConfig: Setting CVar [[r.DOF.TemporalAAQuality:1                ; more stable temporal accumulation]]
[2019.02.18-13.13.12:995][  0]LogConfig: Setting CVar [[r.DOF.Kernel.MaxForegroundRadius:0.025]]
[2019.02.18-13.13.12:995][  0]LogConfig: Setting CVar [[r.DOF.Kernel.MaxBackgroundRadius:0.025]]
[2019.02.18-13.13.12:995][  0]LogConfig: Applying CVar settings from Section [TextureQuality@3] File [C:/Users/Davisync/Desktop/graphicsdesignproject/graphicsdesignproject/NethkenHall/Saved/Config/Windows/Scalability.ini]
[2019.02.18-13.13.12:995][  0]LogConfig: Setting CVar [[r.Streaming.MipBias:0]]
[2019.02.18-13.13.12:995][  0]LogConfig: Setting CVar [[r.Streaming.AmortizeCPUToGPUCopy:0]]
[2019.02.18-13.13.12:995][  0]LogConfig: Setting CVar [[r.Streaming.MaxNumTexturesToStreamPerFrame:0]]
[2019.02.18-13.13.12:995][  0]LogConfig: Setting CVar [[r.Streaming.Boost:1]]
[2019.02.18-13.13.12:995][  0]LogConfig: Setting CVar [[r.MaxAnisotropy:8]]
[2019.02.18-13.13.12:995][  0]LogConfig: Setting CVar [[r.Streaming.LimitPoolSizeToVRAM:0]]
[2019.02.18-13.13.12:995][  0]LogConfig: Setting CVar [[r.Streaming.PoolSize:1000]]
[2019.02.18-13.13.12:995][  0]LogConfig: Setting CVar [[r.Streaming.MaxEffectiveScreenSize:0]]
[2019.02.18-13.13.12:995][  0]LogConfig: Applying CVar settings from Section [EffectsQuality@3] File [C:/Users/Davisync/Desktop/graphicsdesignproject/graphicsdesignproject/NethkenHall/Saved/Config/Windows/Scalability.ini]
[2019.02.18-13.13.12:995][  0]LogConfig: Setting CVar [[r.TranslucencyLightingVolumeDim:64]]
[2019.02.18-13.13.12:995][  0]LogConfig: Setting CVar [[r.RefractionQuality:2]]
[2019.02.18-13.13.12:995][  0]LogConfig: Setting CVar [[r.SSR.Quality:3]]
[2019.02.18-13.13.12:995][  0]LogConfig: Setting CVar [[r.SceneColorFormat:4]]
[2019.02.18-13.13.12:995][  0]LogConfig: Setting CVar [[r.DetailMode:2]]
[2019.02.18-13.13.12:995][  0]LogConfig: Setting CVar [[r.TranslucencyVolumeBlur:1]]
[2019.02.18-13.13.12:995][  0]LogConfig: Setting CVar [[r.MaterialQualityLevel:1 ; High quality]]
[2019.02.18-13.13.12:995][  0]LogConfig: Setting CVar [[r.SSS.Scale:1]]
[2019.02.18-13.13.12:995][  0]LogConfig: Setting CVar [[r.SSS.SampleSet:2]]
[2019.02.18-13.13.12:995][  0]LogConfig: Setting CVar [[r.SSS.Quality:1]]
[2019.02.18-13.13.12:995][  0]LogConfig: Setting CVar [[r.SSS.HalfRes:1]]
[2019.02.18-13.13.12:995][  0]LogConfig: Setting CVar [[r.EmitterSpawnRateScale:1.0]]
[2019.02.18-13.13.12:995][  0]LogConfig: Setting CVar [[r.ParticleLightQuality:2]]
[2019.02.18-13.13.12:995][  0]LogConfig: Applying CVar settings from Section [FoliageQuality@3] File [C:/Users/Davisync/Desktop/graphicsdesignproject/graphicsdesignproject/NethkenHall/Saved/Config/Windows/Scalability.ini]
[2019.02.18-13.13.12:995][  0]LogConfig: Setting CVar [[foliage.DensityScale:1.0]]
[2019.02.18-13.13.12:995][  0]LogConfig: Setting CVar [[grass.DensityScale:1.0]]
[2019.02.18-13.13.12:995][  0]LogInit: Selected Device Profile: [Windows]
[2019.02.18-13.13.12:995][  0]LogInit: Applying CVar settings loaded from the selected device profile: [Windows]
[2019.02.18-13.13.13:007][  0]LogHAL: Display: Platform has ~ 16 GB [17141514240 / 17179869184 / 16], which maps to Larger [LargestMinGB=32, LargerMinGB=12, DefaultMinGB=8, SmallerMinGB=6, SmallestMinGB=0)
[2019.02.18-13.13.13:007][  0]LogConfig: Setting CVar [[r.Vulkan.UseRealUBs:1]]
[2019.02.18-13.13.13:007][  0]LogInit: Going up to parent DeviceProfile []
[2019.02.18-13.13.13:007][  0]LogConfig: Applying CVar settings from Section [ViewDistanceQuality@3] File [C:/Users/Davisync/Desktop/graphicsdesignproject/graphicsdesignproject/NethkenHall/Saved/Config/Windows/Scalability.ini]
[2019.02.18-13.13.13:007][  0]LogConfig: Setting CVar [[r.SkeletalMeshLODBias:0]]
[2019.02.18-13.13.13:007][  0]LogConfig: Setting CVar [[r.ViewDistanceScale:1.0]]
[2019.02.18-13.13.13:008][  0]LogConfig: Applying CVar settings from Section [AntiAliasingQuality@3] File [C:/Users/Davisync/Desktop/graphicsdesignproject/graphicsdesignproject/NethkenHall/Saved/Config/Windows/Scalability.ini]
[2019.02.18-13.13.13:008][  0]LogConfig: Setting CVar [[r.PostProcessAAQuality:4]]
[2019.02.18-13.13.13:008][  0]LogConfig: Applying CVar settings from Section [ShadowQuality@3] File [C:/Users/Davisync/Desktop/graphicsdesignproject/graphicsdesignproject/NethkenHall/Saved/Config/Windows/Scalability.ini]
[2019.02.18-13.13.13:008][  0]LogConfig: Setting CVar [[r.LightFunctionQuality:1]]
[2019.02.18-13.13.13:008][  0]LogConfig: Setting CVar [[r.ShadowQuality:5]]
[2019.02.18-13.13.13:008][  0]LogConfig: Setting CVar [[r.Shadow.CSM.MaxCascades:10]]
[2019.02.18-13.13.13:008][  0]LogConfig: Setting CVar [[r.Shadow.MaxResolution:2048]]
[2019.02.18-13.13.13:008][  0]LogConfig: Setting CVar [[r.Shadow.MaxCSMResolution:2048]]
[2019.02.18-13.13.13:008][  0]LogConfig: Setting CVar [[r.Shadow.RadiusThreshold:0.01]]
[2019.02.18-13.13.13:008][  0]LogConfig: Setting CVar [[r.Shadow.DistanceScale:1.0]]
[2019.02.18-13.13.13:008][  0]LogConfig: Setting CVar [[r.Shadow.CSM.TransitionScale:1.0]]
[2019.02.18-13.13.13:008][  0]LogConfig: Setting CVar [[r.Shadow.PreShadowResolutionFactor:1.0]]
[2019.02.18-13.13.13:008][  0]LogConfig: Setting CVar [[r.DistanceFieldShadowing:1]]
[2019.02.18-13.13.13:008][  0]LogConfig: Setting CVar [[r.DistanceFieldAO:1]]
[2019.02.18-13.13.13:008][  0]LogConfig: Setting CVar [[r.AOQuality:2]]
[2019.02.18-13.13.13:008][  0]LogConfig: Setting CVar [[r.VolumetricFog:1]]
[2019.02.18-13.13.13:008][  0]LogConfig: Setting CVar [[r.VolumetricFog.GridPixelSize:8]]
[2019.02.18-13.13.13:008][  0]LogConfig: Setting CVar [[r.VolumetricFog.GridSizeZ:128]]
[2019.02.18-13.13.13:008][  0]LogConfig: Setting CVar [[r.VolumetricFog.HistoryMissSupersampleCount:4]]
[2019.02.18-13.13.13:008][  0]LogConfig: Setting CVar [[r.LightMaxDrawDistanceScale:1]]
[2019.02.18-13.13.13:008][  0]LogConfig: Setting CVar [[r.CapsuleShadows:1]]
[2019.02.18-13.13.13:008][  0]LogConfig: Applying CVar settings from Section [PostProcessQuality@3] File [C:/Users/Davisync/Desktop/graphicsdesignproject/graphicsdesignproject/NethkenHall/Saved/Config/Windows/Scalability.ini]
[2019.02.18-13.13.13:008][  0]LogConfig: Setting CVar [[r.MotionBlurQuality:4]]
[2019.02.18-13.13.13:008][  0]LogConfig: Setting CVar [[r.AmbientOcclusionMipLevelFactor:0.4]]
[2019.02.18-13.13.13:008][  0]LogConfig: Setting CVar [[r.AmbientOcclusionMaxQuality:100]]
[2019.02.18-13.13.13:008][  0]LogConfig: Setting CVar [[r.AmbientOcclusionLevels:-1]]
[2019.02.18-13.13.13:008][  0]LogConfig: Setting CVar [[r.AmbientOcclusionRadiusScale:1.0]]
[2019.02.18-13.13.13:008][  0]LogConfig: Setting CVar [[r.DepthOfFieldQuality:2]]
[2019.02.18-13.13.13:008][  0]LogConfig: Setting CVar [[r.RenderTargetPoolMin:400]]
[2019.02.18-13.13.13:008][  0]LogConfig: Setting CVar [[r.LensFlareQuality:2]]
[2019.02.18-13.13.13:008][  0]LogConfig: Setting CVar [[r.SceneColorFringeQuality:1]]
[2019.02.18-13.13.13:008][  0]LogConfig: Setting CVar [[r.EyeAdaptationQuality:2]]
[2019.02.18-13.13.13:008][  0]LogConfig: Setting CVar [[r.BloomQuality:5]]
[2019.02.18-13.13.13:008][  0]LogConfig: Setting CVar [[r.FastBlurThreshold:100]]
[2019.02.18-13.13.13:008][  0]LogConfig: Setting CVar [[r.Upscale.Quality:3]]
[2019.02.18-13.13.13:008][  0]LogConfig: Setting CVar [[r.Tonemapper.GrainQuantization:1]]
[2019.02.18-13.13.13:008][  0]LogConfig: Setting CVar [[r.LightShaftQuality:1]]
[2019.02.18-13.13.13:008][  0]LogConfig: Setting CVar [[r.Filter.SizeScale:1]]
[2019.02.18-13.13.13:008][  0]LogConfig: Setting CVar [[r.Tonemapper.Quality:5]]
[2019.02.18-13.13.13:008][  0]LogConfig: Setting CVar [[r.DOF.Gather.AccumulatorQuality:1        ; higher gathering accumulator quality]]
[2019.02.18-13.13.13:008][  0]LogConfig: Setting CVar [[r.DOF.Gather.PostfilterMethod:1          ; Median3x3 postfilering method]]
[2019.02.18-13.13.13:008][  0]LogConfig: Setting CVar [[r.DOF.Gather.EnableBokehSettings:0       ; no bokeh simulation when gathering]]
[2019.02.18-13.13.13:008][  0]LogConfig: Setting CVar [[r.DOF.Gather.RingCount:4                 ; medium number of samples when gathering]]
[2019.02.18-13.13.13:008][  0]LogConfig: Setting CVar [[r.DOF.Scatter.ForegroundCompositing:1    ; additive foreground scattering]]
[2019.02.18-13.13.13:008][  0]LogConfig: Setting CVar [[r.DOF.Scatter.BackgroundCompositing:2    ; additive background scattering]]
[2019.02.18-13.13.13:008][  0]LogConfig: Setting CVar [[r.DOF.Scatter.EnableBokehSettings:1      ; bokeh simulation when scattering]]
[2019.02.18-13.13.13:008][  0]LogConfig: Setting CVar [[r.DOF.Scatter.MaxSpriteRatio:0.1         ; only a maximum of 10% of scattered bokeh]]
[2019.02.18-13.13.13:008][  0]LogConfig: Setting CVar [[r.DOF.Recombine.Quality:1                ; cheap slight out of focus]]
[2019.02.18-13.13.13:008][  0]LogConfig: Setting CVar [[r.DOF.Recombine.EnableBokehSettings:0    ; no bokeh simulation on slight out of focus]]
[2019.02.18-13.13.13:008][  0]LogConfig: Setting CVar [[r.DOF.TemporalAAQuality:1                ; more stable temporal accumulation]]
[2019.02.18-13.13.13:008][  0]LogConfig: Setting CVar [[r.DOF.Kernel.MaxForegroundRadius:0.025]]
[2019.02.18-13.13.13:008][  0]LogConfig: Setting CVar [[r.DOF.Kernel.MaxBackgroundRadius:0.025]]
[2019.02.18-13.13.13:008][  0]LogConfig: Applying CVar settings from Section [TextureQuality@3] File [C:/Users/Davisync/Desktop/graphicsdesignproject/graphicsdesignproject/NethkenHall/Saved/Config/Windows/Scalability.ini]
[2019.02.18-13.13.13:008][  0]LogConfig: Setting CVar [[r.Streaming.MipBias:0]]
[2019.02.18-13.13.13:008][  0]LogConfig: Setting CVar [[r.Streaming.AmortizeCPUToGPUCopy:0]]
[2019.02.18-13.13.13:008][  0]LogConfig: Setting CVar [[r.Streaming.MaxNumTexturesToStreamPerFrame:0]]
[2019.02.18-13.13.13:008][  0]LogConfig: Setting CVar [[r.Streaming.Boost:1]]
[2019.02.18-13.13.13:008][  0]LogConfig: Setting CVar [[r.MaxAnisotropy:8]]
[2019.02.18-13.13.13:008][  0]LogConfig: Setting CVar [[r.Streaming.LimitPoolSizeToVRAM:0]]
[2019.02.18-13.13.13:008][  0]LogConfig: Setting CVar [[r.Streaming.PoolSize:1000]]
[2019.02.18-13.13.13:008][  0]LogConfig: Setting CVar [[r.Streaming.MaxEffectiveScreenSize:0]]
[2019.02.18-13.13.13:008][  0]LogConfig: Applying CVar settings from Section [EffectsQuality@3] File [C:/Users/Davisync/Desktop/graphicsdesignproject/graphicsdesignproject/NethkenHall/Saved/Config/Windows/Scalability.ini]
[2019.02.18-13.13.13:008][  0]LogConfig: Setting CVar [[r.TranslucencyLightingVolumeDim:64]]
[2019.02.18-13.13.13:008][  0]LogConfig: Setting CVar [[r.RefractionQuality:2]]
[2019.02.18-13.13.13:008][  0]LogConfig: Setting CVar [[r.SSR.Quality:3]]
[2019.02.18-13.13.13:008][  0]LogConfig: Setting CVar [[r.SceneColorFormat:4]]
[2019.02.18-13.13.13:008][  0]LogConfig: Setting CVar [[r.DetailMode:2]]
[2019.02.18-13.13.13:008][  0]LogConfig: Setting CVar [[r.TranslucencyVolumeBlur:1]]
[2019.02.18-13.13.13:008][  0]LogConfig: Setting CVar [[r.MaterialQualityLevel:1 ; High quality]]
[2019.02.18-13.13.13:008][  0]LogConfig: Setting CVar [[r.SSS.Scale:1]]
[2019.02.18-13.13.13:008][  0]LogConfig: Setting CVar [[r.SSS.SampleSet:2]]
[2019.02.18-13.13.13:009][  0]LogConfig: Setting CVar [[r.SSS.Quality:1]]
[2019.02.18-13.13.13:009][  0]LogConfig: Setting CVar [[r.SSS.HalfRes:1]]
[2019.02.18-13.13.13:009][  0]LogConfig: Setting CVar [[r.EmitterSpawnRateScale:1.0]]
[2019.02.18-13.13.13:009][  0]LogConfig: Setting CVar [[r.ParticleLightQuality:2]]
[2019.02.18-13.13.13:009][  0]LogConfig: Applying CVar settings from Section [FoliageQuality@3] File [C:/Users/Davisync/Desktop/graphicsdesignproject/graphicsdesignproject/NethkenHall/Saved/Config/Windows/Scalability.ini]
[2019.02.18-13.13.13:009][  0]LogConfig: Setting CVar [[foliage.DensityScale:1.0]]
[2019.02.18-13.13.13:009][  0]LogConfig: Setting CVar [[grass.DensityScale:1.0]]
[2019.02.18-13.13.13:009][  0]LogConfig: Applying CVar settings from Section [Startup] File [../../../Engine/Config/ConsoleVariables.ini]
[2019.02.18-13.13.13:009][  0]LogConfig: Setting CVar [[net.UseAdaptiveNetUpdateFrequency:0]]
[2019.02.18-13.13.13:009][  0]LogConfig: Applying CVar settings from Section [ConsoleVariables] File [C:/Users/Davisync/Desktop/graphicsdesignproject/graphicsdesignproject/NethkenHall/Saved/Config/Windows/Engine.ini]
[2019.02.18-13.13.13:009][  0]LogInit: Computer: DESKTOP-QC3JOJN
[2019.02.18-13.13.13:009][  0]LogInit: User: Davisync
[2019.02.18-13.13.13:009][  0]LogInit: CPU Page size=4096, Cores=4
[2019.02.18-13.13.13:009][  0]LogInit: High frequency timer resolution =3.117192 MHz
[2019.02.18-13.13.13:009][  0]LogMemory: Memory total: Physical=16.0GB (16GB approx)
[2019.02.18-13.13.13:009][  0]LogMemory: Platform Memory Stats for Windows
[2019.02.18-13.13.13:009][  0]LogMemory: Process Physical Memory: 102.04 MB used, 102.04 MB peak
[2019.02.18-13.13.13:009][  0]LogMemory: Process Virtual Memory: 84.62 MB used, 84.62 MB peak
[2019.02.18-13.13.13:009][  0]LogMemory: Physical Memory: 5943.95 MB used,  10403.47 MB free, 16347.42 MB total
[2019.02.18-13.13.13:009][  0]LogMemory: Virtual Memory: 4627.98 MB used,  134213096.00 MB free, 134217728.00 MB total
[2019.02.18-13.13.13:029][  0]LogInit: Using OS detected language (en-US).
[2019.02.18-13.13.13:029][  0]LogInit: Using OS detected locale (en-US).
[2019.02.18-13.13.13:030][  0]LogTextLocalizationManager: No specific localization for 'en-US' exists, so the 'en' localization will be used.
[2019.02.18-13.13.13:425][  0]LogStreaming: Display: Took  0.396s to InitEngineTextLocalization.
[2019.02.18-13.13.13:426][  0]LogInit: Setting process to per monitor DPI aware
[2019.02.18-13.13.13:453][  0]LogSlate: New Slate User Created.  User Index 0, Is Virtual User: 0
[2019.02.18-13.13.13:453][  0]LogSlate: Slate User Registered.  User Index 0, Is Virtual User: 0
[2019.02.18-13.13.13:771][  0]LogHMD: Failed to initialize OpenVR with code 110
[2019.02.18-13.13.13:772][  0]LogD3D11RHI: D3D11 adapters:
[2019.02.18-13.13.13:825][  0]LogD3D11RHI:    0. 'NVIDIA GeForce GTX 1060 6GB' (Feature Level 11_0)
[2019.02.18-13.13.13:825][  0]LogD3D11RHI:       6052/0/8173 MB DedicatedVideo/DedicatedSystem/SharedSystem, Outputs:1, VendorId:0x10de
[2019.02.18-13.13.13:827][  0]LogD3D11RHI:    1. 'Microsoft Basic Render Driver' (Feature Level 11_0)
[2019.02.18-13.13.13:827][  0]LogD3D11RHI:       0/0/8173 MB DedicatedVideo/DedicatedSystem/SharedSystem, Outputs:0, VendorId:0x1414
[2019.02.18-13.13.13:827][  0]LogD3D11RHI: Chosen D3D11 Adapter: 0
[2019.02.18-13.13.13:833][  0]LogD3D11RHI: Creating new Direct3DDevice
[2019.02.18-13.13.13:833][  0]LogD3D11RHI:     GPU DeviceId: 0x1c03 (for the marketing name, search the web for "GPU Device Id")
[2019.02.18-13.13.13:833][  0]LogWindows: EnumDisplayDevices:
[2019.02.18-13.13.13:833][  0]LogWindows:    0. 'NVIDIA GeForce GTX 1060 6GB' (P:1 D:1)
[2019.02.18-13.13.13:833][  0]LogWindows:    1. 'NVIDIA GeForce GTX 1060 6GB' (P:0 D:0)
[2019.02.18-13.13.13:834][  0]LogWindows:    2. 'NVIDIA GeForce GTX 1060 6GB' (P:0 D:0)
[2019.02.18-13.13.13:834][  0]LogWindows:    3. 'NVIDIA GeForce GTX 1060 6GB' (P:0 D:0)
[2019.02.18-13.13.13:834][  0]LogWindows: DebugString: FoundDriverCount:4 
[2019.02.18-13.13.13:834][  0]LogD3D11RHI:     Adapter Name: NVIDIA GeForce GTX 1060 6GB
[2019.02.18-13.13.13:834][  0]LogD3D11RHI:   Driver Version: 417.71 (internal:25.21.14.1771, unified:417.71)
[2019.02.18-13.13.13:834][  0]LogD3D11RHI:      Driver Date: 1-11-2019
[2019.02.18-13.13.13:834][  0]LogRHI: Texture pool is 4236 MB (70% of 6052 MB)
[2019.02.18-13.13.13:873][  0]LogD3D11RHI: Async texture creation enabled
[2019.02.18-13.13.13:894][  0]LogD3D11RHI: GPU Timing Frequency: 1000.000000 (Debug: 2 2)
[2019.02.18-13.13.14:241][  0]LogTemp: Display: Loaded TP AllDesktopTargetPlatform
[2019.02.18-13.13.14:253][  0]LogTemp: Display: Loaded TP MacClientTargetPlatform
[2019.02.18-13.13.14:265][  0]LogTemp: Display: Loaded TP MacNoEditorTargetPlatform
[2019.02.18-13.13.14:277][  0]LogTemp: Display: Loaded TP MacServerTargetPlatform
[2019.02.18-13.13.14:289][  0]LogTemp: Display: Loaded TP MacTargetPlatform
[2019.02.18-13.13.14:301][  0]LogTemp: Display: Loaded TP WindowsClientTargetPlatform
[2019.02.18-13.13.14:313][  0]LogTemp: Display: Loaded TP WindowsNoEditorTargetPlatform
[2019.02.18-13.13.14:325][  0]LogTemp: Display: Loaded TP WindowsServerTargetPlatform
[2019.02.18-13.13.14:330][  0]LogTemp: Display: Loaded TP WindowsTargetPlatform
[2019.02.18-13.13.14:401][  0]LogTemp: Display: Loaded TP AndroidTargetPlatform
[2019.02.18-13.13.14:401][  0]LogTemp: Display: Loaded TP AndroidTargetPlatform
[2019.02.18-13.13.14:401][  0]LogTemp: Display: Loaded TP AndroidTargetPlatform
[2019.02.18-13.13.14:402][  0]LogTemp: Display: Loaded TP AndroidTargetPlatform
[2019.02.18-13.13.14:402][  0]LogTemp: Display: Loaded TP AndroidTargetPlatform
[2019.02.18-13.13.14:402][  0]LogTemp: Display: Loaded TP AndroidTargetPlatform
[2019.02.18-13.13.14:402][  0]LogTemp: Display: Loaded TP AndroidTargetPlatform
[2019.02.18-13.13.14:402][  0]LogTemp: Display: Loaded TP AndroidTargetPlatform
[2019.02.18-13.13.14:402][  0]LogTemp: Display: Loaded TP AndroidTargetPlatform
[2019.02.18-13.13.14:402][  0]LogTemp: Display: Loaded TP AndroidTargetPlatform
[2019.02.18-13.13.14:402][  0]LogTemp: Display: Loaded TP AndroidTargetPlatform
[2019.02.18-13.13.14:402][  0]LogTemp: Display: Loaded TP AndroidTargetPlatform
[2019.02.18-13.13.14:402][  0]LogTemp: Display: Loaded TP AndroidTargetPlatform
[2019.02.18-13.13.14:402][  0]LogTemp: Display: Loaded TP AndroidTargetPlatform
[2019.02.18-13.13.14:402][  0]LogTemp: Display: Loaded TP AndroidTargetPlatform
[2019.02.18-13.13.14:402][  0]LogTemp: Display: Loaded TP AndroidTargetPlatform
[2019.02.18-13.13.14:402][  0]LogTemp: Display: Loaded TP AndroidTargetPlatform
[2019.02.18-13.13.14:402][  0]LogTemp: Display: Loaded TP AndroidTargetPlatform
[2019.02.18-13.13.14:403][  0]LogTemp: Display: Loaded TP HTML5TargetPlatform
[2019.02.18-13.13.14:463][  0]LogTemp: Display: Loaded TP IOSTargetPlatform
[2019.02.18-13.13.14:463][  0]LogTemp: Display: Loaded TP IOSTargetPlatform
[2019.02.18-13.13.14:487][  0]LogTemp: Display: Loaded TP TVOSTargetPlatform
[2019.02.18-13.13.14:487][  0]LogTemp: Display: Loaded TP TVOSTargetPlatform
[2019.02.18-13.13.14:499][  0]LogTemp: Display: Loaded TP LinuxClientTargetPlatform
[2019.02.18-13.13.14:512][  0]LogTemp: Display: Loaded TP LinuxNoEditorTargetPlatform
[2019.02.18-13.13.14:528][  0]LogTemp: Display: Loaded TP LinuxServerTargetPlatform
[2019.02.18-13.13.14:541][  0]LogTemp: Display: Loaded TP LinuxTargetPlatform
[2019.02.18-13.13.14:586][  0]LogTemp: Display: Loaded TP LuminTargetPlatform
[2019.02.18-13.13.14:586][  0]LogTemp: Display: Loaded TP LuminTargetPlatform
[2019.02.18-13.13.14:587][  0]LogTargetPlatformManager: Display: Building Assets For Windows
[2019.02.18-13.13.14:638][  0]LogShaderCompilers: Guid format shader working directory is -32 characters bigger than the processId version (C:/Users/Davisync/Desktop/graphicsdesignproject/graphicsdesignproject/NethkenHall/Intermediate/Shaders/WorkingDirectory/3580/).
[2019.02.18-13.13.14:638][  0]LogShaderCompilers: Cleaned the shader compiler working directory 'C:/Users/Davisync/AppData/Local/Temp/UnrealShaderWorkingDir/FD77D89E4FE116A671F10CBEAEE736D8/'.
[2019.02.18-13.13.14:640][  0]LogXGEController: Cannot use XGE Controller as Incredibuild is not installed on this machine.
[2019.02.18-13.13.14:641][  0]LogShaderCompilers: Cannot use XGE Shader Compiler as Incredibuild is not installed on this machine.
[2019.02.18-13.13.14:641][  0]LogShaderCompilers: Display: Using Local Shader Compiler.
[2019.02.18-13.13.15:192][  0]LogDerivedDataCache: Display: Max Cache Size: 512 MB
[2019.02.18-13.13.15:243][  0]LogDerivedDataCache: Loaded boot cache 0.05s 71MB C:/Users/Davisync/AppData/Local/UnrealEngine/4.21/DerivedDataCache/Boot.ddc.
[2019.02.18-13.13.15:243][  0]LogDerivedDataCache: Display: Loaded Boot cache: C:/Users/Davisync/AppData/Local/UnrealEngine/4.21/DerivedDataCache/Boot.ddc
[2019.02.18-13.13.15:243][  0]LogDerivedDataCache: FDerivedDataBackendGraph:  Pak pak cache file C:/Users/Davisync/Desktop/graphicsdesignproject/graphicsdesignproject/NethkenHall/DerivedDataCache/DDC.ddp not found, will not use a pak cache.
[2019.02.18-13.13.15:243][  0]LogDerivedDataCache: Unable to find inner node Pak for hierarchical cache Hierarchy.
[2019.02.18-13.13.15:243][  0]LogDerivedDataCache: FDerivedDataBackendGraph:  CompressedPak pak cache file C:/Users/Davisync/Desktop/graphicsdesignproject/graphicsdesignproject/NethkenHall/DerivedDataCache/Compressed.ddp not found, will not use a pak cache.
[2019.02.18-13.13.15:243][  0]LogDerivedDataCache: Unable to find inner node CompressedPak for hierarchical cache Hierarchy.
[2019.02.18-13.13.15:257][  0]LogDerivedDataCache: Display: Pak cache opened for reading ../../../Engine/DerivedDataCache/Compressed.ddp.
[2019.02.18-13.13.15:260][  0]LogDerivedDataCache: Display: Pak cache opened for reading ../../../Enterprise/DerivedDataCache/Compressed.ddp.
[2019.02.18-13.13.15:272][  0]LogDerivedDataCache: Using Local data cache path C:/Users/Davisync/AppData/Local/UnrealEngine/Common/DerivedDataCache: Writable
[2019.02.18-13.13.15:272][  0]LogDerivedDataCache: Shared data cache path not found in *engine.ini, will not use an Shared cache.
[2019.02.18-13.13.15:272][  0]LogDerivedDataCache: Unable to find inner node Shared for hierarchical cache Hierarchy.
[2019.02.18-13.13.15:296][  0]LogMaterial: Verifying Global Shaders for PCD3D_SM5
[2019.02.18-13.13.15:297][  0]LogSlate: Using FreeType 2.6.0
[2019.02.18-13.13.15:298][  0]LogSlate: SlateFontServices - WITH_FREETYPE: 1, WITH_HARFBUZZ: 1
[2019.02.18-13.13.15:395][  0]LogAssetRegistry: FAssetRegistry took 0.0334 seconds to start up
[2019.02.18-13.13.15:692][  0]LogInit: Selected Device Profile: [Windows]
[2019.02.18-13.13.15:839][  0]LogSimplygon: Simplygon DLL not present - disabling.
[2019.02.18-13.13.15:842][  0]LogMeshReduction: Using SimplygonSwarm for distributed automatic mesh merging
[2019.02.18-13.13.15:842][  0]LogMeshReduction: Using ProxyLODMeshReduction for automatic mesh merging
[2019.02.18-13.13.15:842][  0]LogMeshReduction: Using QuadricMeshReduction for automatic static mesh reduction
[2019.02.18-13.13.15:842][  0]LogMeshReduction: No automatic skeletal mesh reduction module available
[2019.02.18-13.13.15:857][  0]LogNetVersion: NethkenHall 1.0.0, NetCL: 4541578, EngineNetVer: 5, GameNetVer: 0 (Checksum: 1845692274)
[2019.02.18-13.13.16:393][  0]LogPackageLocalizationCache: Processed 14 localized package path(s) for 2 prioritized culture(s) in 0.108788 seconds
[2019.02.18-13.13.16:398][  0]LogUObjectArray: 39775 objects as part of root set at end of initial load.
[2019.02.18-13.13.16:398][  0]LogUObjectAllocator: 6914656 out of 0 bytes used by permanent object pool.
[2019.02.18-13.13.16:398][  0]LogUObjectArray: CloseDisregardForGC: 0/0 objects in disregard for GC pool
[2019.02.18-13.13.17:361][  0]LogTcpMessaging: Initializing TcpMessaging bridge
[2019.02.18-13.13.17:374][  0]LogUdpMessaging: Initializing bridge on interface 0.0.0.0:0 to multicast group 230.0.0.1:6666.
[2019.02.18-13.13.18:193][  0]SourceControl: Source control is disabled
[2019.02.18-13.13.18:193][  0]SourceControl: Source control is disabled
[2019.02.18-13.13.18:194][  0]SourceControl: Source control is disabled
[2019.02.18-13.13.18:195][  0]SourceControl: Source control is disabled
[2019.02.18-13.13.18:356][  0]LogAndroidPermission: UAndroidPermissionCallbackProxy::GetInstance
[2019.02.18-13.13.18:448][  0]LogOcInput: OculusInput pre-init called
[2019.02.18-13.13.20:091][  0]LogEngine: Initializing Engine...
[2019.02.18-13.13.20:092][  0]LogHMD: Failed to initialize OpenVR with code 110
[2019.02.18-13.13.20:093][  0]LogStats: UGameplayTagsManager::ConstructGameplayTagTree: ImportINI prefixes -  0.000 s
[2019.02.18-13.13.20:093][  0]LogStats: UGameplayTagsManager::ConstructGameplayTagTree: Construct from data asset -  0.000 s
[2019.02.18-13.13.20:093][  0]LogStats: UGameplayTagsManager::ConstructGameplayTagTree: ImportINI -  0.000 s
[2019.02.18-13.13.20:093][  0]LogStats: UGameplayTagsManager::ConstructGameplayTagTree: GameplayTagTreeChangedEvent.Broadcast -  0.000 s
[2019.02.18-13.13.20:339][  0]LogInit: Initializing FReadOnlyCVARCache
[2019.02.18-13.13.20:348][  0]LogAIModule: Creating AISystem for world Untitled
[2019.02.18-13.13.20:372][  0]LogInit: XAudio2 using 'Headphones (High Definition Audio Device)' : 2 channels at 48 kHz using 16 bits per sample (channel mask 0x3)
[2019.02.18-13.13.20:386][  0]LogInit: FAudioDevice initialized.
[2019.02.18-13.13.20:387][  0]LogNetVersion: Set ProjectVersion to 1.0.0.0. Version Checksum will be recalculated on next use.
[2019.02.18-13.13.20:458][  0]LogDerivedDataCache: Saved boot cache 0.07s 71MB C:/Users/Davisync/AppData/Local/UnrealEngine/4.21/DerivedDataCache/Boot.ddc.
[2019.02.18-13.13.20:471][  0]LogInit: Texture streaming: Enabled
[2019.02.18-13.13.20:483][  0]LogEngineSessionManager: EngineSessionManager initialized
[2019.02.18-13.13.20:494][  0]LogInit: Transaction tracking system initialized
[2019.02.18-13.13.20:513][  0]BlueprintLog: New page: Editor Load
[2019.02.18-13.13.20:574][  0]LocalizationService: Localization service is disabled
[2019.02.18-13.13.21:030][  0]LogFileCache: Scanning file cache for directory 'C:/Users/Davisync/Desktop/graphicsdesignproject/graphicsdesignproject/NethkenHall/Content/' took 0.02s
[2019.02.18-13.13.21:030][  0]LogCook: Display: Max memory allowance for cook 16384mb min free memory 0mb
[2019.02.18-13.13.21:030][  0]LogCook: Display: Mobile HDR setting 1
[2019.02.18-13.13.21:030][  0]LogGameplayTags: Display: UGameplayTagsManager::DoneAddingNativeTags. DelegateIsBound: 0
[2019.02.18-13.13.21:030][  0]LogStats: UGameplayTagsManager::ConstructGameplayTagTree: ImportINI prefixes -  0.000 s
[2019.02.18-13.13.21:030][  0]LogStats: UGameplayTagsManager::ConstructGameplayTagTree: Construct from data asset -  0.000 s
[2019.02.18-13.13.21:030][  0]LogStats: UGameplayTagsManager::ConstructGameplayTagTree: ImportINI -  0.000 s
[2019.02.18-13.13.21:030][  0]LogStats: UGameplayTagsManager::ConstructGameplayTagTree: GameplayTagTreeChangedEvent.Broadcast -  0.000 s
[2019.02.18-13.13.22:624][  0]SourceControl: Source control is disabled
[2019.02.18-13.13.22:624][  0]Cmd: MAP LOAD FILE="C:/Users/Davisync/Desktop/graphicsdesignproject/graphicsdesignproject/NethkenHall/Content/ThirdPersonBP/Maps/ThirdPersonExampleMap.umap" TEMPLATE=0 SHOWPROGRESS=1 FEATURELEVEL=3
[2019.02.18-13.13.22:624][  0]LightingResults: New page: Lighting Build
[2019.02.18-13.13.22:626][  0]MapCheck: New page: Map Check
[2019.02.18-13.13.22:626][  0]LightingResults: New page: Lighting Build
[2019.02.18-13.13.22:900][  0]LogLinker: Warning: Can't find file '/Game/Geometry/Meshes/concrete'
[2019.02.18-13.13.22:900][  0]LogLinker: Warning: Can't find file for asset '/Game/Geometry/Meshes/concrete' while loading C:/Users/Davisync/Desktop/graphicsdesignproject/graphicsdesignproject/NethkenHall/Content/Geometry/Meshes/outsideConcrete.uasset.
[2019.02.18-13.13.22:900][  0]LoadErrors: Error: /Game/Geometry/Meshes/outsideConcrete : Can't find file for asset. /Game/Geometry/Meshes/concrete
[2019.02.18-13.13.22:900][  0]LogLinker: Warning: Can't find file '/Game/Geometry/Meshes/concrete'
[2019.02.18-13.13.22:900][  0]LogLinker: Warning: Can't find file for asset '/Game/Geometry/Meshes/concrete' while loading C:/Users/Davisync/Desktop/graphicsdesignproject/graphicsdesignproject/NethkenHall/Content/Geometry/Meshes/outsideConcrete.uasset.
[2019.02.18-13.13.22:900][  0]LoadErrors: Error: /Game/Geometry/Meshes/outsideConcrete : Can't find file for asset. /Game/Geometry/Meshes/concrete
[2019.02.18-13.13.22:932][  0]LogLinker: Warning: Can't find file '/Game/Geometry/Meshes/tilesNormal_Mat'
[2019.02.18-13.13.22:933][  0]LogLinker: Warning: Can't find file for asset '/Game/Geometry/Meshes/tilesNormal_Mat' while loading C:/Users/Davisync/Desktop/graphicsdesignproject/graphicsdesignproject/NethkenHall/Content/ThirdPersonBP/Maps/ThirdPersonExampleMap.umap.
[2019.02.18-13.13.22:933][  0]LoadErrors: Error: /Game/ThirdPersonBP/Maps/ThirdPersonExampleMap : Can't find file for asset. /Game/Geometry/Meshes/tilesNormal_Mat
[2019.02.18-13.13.23:129][  0]LogPackageName: Error: DoesPackageExist: DoesPackageExist FAILED: '/Game/Geometry/Meshes/Radiator_Radiator 01_PhysicsAsset' is not a standard unreal filename or a long path name. Reason: Name may not contain the following characters: ' '
[2019.02.18-13.13.23:130][  0]LogLinker: Warning: Can't find file '/Game/Geometry/Meshes/Radiator_Radiator 01_PhysicsAsset'
[2019.02.18-13.13.23:130][  0]LogPackageName: Error: DoesPackageExist: DoesPackageExist FAILED: '/Game/Geometry/Meshes/Radiator_Radiator 01_PhysicsAsset' is not a standard unreal filename or a long path name. Reason: Name may not contain the following characters: ' '
[2019.02.18-13.13.23:130][  0]LogPackageName: Error: DoesPackageExist: DoesPackageExist FAILED: '/Game/Geometry/Meshes/Radiator_Radiator 01_PhysicsAsset' is not a standard unreal filename or a long path name. Reason: Name may not contain the following characters: ' '
[2019.02.18-13.13.23:130][  0]LogPackageName: Error: DoesPackageExist: DoesPackageExist FAILED: '/Game/Geometry/Meshes/Radiator_Radiator 01_PhysicsAsset' is not a standard unreal filename or a long path name. Reason: Name may not contain the following characters: ' '
[2019.02.18-13.13.23:130][  0]LogLinker: Warning: Can't find file for asset '/Game/Geometry/Meshes/Radiator_Radiator 01_PhysicsAsset' while loading C:/Users/Davisync/Desktop/graphicsdesignproject/graphicsdesignproject/NethkenHall/Content/Geometry/Meshes/Radiator.uasset.
[2019.02.18-13.13.23:130][  0]LoadErrors: Error: /Game/Geometry/Meshes/Radiator : Can't find file for asset. /Game/Geometry/Meshes/Radiator_Radiator 01_PhysicsAsset
[2019.02.18-13.13.23:130][  0]LogPackageName: Error: DoesPackageExist: DoesPackageExist FAILED: '/Game/Geometry/Meshes/Radiator_Radiator 01_Skeleton' is not a standard unreal filename or a long path name. Reason: Name may not contain the following characters: ' '
[2019.02.18-13.13.23:130][  0]LogLinker: Warning: Can't find file '/Game/Geometry/Meshes/Radiator_Radiator 01_Skeleton'
[2019.02.18-13.13.23:130][  0]LogPackageName: Error: DoesPackageExist: DoesPackageExist FAILED: '/Game/Geometry/Meshes/Radiator_Radiator 01_Skeleton' is not a standard unreal filename or a long path name. Reason: Name may not contain the following characters: ' '
[2019.02.18-13.13.23:130][  0]LogPackageName: Error: DoesPackageExist: DoesPackageExist FAILED: '/Game/Geometry/Meshes/Radiator_Radiator 01_Skeleton' is not a standard unreal filename or a long path name. Reason: Name may not contain the following characters: ' '
[2019.02.18-13.13.23:130][  0]LogPackageName: Error: DoesPackageExist: DoesPackageExist FAILED: '/Game/Geometry/Meshes/Radiator_Radiator 01_Skeleton' is not a standard unreal filename or a long path name. Reason: Name may not contain the following characters: ' '
[2019.02.18-13.13.23:130][  0]LogLinker: Warning: Can't find file for asset '/Game/Geometry/Meshes/Radiator_Radiator 01_Skeleton' while loading C:/Users/Davisync/Desktop/graphicsdesignproject/graphicsdesignproject/NethkenHall/Content/Geometry/Meshes/Radiator.uasset.
[2019.02.18-13.13.23:130][  0]LoadErrors: Error: /Game/Geometry/Meshes/Radiator : Can't find file for asset. /Game/Geometry/Meshes/Radiator_Radiator 01_Skeleton
[2019.02.18-13.13.23:130][  0]LogPackageName: Error: DoesPackageExist: DoesPackageExist FAILED: '/Game/Geometry/Meshes/Radiator_Radiator 02_PhysicsAsset' is not a standard unreal filename or a long path name. Reason: Name may not contain the following characters: ' '
[2019.02.18-13.13.23:130][  0]LogLinker: Warning: Can't find file '/Game/Geometry/Meshes/Radiator_Radiator 02_PhysicsAsset'
[2019.02.18-13.13.23:130][  0]LogPackageName: Error: DoesPackageExist: DoesPackageExist FAILED: '/Game/Geometry/Meshes/Radiator_Radiator 02_PhysicsAsset' is not a standard unreal filename or a long path name. Reason: Name may not contain the following characters: ' '
[2019.02.18-13.13.23:130][  0]LogPackageName: Error: DoesPackageExist: DoesPackageExist FAILED: '/Game/Geometry/Meshes/Radiator_Radiator 02_PhysicsAsset' is not a standard unreal filename or a long path name. Reason: Name may not contain the following characters: ' '
[2019.02.18-13.13.23:130][  0]LogPackageName: Error: DoesPackageExist: DoesPackageExist FAILED: '/Game/Geometry/Meshes/Radiator_Radiator 02_PhysicsAsset' is not a standard unreal filename or a long path name. Reason: Name may not contain the following characters: ' '
[2019.02.18-13.13.23:130][  0]LogLinker: Warning: Can't find file for asset '/Game/Geometry/Meshes/Radiator_Radiator 02_PhysicsAsset' while loading C:/Users/Davisync/Desktop/graphicsdesignproject/graphicsdesignproject/NethkenHall/Content/Geometry/Meshes/Radiator.uasset.
[2019.02.18-13.13.23:130][  0]LoadErrors: Error: /Game/Geometry/Meshes/Radiator : Can't find file for asset. /Game/Geometry/Meshes/Radiator_Radiator 02_PhysicsAsset
[2019.02.18-13.13.23:130][  0]LogPackageName: Error: DoesPackageExist: DoesPackageExist FAILED: '/Game/Geometry/Meshes/Radiator_Radiator 02_Skeleton' is not a standard unreal filename or a long path name. Reason: Name may not contain the following characters: ' '
[2019.02.18-13.13.23:130][  0]LogLinker: Warning: Can't find file '/Game/Geometry/Meshes/Radiator_Radiator 02_Skeleton'
[2019.02.18-13.13.23:130][  0]LogPackageName: Error: DoesPackageExist: DoesPackageExist FAILED: '/Game/Geometry/Meshes/Radiator_Radiator 02_Skeleton' is not a standard unreal filename or a long path name. Reason: Name may not contain the following characters: ' '
[2019.02.18-13.13.23:130][  0]LogPackageName: Error: DoesPackageExist: DoesPackageExist FAILED: '/Game/Geometry/Meshes/Radiator_Radiator 02_Skeleton' is not a standard unreal filename or a long path name. Reason: Name may not contain the following characters: ' '
[2019.02.18-13.13.23:130][  0]LogPackageName: Error: DoesPackageExist: DoesPackageExist FAILED: '/Game/Geometry/Meshes/Radiator_Radiator 02_Skeleton' is not a standard unreal filename or a long path name. Reason: Name may not contain the following characters: ' '
[2019.02.18-13.13.23:130][  0]LogLinker: Warning: Can't find file for asset '/Game/Geometry/Meshes/Radiator_Radiator 02_Skeleton' while loading C:/Users/Davisync/Desktop/graphicsdesignproject/graphicsdesignproject/NethkenHall/Content/Geometry/Meshes/Radiator.uasset.
[2019.02.18-13.13.23:130][  0]LoadErrors: Error: /Game/Geometry/Meshes/Radiator : Can't find file for asset. /Game/Geometry/Meshes/Radiator_Radiator 02_Skeleton
[2019.02.18-13.13.23:130][  0]LogPackageName: Error: DoesPackageExist: DoesPackageExist FAILED: '/Game/Geometry/Meshes/Radiator_Radiator 03_PhysicsAsset' is not a standard unreal filename or a long path name. Reason: Name may not contain the following characters: ' '
[2019.02.18-13.13.23:131][  0]LogLinker: Warning: Can't find file '/Game/Geometry/Meshes/Radiator_Radiator 03_PhysicsAsset'
[2019.02.18-13.13.23:131][  0]LogPackageName: Error: DoesPackageExist: DoesPackageExist FAILED: '/Game/Geometry/Meshes/Radiator_Radiator 03_PhysicsAsset' is not a standard unreal filename or a long path name. Reason: Name may not contain the following characters: ' '
[2019.02.18-13.13.23:131][  0]LogPackageName: Error: DoesPackageExist: DoesPackageExist FAILED: '/Game/Geometry/Meshes/Radiator_Radiator 03_PhysicsAsset' is not a standard unreal filename or a long path name. Reason: Name may not contain the following characters: ' '
[2019.02.18-13.13.23:131][  0]LogPackageName: Error: DoesPackageExist: DoesPackageExist FAILED: '/Game/Geometry/Meshes/Radiator_Radiator 03_PhysicsAsset' is not a standard unreal filename or a long path name. Reason: Name may not contain the following characters: ' '
[2019.02.18-13.13.23:131][  0]LogLinker: Warning: Can't find file for asset '/Game/Geometry/Meshes/Radiator_Radiator 03_PhysicsAsset' while loading C:/Users/Davisync/Desktop/graphicsdesignproject/graphicsdesignproject/NethkenHall/Content/Geometry/Meshes/Radiator.uasset.
[2019.02.18-13.13.23:131][  0]LoadErrors: Error: /Game/Geometry/Meshes/Radiator : Can't find file for asset. /Game/Geometry/Meshes/Radiator_Radiator 03_PhysicsAsset
[2019.02.18-13.13.23:131][  0]LogPackageName: Error: DoesPackageExist: DoesPackageExist FAILED: '/Game/Geometry/Meshes/Radiator_Radiator 03_Skeleton' is not a standard unreal filename or a long path name. Reason: Name may not contain the following characters: ' '
[2019.02.18-13.13.23:131][  0]LogLinker: Warning: Can't find file '/Game/Geometry/Meshes/Radiator_Radiator 03_Skeleton'
[2019.02.18-13.13.23:131][  0]LogPackageName: Error: DoesPackageExist: DoesPackageExist FAILED: '/Game/Geometry/Meshes/Radiator_Radiator 03_Skeleton' is not a standard unreal filename or a long path name. Reason: Name may not contain the following characters: ' '
[2019.02.18-13.13.23:131][  0]LogPackageName: Error: DoesPackageExist: DoesPackageExist FAILED: '/Game/Geometry/Meshes/Radiator_Radiator 03_Skeleton' is not a standard unreal filename or a long path name. Reason: Name may not contain the following characters: ' '
[2019.02.18-13.13.23:131][  0]LogPackageName: Error: DoesPackageExist: DoesPackageExist FAILED: '/Game/Geometry/Meshes/Radiator_Radiator 03_Skeleton' is not a standard unreal filename or a long path name. Reason: Name may not contain the following characters: ' '
[2019.02.18-13.13.23:131][  0]LogLinker: Warning: Can't find file for asset '/Game/Geometry/Meshes/Radiator_Radiator 03_Skeleton' while loading C:/Users/Davisync/Desktop/graphicsdesignproject/graphicsdesignproject/NethkenHall/Content/Geometry/Meshes/Radiator.uasset.
[2019.02.18-13.13.23:131][  0]LoadErrors: Error: /Game/Geometry/Meshes/Radiator : Can't find file for asset. /Game/Geometry/Meshes/Radiator_Radiator 03_Skeleton
[2019.02.18-13.13.23:131][  0]LogPackageName: Error: DoesPackageExist: DoesPackageExist FAILED: '/Game/Geometry/Meshes/Radiator_Radiator 01_PhysicsAsset' is not a standard unreal filename or a long path name. Reason: Name may not contain the following characters: ' '
[2019.02.18-13.13.23:131][  0]LogLinker: Warning: Can't find file '/Game/Geometry/Meshes/Radiator_Radiator 01_PhysicsAsset'
[2019.02.18-13.13.23:131][  0]LogPackageName: Error: DoesPackageExist: DoesPackageExist FAILED: '/Game/Geometry/Meshes/Radiator_Radiator 01_PhysicsAsset' is not a standard unreal filename or a long path name. Reason: Name may not contain the following characters: ' '
[2019.02.18-13.13.23:131][  0]LogLinker: Warning: Can't find file for asset '/Game/Geometry/Meshes/Radiator_Radiator 01_PhysicsAsset' while loading C:/Users/Davisync/Desktop/graphicsdesignproject/graphicsdesignproject/NethkenHall/Content/Geometry/Meshes/Radiator.uasset.
[2019.02.18-13.13.23:131][  0]LoadErrors: Error: /Game/Geometry/Meshes/Radiator : Can't find file for asset. /Game/Geometry/Meshes/Radiator_Radiator 01_PhysicsAsset
[2019.02.18-13.13.23:131][  0]LogPackageName: Error: DoesPackageExist: DoesPackageExist FAILED: '/Game/Geometry/Meshes/Radiator_Radiator 02_PhysicsAsset' is not a standard unreal filename or a long path name. Reason: Name may not contain the following characters: ' '
[2019.02.18-13.13.23:131][  0]LogLinker: Warning: Can't find file '/Game/Geometry/Meshes/Radiator_Radiator 02_PhysicsAsset'
[2019.02.18-13.13.23:131][  0]LogPackageName: Error: DoesPackageExist: DoesPackageExist FAILED: '/Game/Geometry/Meshes/Radiator_Radiator 02_PhysicsAsset' is not a standard unreal filename or a long path name. Reason: Name may not contain the following characters: ' '
[2019.02.18-13.13.23:131][  0]LogLinker: Warning: Can't find file for asset '/Game/Geometry/Meshes/Radiator_Radiator 02_PhysicsAsset' while loading C:/Users/Davisync/Desktop/graphicsdesignproject/graphicsdesignproject/NethkenHall/Content/Geometry/Meshes/Radiator.uasset.
[2019.02.18-13.13.23:131][  0]LoadErrors: Error: /Game/Geometry/Meshes/Radiator : Can't find file for asset. /Game/Geometry/Meshes/Radiator_Radiator 02_PhysicsAsset
[2019.02.18-13.13.23:131][  0]LogPackageName: Error: DoesPackageExist: DoesPackageExist FAILED: '/Game/Geometry/Meshes/Radiator_Radiator 03_PhysicsAsset' is not a standard unreal filename or a long path name. Reason: Name may not contain the following characters: ' '
[2019.02.18-13.13.23:131][  0]LogLinker: Warning: Can't find file '/Game/Geometry/Meshes/Radiator_Radiator 03_PhysicsAsset'
[2019.02.18-13.13.23:131][  0]LogPackageName: Error: DoesPackageExist: DoesPackageExist FAILED: '/Game/Geometry/Meshes/Radiator_Radiator 03_PhysicsAsset' is not a standard unreal filename or a long path name. Reason: Name may not contain the following characters: ' '
[2019.02.18-13.13.23:131][  0]LogLinker: Warning: Can't find file for asset '/Game/Geometry/Meshes/Radiator_Radiator 03_PhysicsAsset' while loading C:/Users/Davisync/Desktop/graphicsdesignproject/graphicsdesignproject/NethkenHall/Content/Geometry/Meshes/Radiator.uasset.
[2019.02.18-13.13.23:131][  0]LoadErrors: Error: /Game/Geometry/Meshes/Radiator : Can't find file for asset. /Game/Geometry/Meshes/Radiator_Radiator 03_PhysicsAsset
[2019.02.18-13.13.23:131][  0]LogPackageName: Error: DoesPackageExist: DoesPackageExist FAILED: '/Game/Geometry/Meshes/Radiator_Radiator 01_Skeleton' is not a standard unreal filename or a long path name. Reason: Name may not contain the following characters: ' '
[2019.02.18-13.13.23:132][  0]LogLinker: Warning: Can't find file '/Game/Geometry/Meshes/Radiator_Radiator 01_Skeleton'
[2019.02.18-13.13.23:132][  0]LogPackageName: Error: DoesPackageExist: DoesPackageExist FAILED: '/Game/Geometry/Meshes/Radiator_Radiator 01_Skeleton' is not a standard unreal filename or a long path name. Reason: Name may not contain the following characters: ' '
[2019.02.18-13.13.23:132][  0]LogLinker: Warning: Can't find file for asset '/Game/Geometry/Meshes/Radiator_Radiator 01_Skeleton' while loading C:/Users/Davisync/Desktop/graphicsdesignproject/graphicsdesignproject/NethkenHall/Content/Geometry/Meshes/Radiator.uasset.
[2019.02.18-13.13.23:132][  0]LoadErrors: Error: /Game/Geometry/Meshes/Radiator : Can't find file for asset. /Game/Geometry/Meshes/Radiator_Radiator 01_Skeleton
[2019.02.18-13.13.23:132][  0]LogPackageName: Error: DoesPackageExist: DoesPackageExist FAILED: '/Game/Geometry/Meshes/Radiator_Radiator 02_Skeleton' is not a standard unreal filename or a long path name. Reason: Name may not contain the following characters: ' '
[2019.02.18-13.13.23:132][  0]LogLinker: Warning: Can't find file '/Game/Geometry/Meshes/Radiator_Radiator 02_Skeleton'
[2019.02.18-13.13.23:132][  0]LogPackageName: Error: DoesPackageExist: DoesPackageExist FAILED: '/Game/Geometry/Meshes/Radiator_Radiator 02_Skeleton' is not a standard unreal filename or a long path name. Reason: Name may not contain the following characters: ' '
[2019.02.18-13.13.23:132][  0]LogLinker: Warning: Can't find file for asset '/Game/Geometry/Meshes/Radiator_Radiator 02_Skeleton' while loading C:/Users/Davisync/Desktop/graphicsdesignproject/graphicsdesignproject/NethkenHall/Content/Geometry/Meshes/Radiator.uasset.
[2019.02.18-13.13.23:132][  0]LoadErrors: Error: /Game/Geometry/Meshes/Radiator : Can't find file for asset. /Game/Geometry/Meshes/Radiator_Radiator 02_Skeleton
[2019.02.18-13.13.23:132][  0]LogPackageName: Error: DoesPackageExist: DoesPackageExist FAILED: '/Game/Geometry/Meshes/Radiator_Radiator 03_Skeleton' is not a standard unreal filename or a long path name. Reason: Name may not contain the following characters: ' '
[2019.02.18-13.13.23:132][  0]LogLinker: Warning: Can't find file '/Game/Geometry/Meshes/Radiator_Radiator 03_Skeleton'
[2019.02.18-13.13.23:132][  0]LogPackageName: Error: DoesPackageExist: DoesPackageExist FAILED: '/Game/Geometry/Meshes/Radiator_Radiator 03_Skeleton' is not a standard unreal filename or a long path name. Reason: Name may not contain the following characters: ' '
[2019.02.18-13.13.23:132][  0]LogLinker: Warning: Can't find file for asset '/Game/Geometry/Meshes/Radiator_Radiator 03_Skeleton' while loading C:/Users/Davisync/Desktop/graphicsdesignproject/graphicsdesignproject/NethkenHall/Content/Geometry/Meshes/Radiator.uasset.
[2019.02.18-13.13.23:132][  0]LoadErrors: Error: /Game/Geometry/Meshes/Radiator : Can't find file for asset. /Game/Geometry/Meshes/Radiator_Radiator 03_Skeleton
[2019.02.18-13.13.23:155][  0]LogLinker: Warning: Can't find file '/Game/Geometry/Meshes/tilesNormal_Mat'
[2019.02.18-13.13.23:155][  0]LogLinker: Warning: Can't find file for asset '/Game/Geometry/Meshes/tilesNormal_Mat' while loading C:/Users/Davisync/Desktop/graphicsdesignproject/graphicsdesignproject/NethkenHall/Content/ThirdPersonBP/Maps/ThirdPersonExampleMap.umap.
[2019.02.18-13.13.23:155][  0]LoadErrors: Error: /Game/ThirdPersonBP/Maps/ThirdPersonExampleMap : Can't find file for asset. /Game/Geometry/Meshes/tilesNormal_Mat
[2019.02.18-13.13.23:237][  0]LogLinker: Warning: Can't find file '/Game/Geometry/Meshes/tilesNormal_Mat'
[2019.02.18-13.13.23:237][  0]LogLinker: Warning: Can't find file for asset '/Game/Geometry/Meshes/tilesNormal_Mat' while loading NULL.
[2019.02.18-13.13.23:237][  0]LogLinker: Warning: Can't find file '/Game/Geometry/Meshes/tilesNormal_Mat'
[2019.02.18-13.13.23:237][  0]LogLinker: Warning: Can't find file for asset '/Game/Geometry/Meshes/tilesNormal_Mat' while loading NULL.
[2019.02.18-13.13.23:310][  0]LogLinker: Warning: Can't find file '/Game/Geometry/Meshes/tilesNormal_Mat'
[2019.02.18-13.13.23:310][  0]LoadErrors: Failed to load /Game/Geometry/Meshes/tilesNormal_Mat.tilesNormal_Mat Referenced by Model_0
[2019.02.18-13.13.23:310][  0]LogLinker: Warning: Can't find file for asset '/Game/Geometry/Meshes/tilesNormal_Mat' while loading NULL.
[2019.02.18-13.13.23:310][  0]LoadErrors: Failed to load /Game/Geometry/Meshes/tilesNormal_Mat.tilesNormal_Mat Referenced by Model_0
[2019.02.18-13.13.23:310][  0]LogLinker: Warning: Can't find file '/Game/Geometry/Meshes/tilesNormal_Mat'
[2019.02.18-13.13.23:310][  0]LoadErrors: Failed to load /Game/Geometry/Meshes/tilesNormal_Mat.tilesNormal_Mat Referenced by Model_0
[2019.02.18-13.13.23:311][  0]LogLinker: Warning: Can't find file for asset '/Game/Geometry/Meshes/tilesNormal_Mat' while loading NULL.
[2019.02.18-13.13.23:311][  0]LoadErrors: Failed to load /Game/Geometry/Meshes/tilesNormal_Mat.tilesNormal_Mat Referenced by Model_0
[2019.02.18-13.13.23:311][  0]LogLinker: Warning: Can't find file '/Game/Geometry/Meshes/tilesNormal_Mat'
[2019.02.18-13.13.23:311][  0]LoadErrors: Failed to load /Game/Geometry/Meshes/tilesNormal_Mat.tilesNormal_Mat Referenced by Model_0
[2019.02.18-13.13.23:312][  0]LogLinker: Warning: Can't find file for asset '/Game/Geometry/Meshes/tilesNormal_Mat' while loading NULL.
[2019.02.18-13.13.23:312][  0]LoadErrors: Failed to load /Game/Geometry/Meshes/tilesNormal_Mat.tilesNormal_Mat Referenced by Model_0
[2019.02.18-13.13.23:312][  0]LogLinker: Warning: Can't find file '/Game/Geometry/Meshes/tilesNormal_Mat'
[2019.02.18-13.13.23:312][  0]LoadErrors: Failed to load /Game/Geometry/Meshes/tilesNormal_Mat.tilesNormal_Mat Referenced by Model_0
[2019.02.18-13.13.23:312][  0]LogLinker: Warning: Can't find file for asset '/Game/Geometry/Meshes/tilesNormal_Mat' while loading NULL.
[2019.02.18-13.13.23:312][  0]LoadErrors: Failed to load /Game/Geometry/Meshes/tilesNormal_Mat.tilesNormal_Mat Referenced by Model_0
[2019.02.18-13.13.23:312][  0]LogLinker: Warning: Can't find file '/Game/Geometry/Meshes/tilesNormal_Mat'
[2019.02.18-13.13.23:312][  0]LoadErrors: Failed to load /Game/Geometry/Meshes/tilesNormal_Mat.tilesNormal_Mat Referenced by Model_0
[2019.02.18-13.13.23:312][  0]LogLinker: Warning: Can't find file for asset '/Game/Geometry/Meshes/tilesNormal_Mat' while loading NULL.
[2019.02.18-13.13.23:312][  0]LoadErrors: Failed to load /Game/Geometry/Meshes/tilesNormal_Mat.tilesNormal_Mat Referenced by Model_0
[2019.02.18-13.13.23:312][  0]LogLinker: Warning: Can't find file '/Game/Geometry/Meshes/tilesNormal_Mat'
[2019.02.18-13.13.23:312][  0]LoadErrors: Failed to load /Game/Geometry/Meshes/tilesNormal_Mat.tilesNormal_Mat Referenced by Model_0
[2019.02.18-13.13.23:313][  0]LogLinker: Warning: Can't find file for asset '/Game/Geometry/Meshes/tilesNormal_Mat' while loading NULL.
[2019.02.18-13.13.23:313][  0]LoadErrors: Failed to load /Game/Geometry/Meshes/tilesNormal_Mat.tilesNormal_Mat Referenced by Model_0
[2019.02.18-13.13.23:313][  0]LogLinker: Warning: Can't find file '/Game/Geometry/Meshes/tilesNormal_Mat'
[2019.02.18-13.13.23:313][  0]LoadErrors: Failed to load /Game/Geometry/Meshes/tilesNormal_Mat.tilesNormal_Mat Referenced by Model_0
[2019.02.18-13.13.23:313][  0]LogLinker: Warning: Can't find file for asset '/Game/Geometry/Meshes/tilesNormal_Mat' while loading NULL.
[2019.02.18-13.13.23:313][  0]LoadErrors: Failed to load /Game/Geometry/Meshes/tilesNormal_Mat.tilesNormal_Mat Referenced by Model_0
[2019.02.18-13.13.23:313][  0]LogLinker: Warning: Can't find file '/Game/Geometry/Meshes/tilesNormal_Mat'
[2019.02.18-13.13.23:313][  0]LoadErrors: Failed to load /Game/Geometry/Meshes/tilesNormal_Mat.tilesNormal_Mat Referenced by Model_0
[2019.02.18-13.13.23:313][  0]LogLinker: Warning: Can't find file for asset '/Game/Geometry/Meshes/tilesNormal_Mat' while loading NULL.
[2019.02.18-13.13.23:313][  0]LoadErrors: Failed to load /Game/Geometry/Meshes/tilesNormal_Mat.tilesNormal_Mat Referenced by Model_0
[2019.02.18-13.13.23:314][  0]LogLinker: Warning: Can't find file '/Game/Geometry/Meshes/tilesNormal_Mat'
[2019.02.18-13.13.23:314][  0]LoadErrors: Failed to load /Game/Geometry/Meshes/tilesNormal_Mat.tilesNormal_Mat Referenced by Model_0
[2019.02.18-13.13.23:314][  0]LogLinker: Warning: Can't find file for asset '/Game/Geometry/Meshes/tilesNormal_Mat' while loading NULL.
[2019.02.18-13.13.23:314][  0]LoadErrors: Failed to load /Game/Geometry/Meshes/tilesNormal_Mat.tilesNormal_Mat Referenced by Model_0
[2019.02.18-13.13.23:314][  0]LogLinker: Warning: Can't find file '/Game/Geometry/Meshes/tilesNormal_Mat'
[2019.02.18-13.13.23:314][  0]LoadErrors: Failed to load /Game/Geometry/Meshes/tilesNormal_Mat.tilesNormal_Mat Referenced by Model_0
[2019.02.18-13.13.23:314][  0]LogLinker: Warning: Can't find file for asset '/Game/Geometry/Meshes/tilesNormal_Mat' while loading NULL.
[2019.02.18-13.13.23:314][  0]LoadErrors: Failed to load /Game/Geometry/Meshes/tilesNormal_Mat.tilesNormal_Mat Referenced by Model_0
[2019.02.18-13.13.23:315][  0]LogLinker: Warning: Can't find file '/Game/Geometry/Meshes/tilesNormal_Mat'
[2019.02.18-13.13.23:315][  0]LoadErrors: Failed to load /Game/Geometry/Meshes/tilesNormal_Mat.tilesNormal_Mat Referenced by ModelComponent_6
[2019.02.18-13.13.23:315][  0]LogLinker: Warning: Can't find file for asset '/Game/Geometry/Meshes/tilesNormal_Mat' while loading NULL.
[2019.02.18-13.13.23:315][  0]LoadErrors: Failed to load /Game/Geometry/Meshes/tilesNormal_Mat.tilesNormal_Mat Referenced by ModelComponent_6
[2019.02.18-13.13.23:315][  0]LogLinker: Warning: Can't find file '/Game/Geometry/Meshes/tilesNormal_Mat'
[2019.02.18-13.13.23:315][  0]LoadErrors: Failed to load /Game/Geometry/Meshes/tilesNormal_Mat.tilesNormal_Mat Referenced by ModelComponent_6
[2019.02.18-13.13.23:315][  0]LogLinker: Warning: Can't find file for asset '/Game/Geometry/Meshes/tilesNormal_Mat' while loading NULL.
[2019.02.18-13.13.23:315][  0]LoadErrors: Failed to load /Game/Geometry/Meshes/tilesNormal_Mat.tilesNormal_Mat Referenced by ModelComponent_6
[2019.02.18-13.13.23:315][  0]LogLinker: Warning: Can't find file '/Game/Geometry/Meshes/tilesNormal_Mat'
[2019.02.18-13.13.23:315][  0]LoadErrors: Failed to load /Game/Geometry/Meshes/tilesNormal_Mat.tilesNormal_Mat Referenced by ModelComponent_7
[2019.02.18-13.13.23:316][  0]LogLinker: Warning: Can't find file for asset '/Game/Geometry/Meshes/tilesNormal_Mat' while loading NULL.
[2019.02.18-13.13.23:316][  0]LoadErrors: Failed to load /Game/Geometry/Meshes/tilesNormal_Mat.tilesNormal_Mat Referenced by ModelComponent_7
[2019.02.18-13.13.23:316][  0]LogLinker: Warning: Can't find file '/Game/Geometry/Meshes/tilesNormal_Mat'
[2019.02.18-13.13.23:316][  0]LoadErrors: Failed to load /Game/Geometry/Meshes/tilesNormal_Mat.tilesNormal_Mat Referenced by ModelComponent_7
[2019.02.18-13.13.23:316][  0]LogLinker: Warning: Can't find file for asset '/Game/Geometry/Meshes/tilesNormal_Mat' while loading NULL.
[2019.02.18-13.13.23:316][  0]LoadErrors: Failed to load /Game/Geometry/Meshes/tilesNormal_Mat.tilesNormal_Mat Referenced by ModelComponent_7
[2019.02.18-13.13.23:316][  0]LogLinker: Warning: Can't find file '/Game/Geometry/Meshes/tilesNormal_Mat'
[2019.02.18-13.13.23:316][  0]LoadErrors: Failed to load /Game/Geometry/Meshes/tilesNormal_Mat.tilesNormal_Mat Referenced by ModelComponent_7
[2019.02.18-13.13.23:316][  0]LogLinker: Warning: Can't find file for asset '/Game/Geometry/Meshes/tilesNormal_Mat' while loading NULL.
[2019.02.18-13.13.23:317][  0]LoadErrors: Failed to load /Game/Geometry/Meshes/tilesNormal_Mat.tilesNormal_Mat Referenced by ModelComponent_7
[2019.02.18-13.13.23:317][  0]LogLinker: Warning: Can't find file '/Game/Geometry/Meshes/tilesNormal_Mat'
[2019.02.18-13.13.23:317][  0]LoadErrors: Failed to load /Game/Geometry/Meshes/tilesNormal_Mat.tilesNormal_Mat Referenced by ModelComponent_7
[2019.02.18-13.13.23:317][  0]LogLinker: Warning: Can't find file for asset '/Game/Geometry/Meshes/tilesNormal_Mat' while loading NULL.
[2019.02.18-13.13.23:317][  0]LoadErrors: Failed to load /Game/Geometry/Meshes/tilesNormal_Mat.tilesNormal_Mat Referenced by ModelComponent_7
[2019.02.18-13.13.23:317][  0]LogLinker: Warning: Can't find file '/Game/Geometry/Meshes/tilesNormal_Mat'
[2019.02.18-13.13.23:317][  0]LoadErrors: Failed to load /Game/Geometry/Meshes/tilesNormal_Mat.tilesNormal_Mat Referenced by ModelComponent_7
[2019.02.18-13.13.23:317][  0]LogLinker: Warning: Can't find file for asset '/Game/Geometry/Meshes/tilesNormal_Mat' while loading NULL.
[2019.02.18-13.13.23:317][  0]LoadErrors: Failed to load /Game/Geometry/Meshes/tilesNormal_Mat.tilesNormal_Mat Referenced by ModelComponent_7
[2019.02.18-13.13.23:317][  0]LogLinker: Warning: Can't find file '/Game/Geometry/Meshes/tilesNormal_Mat'
[2019.02.18-13.13.23:317][  0]LoadErrors: Failed to load /Game/Geometry/Meshes/tilesNormal_Mat.tilesNormal_Mat Referenced by ModelComponent_8
[2019.02.18-13.13.23:317][  0]LogLinker: Warning: Can't find file for asset '/Game/Geometry/Meshes/tilesNormal_Mat' while loading NULL.
[2019.02.18-13.13.23:317][  0]LoadErrors: Failed to load /Game/Geometry/Meshes/tilesNormal_Mat.tilesNormal_Mat Referenced by ModelComponent_8
[2019.02.18-13.13.23:317][  0]LogLinker: Warning: Can't find file '/Game/Geometry/Meshes/tilesNormal_Mat'
[2019.02.18-13.13.23:317][  0]LoadErrors: Failed to load /Game/Geometry/Meshes/tilesNormal_Mat.tilesNormal_Mat Referenced by ModelComponent_8
[2019.02.18-13.13.23:317][  0]LogLinker: Warning: Can't find file for asset '/Game/Geometry/Meshes/tilesNormal_Mat' while loading NULL.
[2019.02.18-13.13.23:317][  0]LoadErrors: Failed to load /Game/Geometry/Meshes/tilesNormal_Mat.tilesNormal_Mat Referenced by ModelComponent_8
[2019.02.18-13.13.23:317][  0]LogLinker: Warning: Can't find file '/Game/Geometry/Meshes/tilesNormal_Mat'
[2019.02.18-13.13.23:317][  0]LoadErrors: Failed to load /Game/Geometry/Meshes/tilesNormal_Mat.tilesNormal_Mat Referenced by ModelComponent_8
[2019.02.18-13.13.23:317][  0]LogLinker: Warning: Can't find file for asset '/Game/Geometry/Meshes/tilesNormal_Mat' while loading NULL.
[2019.02.18-13.13.23:317][  0]LoadErrors: Failed to load /Game/Geometry/Meshes/tilesNormal_Mat.tilesNormal_Mat Referenced by ModelComponent_8
[2019.02.18-13.13.23:319][  0]LogLinker: Warning: Can't find file '/Game/Geometry/Meshes/tilesNormal_Mat'
[2019.02.18-13.13.23:319][  0]LoadErrors: Failed to load /Game/Geometry/Meshes/tilesNormal_Mat.tilesNormal_Mat Referenced by Polys_0
[2019.02.18-13.13.23:319][  0]LogLinker: Warning: Can't find file for asset '/Game/Geometry/Meshes/tilesNormal_Mat' while loading NULL.
[2019.02.18-13.13.23:319][  0]LoadErrors: Failed to load /Game/Geometry/Meshes/tilesNormal_Mat.tilesNormal_Mat Referenced by Polys_0
[2019.02.18-13.13.23:319][  0]LogLinker: Warning: Can't find file '/Game/Geometry/Meshes/tilesNormal_Mat'
[2019.02.18-13.13.23:319][  0]LoadErrors: Failed to load /Game/Geometry/Meshes/tilesNormal_Mat.tilesNormal_Mat Referenced by Polys_0
[2019.02.18-13.13.23:319][  0]LogLinker: Warning: Can't find file for asset '/Game/Geometry/Meshes/tilesNormal_Mat' while loading NULL.
[2019.02.18-13.13.23:319][  0]LoadErrors: Failed to load /Game/Geometry/Meshes/tilesNormal_Mat.tilesNormal_Mat Referenced by Polys_0
[2019.02.18-13.13.23:319][  0]LogLinker: Warning: Can't find file '/Game/Geometry/Meshes/tilesNormal_Mat'
[2019.02.18-13.13.23:319][  0]LoadErrors: Failed to load /Game/Geometry/Meshes/tilesNormal_Mat.tilesNormal_Mat Referenced by Polys_0
[2019.02.18-13.13.23:319][  0]LogLinker: Warning: Can't find file for asset '/Game/Geometry/Meshes/tilesNormal_Mat' while loading NULL.
[2019.02.18-13.13.23:319][  0]LoadErrors: Failed to load /Game/Geometry/Meshes/tilesNormal_Mat.tilesNormal_Mat Referenced by Polys_0
[2019.02.18-13.13.23:320][  0]LogLinker: Warning: Can't find file '/Game/Geometry/Meshes/tilesNormal_Mat'
[2019.02.18-13.13.23:320][  0]LoadErrors: Failed to load /Game/Geometry/Meshes/tilesNormal_Mat.tilesNormal_Mat Referenced by Polys_0
[2019.02.18-13.13.23:320][  0]LogLinker: Warning: Can't find file for asset '/Game/Geometry/Meshes/tilesNormal_Mat' while loading NULL.
[2019.02.18-13.13.23:320][  0]LoadErrors: Failed to load /Game/Geometry/Meshes/tilesNormal_Mat.tilesNormal_Mat Referenced by Polys_0
[2019.02.18-13.13.23:320][  0]LogLinker: Warning: Can't find file '/Game/Geometry/Meshes/tilesNormal_Mat'
[2019.02.18-13.13.23:320][  0]LoadErrors: Failed to load /Game/Geometry/Meshes/tilesNormal_Mat.tilesNormal_Mat Referenced by Polys_0
[2019.02.18-13.13.23:320][  0]LogLinker: Warning: Can't find file for asset '/Game/Geometry/Meshes/tilesNormal_Mat' while loading NULL.
[2019.02.18-13.13.23:320][  0]LoadErrors: Failed to load /Game/Geometry/Meshes/tilesNormal_Mat.tilesNormal_Mat Referenced by Polys_0
[2019.02.18-13.13.23:320][  0]LogLinker: Warning: Can't find file '/Game/Geometry/Meshes/tilesNormal_Mat'
[2019.02.18-13.13.23:320][  0]LoadErrors: Failed to load /Game/Geometry/Meshes/tilesNormal_Mat.tilesNormal_Mat Referenced by Polys_0
[2019.02.18-13.13.23:320][  0]LogLinker: Warning: Can't find file for asset '/Game/Geometry/Meshes/tilesNormal_Mat' while loading NULL.
[2019.02.18-13.13.23:320][  0]LoadErrors: Failed to load /Game/Geometry/Meshes/tilesNormal_Mat.tilesNormal_Mat Referenced by Polys_0
[2019.02.18-13.13.23:321][  0]LogLinker: Warning: Can't find file '/Game/Geometry/Meshes/tilesNormal_Mat'
[2019.02.18-13.13.23:321][  0]LoadErrors: Failed to load /Game/Geometry/Meshes/tilesNormal_Mat.tilesNormal_Mat Referenced by Polys_0
[2019.02.18-13.13.23:321][  0]LogLinker: Warning: Can't find file for asset '/Game/Geometry/Meshes/tilesNormal_Mat' while loading NULL.
[2019.02.18-13.13.23:321][  0]LoadErrors: Failed to load /Game/Geometry/Meshes/tilesNormal_Mat.tilesNormal_Mat Referenced by Polys_0
[2019.02.18-13.13.23:321][  0]LogLinker: Warning: Can't find file '/Game/Geometry/Meshes/tilesNormal_Mat'
[2019.02.18-13.13.23:321][  0]LoadErrors: Failed to load /Game/Geometry/Meshes/tilesNormal_Mat.tilesNormal_Mat Referenced by Polys_0
[2019.02.18-13.13.23:321][  0]LogLinker: Warning: Can't find file for asset '/Game/Geometry/Meshes/tilesNormal_Mat' while loading NULL.
[2019.02.18-13.13.23:321][  0]LoadErrors: Failed to load /Game/Geometry/Meshes/tilesNormal_Mat.tilesNormal_Mat Referenced by Polys_0
[2019.02.18-13.13.23:321][  0]LogLinker: Warning: Can't find file '/Game/Geometry/Meshes/tilesNormal_Mat'
[2019.02.18-13.13.23:321][  0]LoadErrors: Failed to load /Game/Geometry/Meshes/tilesNormal_Mat.tilesNormal_Mat Referenced by Polys_0
[2019.02.18-13.13.23:322][  0]LogLinker: Warning: Can't find file for asset '/Game/Geometry/Meshes/tilesNormal_Mat' while loading NULL.
[2019.02.18-13.13.23:322][  0]LoadErrors: Failed to load /Game/Geometry/Meshes/tilesNormal_Mat.tilesNormal_Mat Referenced by Polys_0
[2019.02.18-13.13.23:322][  0]LogLinker: Warning: Can't find file '/Game/Geometry/Meshes/tilesNormal_Mat'
[2019.02.18-13.13.23:322][  0]LoadErrors: Failed to load /Game/Geometry/Meshes/tilesNormal_Mat.tilesNormal_Mat Referenced by Polys_0
[2019.02.18-13.13.23:322][  0]LogLinker: Warning: Can't find file for asset '/Game/Geometry/Meshes/tilesNormal_Mat' while loading NULL.
[2019.02.18-13.13.23:322][  0]LoadErrors: Failed to load /Game/Geometry/Meshes/tilesNormal_Mat.tilesNormal_Mat Referenced by Polys_0
[2019.02.18-13.13.23:341][  0]LogTexture: Display: Building textures: redThing (BGRA8, 135X135)
[2019.02.18-13.13.23:341][  0]LogLinker: Warning: Can't find file '/Game/Geometry/Meshes/concrete'
[2019.02.18-13.13.23:341][  0]LoadErrors: Failed to load /Game/Geometry/Meshes/concrete.concrete Referenced by MaterialExpressionTextureSample_0
[2019.02.18-13.13.23:341][  0]LogLinker: Warning: Can't find file for asset '/Game/Geometry/Meshes/concrete' while loading NULL.
[2019.02.18-13.13.23:341][  0]LoadErrors: Failed to load /Game/Geometry/Meshes/concrete.concrete Referenced by MaterialExpressionTextureSample_0
[2019.02.18-13.13.23:358][  0]LogPackageName: Error: DoesPackageExist: DoesPackageExist FAILED: '/Game/Geometry/Meshes/Radiator_Radiator 01_Skeleton' is not a standard unreal filename or a long path name. Reason: Name may not contain the following characters: ' '
[2019.02.18-13.13.23:358][  0]LogLinker: Warning: Can't find file '/Game/Geometry/Meshes/Radiator_Radiator 01_Skeleton'
[2019.02.18-13.13.23:358][  0]LoadErrors: Failed to load /Game/Geometry/Meshes/Radiator_Radiator 01_Skeleton.Radiator_Radiator 01_Skeleton Referenced by Radiator_Radiator 01
[2019.02.18-13.13.23:358][  0]LogPackageName: Error: DoesPackageExist: DoesPackageExist FAILED: '/Game/Geometry/Meshes/Radiator_Radiator 01_Skeleton' is not a standard unreal filename or a long path name. Reason: Name may not contain the following characters: ' '
[2019.02.18-13.13.23:358][  0]LogLinker: Warning: Can't find file for asset '/Game/Geometry/Meshes/Radiator_Radiator 01_Skeleton' while loading NULL.
[2019.02.18-13.13.23:358][  0]LoadErrors: Failed to load /Game/Geometry/Meshes/Radiator_Radiator 01_Skeleton.Radiator_Radiator 01_Skeleton Referenced by Radiator_Radiator 01
[2019.02.18-13.13.23:359][  0]LogPackageName: Error: DoesPackageExist: DoesPackageExist FAILED: '/Game/Geometry/Meshes/Radiator_Radiator 01_PhysicsAsset' is not a standard unreal filename or a long path name. Reason: Name may not contain the following characters: ' '
[2019.02.18-13.13.23:359][  0]LogLinker: Warning: Can't find file '/Game/Geometry/Meshes/Radiator_Radiator 01_PhysicsAsset'
[2019.02.18-13.13.23:359][  0]LoadErrors: Failed to load /Game/Geometry/Meshes/Radiator_Radiator 01_PhysicsAsset.Radiator_Radiator 01_PhysicsAsset Referenced by Radiator_Radiator 01
[2019.02.18-13.13.23:359][  0]LogPackageName: Error: DoesPackageExist: DoesPackageExist FAILED: '/Game/Geometry/Meshes/Radiator_Radiator 01_PhysicsAsset' is not a standard unreal filename or a long path name. Reason: Name may not contain the following characters: ' '
[2019.02.18-13.13.23:359][  0]LogLinker: Warning: Can't find file for asset '/Game/Geometry/Meshes/Radiator_Radiator 01_PhysicsAsset' while loading NULL.
[2019.02.18-13.13.23:359][  0]LoadErrors: Failed to load /Game/Geometry/Meshes/Radiator_Radiator 01_PhysicsAsset.Radiator_Radiator 01_PhysicsAsset Referenced by Radiator_Radiator 01
[2019.02.18-13.13.23:372][  0]LogPackageName: Error: DoesPackageExist: DoesPackageExist FAILED: '/Game/Geometry/Meshes/Radiator_Radiator 02_Skeleton' is not a standard unreal filename or a long path name. Reason: Name may not contain the following characters: ' '
[2019.02.18-13.13.23:372][  0]LogLinker: Warning: Can't find file '/Game/Geometry/Meshes/Radiator_Radiator 02_Skeleton'
[2019.02.18-13.13.23:372][  0]LoadErrors: Failed to load /Game/Geometry/Meshes/Radiator_Radiator 02_Skeleton.Radiator_Radiator 02_Skeleton Referenced by Radiator_Radiator 02
[2019.02.18-13.13.23:372][  0]LogPackageName: Error: DoesPackageExist: DoesPackageExist FAILED: '/Game/Geometry/Meshes/Radiator_Radiator 02_Skeleton' is not a standard unreal filename or a long path name. Reason: Name may not contain the following characters: ' '
[2019.02.18-13.13.23:372][  0]LogLinker: Warning: Can't find file for asset '/Game/Geometry/Meshes/Radiator_Radiator 02_Skeleton' while loading NULL.
[2019.02.18-13.13.23:372][  0]LoadErrors: Failed to load /Game/Geometry/Meshes/Radiator_Radiator 02_Skeleton.Radiator_Radiator 02_Skeleton Referenced by Radiator_Radiator 02
[2019.02.18-13.13.23:372][  0]LogPackageName: Error: DoesPackageExist: DoesPackageExist FAILED: '/Game/Geometry/Meshes/Radiator_Radiator 02_PhysicsAsset' is not a standard unreal filename or a long path name. Reason: Name may not contain the following characters: ' '
[2019.02.18-13.13.23:373][  0]LogLinker: Warning: Can't find file '/Game/Geometry/Meshes/Radiator_Radiator 02_PhysicsAsset'
[2019.02.18-13.13.23:373][  0]LoadErrors: Failed to load /Game/Geometry/Meshes/Radiator_Radiator 02_PhysicsAsset.Radiator_Radiator 02_PhysicsAsset Referenced by Radiator_Radiator 02
[2019.02.18-13.13.23:373][  0]LogPackageName: Error: DoesPackageExist: DoesPackageExist FAILED: '/Game/Geometry/Meshes/Radiator_Radiator 02_PhysicsAsset' is not a standard unreal filename or a long path name. Reason: Name may not contain the following characters: ' '
[2019.02.18-13.13.23:373][  0]LogLinker: Warning: Can't find file for asset '/Game/Geometry/Meshes/Radiator_Radiator 02_PhysicsAsset' while loading NULL.
[2019.02.18-13.13.23:373][  0]LoadErrors: Failed to load /Game/Geometry/Meshes/Radiator_Radiator 02_PhysicsAsset.Radiator_Radiator 02_PhysicsAsset Referenced by Radiator_Radiator 02
[2019.02.18-13.13.23:386][  0]LogPackageName: Error: DoesPackageExist: DoesPackageExist FAILED: '/Game/Geometry/Meshes/Radiator_Radiator 03_Skeleton' is not a standard unreal filename or a long path name. Reason: Name may not contain the following characters: ' '
[2019.02.18-13.13.23:386][  0]LogLinker: Warning: Can't find file '/Game/Geometry/Meshes/Radiator_Radiator 03_Skeleton'
[2019.02.18-13.13.23:386][  0]LoadErrors: Failed to load /Game/Geometry/Meshes/Radiator_Radiator 03_Skeleton.Radiator_Radiator 03_Skeleton Referenced by Radiator_Radiator 03
[2019.02.18-13.13.23:386][  0]LogPackageName: Error: DoesPackageExist: DoesPackageExist FAILED: '/Game/Geometry/Meshes/Radiator_Radiator 03_Skeleton' is not a standard unreal filename or a long path name. Reason: Name may not contain the following characters: ' '
[2019.02.18-13.13.23:386][  0]LogLinker: Warning: Can't find file for asset '/Game/Geometry/Meshes/Radiator_Radiator 03_Skeleton' while loading NULL.
[2019.02.18-13.13.23:386][  0]LoadErrors: Failed to load /Game/Geometry/Meshes/Radiator_Radiator 03_Skeleton.Radiator_Radiator 03_Skeleton Referenced by Radiator_Radiator 03
[2019.02.18-13.13.23:386][  0]LogPackageName: Error: DoesPackageExist: DoesPackageExist FAILED: '/Game/Geometry/Meshes/Radiator_Radiator 03_PhysicsAsset' is not a standard unreal filename or a long path name. Reason: Name may not contain the following characters: ' '
[2019.02.18-13.13.23:386][  0]LogLinker: Warning: Can't find file '/Game/Geometry/Meshes/Radiator_Radiator 03_PhysicsAsset'
[2019.02.18-13.13.23:386][  0]LoadErrors: Failed to load /Game/Geometry/Meshes/Radiator_Radiator 03_PhysicsAsset.Radiator_Radiator 03_PhysicsAsset Referenced by Radiator_Radiator 03
[2019.02.18-13.13.23:386][  0]LogPackageName: Error: DoesPackageExist: DoesPackageExist FAILED: '/Game/Geometry/Meshes/Radiator_Radiator 03_PhysicsAsset' is not a standard unreal filename or a long path name. Reason: Name may not contain the following characters: ' '
[2019.02.18-13.13.23:386][  0]LogLinker: Warning: Can't find file for asset '/Game/Geometry/Meshes/Radiator_Radiator 03_PhysicsAsset' while loading NULL.
[2019.02.18-13.13.23:386][  0]LoadErrors: Failed to load /Game/Geometry/Meshes/Radiator_Radiator 03_PhysicsAsset.Radiator_Radiator 03_PhysicsAsset Referenced by Radiator_Radiator 03
[2019.02.18-13.13.23:536][  0]LogTexture: Display: Building textures: blueThing (BGRA8, 135X135)
[2019.02.18-13.13.23:536][  0]LogTexture: Display: Building textures: elevatorFrameColor (AutoDXT, 500X500)
[2019.02.18-13.13.23:536][  0]LogTexture: Display: Building textures: elevatorDoorColor (AutoDXT, 500X500)
[2019.02.18-13.13.23:738][  0]LogMaterial: Display: Missing cached shader map for material redThing_MAT, compiling. 
[2019.02.18-13.13.23:825][  0]LogShaderCompilers: Display: Shaders left to compile 31
[2019.02.18-13.13.23:825][  0]LogShaderCompilers: Display: Shaders left to compile 21
[2019.02.18-13.13.23:825][  0]LogShaderCompilers: Display: Shaders left to compile 11
[2019.02.18-13.13.23:825][  0]LogMaterial: Display: Missing cached shader map for material outsideConcrete, compiling. 
[2019.02.18-13.13.23:825][  0]LogMaterial: Warning: C:\Users\Davisync\Desktop\graphicsdesignproject\graphicsdesignproject\NethkenHall\Content\Geometry\Meshes\outsideConcrete.uasset: Failed to compile Material for platform PCD3D_SM5, Default Material will be used in game.
[2019.02.18-13.13.23:825][  0]LogMaterial: 	(Node TextureSample) Texture Sample> Missing input texture
[2019.02.18-13.13.24:008][  0]LogMaterial: Display: Missing cached shader map for material presentRoom, compiling. 
[2019.02.18-13.13.24:008][  0]LogMaterial: Warning: C:\Users\Davisync\Desktop\graphicsdesignproject\graphicsdesignproject\NethkenHall\Content\Geometry\Meshes\presentRoom.uasset: Failed to compile Material for platform PCD3D_SM5, Default Material will be used in game.
[2019.02.18-13.13.24:008][  0]LogMaterial: 	(Node TextureSample) Texture Sample> Missing input texture
[2019.02.18-13.13.24:117][  0]LogMaterial: Display: Missing cached shader map for material 07_-_Default, compiling. 
[2019.02.18-13.13.24:117][  0]LogMaterial: Warning: C:\Users\Davisync\Desktop\graphicsdesignproject\graphicsdesignproject\NethkenHall\Content\Geometry\Meshes\07_-_Default.uasset: Failed to compile Material for platform PCD3D_SM5, Default Material will be used in game.
[2019.02.18-13.13.24:117][  0]LogMaterial: 	(Node TextureSample) TextureSample> Sampler type is Normal, should be Color for /Game/Geometry/Meshes/Blanco.Blanco
[2019.02.18-13.13.24:154][  0]LogMaterial: Display: Missing cached shader map for material blueThing_MAT, compiling. 
[2019.02.18-13.13.24:213][  0]LogMaterial: Display: Missing cached shader map for material elevatorFrame, compiling. 
[2019.02.18-13.13.24:393][  0]LogMaterial: Display: Missing cached shader map for material elevatorDoor, compiling. 
[2019.02.18-13.13.24:937][  0]LogAIModule: Creating AISystem for world ThirdPersonExampleMap
[2019.02.18-13.13.24:962][  0]LogEditorServer: Finished looking for orphan Actors (0.000 secs)
[2019.02.18-13.13.25:962][  0]Cmd: MAP CHECKDEP NOCLEARLOG
[2019.02.18-13.13.25:962][  0]MapCheck: Map check complete: 0 Error(s), 0 Warning(s), took 0.174ms to complete.
[2019.02.18-13.13.25:962][  0]LogFileHelpers: Loading map 'ThirdPersonExampleMap' took 3.338
[2019.02.18-13.13.26:007][  0]LogShaderCompilers: Display: Shaders left to compile 67
[2019.02.18-13.13.26:049][  0]LogSlate: Updating window title bar state: overlay mode, drag disabled, window buttons hidden, title bar hidden
[2019.02.18-13.13.26:052][  0]LogSlate: Updating window title bar state: overlay mode, drag disabled, window buttons hidden, title bar hidden
[2019.02.18-13.13.26:065][  0]LogSlate: Updating window title bar state: overlay mode, drag disabled, window buttons hidden, title bar hidden
[2019.02.18-13.13.26:073][  0]LogSlate: Updating window title bar state: overlay mode, drag disabled, window buttons hidden, title bar hidden
[2019.02.18-13.13.26:077][  0]LogCollectionManager: Loaded 0 collections in 0.001055 seconds
[2019.02.18-13.13.26:092][  0]LogFileCache: Scanning file cache for directory 'C:/Users/Davisync/Desktop/graphicsdesignproject/graphicsdesignproject/NethkenHall/Saved/Collections/' took 0.01s
[2019.02.18-13.13.26:092][  0]LogFileCache: Scanning file cache for directory 'C:/Users/Davisync/Desktop/graphicsdesignproject/graphicsdesignproject/NethkenHall/Content/Developers/Davisync/Collections/' took 0.00s
[2019.02.18-13.13.26:092][  0]LogFileCache: Scanning file cache for directory 'C:/Users/Davisync/Desktop/graphicsdesignproject/graphicsdesignproject/NethkenHall/Content/Collections/' took 0.00s
[2019.02.18-13.13.26:093][  0]LogCollectionManager: Rebuilt the GUID cache for 0 collections in 0.000000 seconds
[2019.02.18-13.13.26:101][  0]LogContentBrowser: Native class hierarchy populated in 0.0087 seconds. Added 2709 classes and 653 folders.
[2019.02.18-13.13.26:106][  0]LogContentBrowser: Native class hierarchy updated for 'WidgetCarousel' in 0.0002 seconds. Added 0 classes and 0 folders.
[2019.02.18-13.13.26:109][  0]LogPakFile: Registered encryption key '00000000000000000000000000000000': 0 pak files mounted, 0 remain pending
[2019.02.18-13.13.26:109][  0]LogPakFile: Registered encryption key '00000000000000000000000000000000': 0 pak files mounted, 0 remain pending
[2019.02.18-13.13.26:110][  0]LogPakFile: Registered encryption key '00000000000000000000000000000000': 0 pak files mounted, 0 remain pending
[2019.02.18-13.13.26:111][  0]LogPakFile: Registered encryption key '00000000000000000000000000000000': 0 pak files mounted, 0 remain pending
[2019.02.18-13.13.26:111][  0]LogPakFile: Registered encryption key '00000000000000000000000000000000': 0 pak files mounted, 0 remain pending
[2019.02.18-13.13.26:112][  0]LogPakFile: Registered encryption key '00000000000000000000000000000000': 0 pak files mounted, 0 remain pending
[2019.02.18-13.13.26:112][  0]LogPakFile: Registered encryption key '00000000000000000000000000000000': 0 pak files mounted, 0 remain pending
[2019.02.18-13.13.26:113][  0]LogPakFile: Registered encryption key '00000000000000000000000000000000': 0 pak files mounted, 0 remain pending
[2019.02.18-13.13.26:114][  0]LogPakFile: Registered encryption key '00000000000000000000000000000000': 0 pak files mounted, 0 remain pending
[2019.02.18-13.13.26:114][  0]LogPakFile: Registered encryption key '00000000000000000000000000000000': 0 pak files mounted, 0 remain pending
[2019.02.18-13.13.26:115][  0]LogPakFile: Registered encryption key '00000000000000000000000000000000': 0 pak files mounted, 0 remain pending
[2019.02.18-13.13.26:115][  0]LogPakFile: Registered encryption key '00000000000000000000000000000000': 0 pak files mounted, 0 remain pending
[2019.02.18-13.13.26:116][  0]LogPakFile: Registered encryption key '00000000000000000000000000000000': 0 pak files mounted, 0 remain pending
[2019.02.18-13.13.26:117][  0]LogPakFile: Registered encryption key '00000000000000000000000000000000': 0 pak files mounted, 0 remain pending
[2019.02.18-13.13.26:117][  0]LogPakFile: Registered encryption key '00000000000000000000000000000000': 0 pak files mounted, 0 remain pending
[2019.02.18-13.13.26:118][  0]LogPakFile: Registered encryption key '00000000000000000000000000000000': 0 pak files mounted, 0 remain pending
[2019.02.18-13.13.26:118][  0]LogPakFile: Registered encryption key '00000000000000000000000000000000': 0 pak files mounted, 0 remain pending
[2019.02.18-13.13.26:119][  0]LogPakFile: Registered encryption key '00000000000000000000000000000000': 0 pak files mounted, 0 remain pending
[2019.02.18-13.13.26:120][  0]LogPakFile: Registered encryption key '00000000000000000000000000000000': 0 pak files mounted, 0 remain pending
[2019.02.18-13.13.26:120][  0]LogPakFile: Registered encryption key '00000000000000000000000000000000': 0 pak files mounted, 0 remain pending
[2019.02.18-13.13.26:121][  0]LogPakFile: Registered encryption key '00000000000000000000000000000000': 0 pak files mounted, 0 remain pending
[2019.02.18-13.13.26:121][  0]LogPakFile: Registered encryption key '00000000000000000000000000000000': 0 pak files mounted, 0 remain pending
[2019.02.18-13.13.26:122][  0]LogPakFile: Registered encryption key '00000000000000000000000000000000': 0 pak files mounted, 0 remain pending
[2019.02.18-13.13.26:123][  0]LogPakFile: Registered encryption key '00000000000000000000000000000000': 0 pak files mounted, 0 remain pending
[2019.02.18-13.13.26:123][  0]LogPakFile: Registered encryption key '00000000000000000000000000000000': 0 pak files mounted, 0 remain pending
[2019.02.18-13.13.26:124][  0]LogPakFile: Registered encryption key '00000000000000000000000000000000': 0 pak files mounted, 0 remain pending
[2019.02.18-13.13.26:125][  0]LogPakFile: Registered encryption key '00000000000000000000000000000000': 0 pak files mounted, 0 remain pending
[2019.02.18-13.13.26:125][  0]LogPakFile: Registered encryption key '00000000000000000000000000000000': 0 pak files mounted, 0 remain pending
[2019.02.18-13.13.26:180][  0]LogContentBrowser: Native class hierarchy updated for 'AddContentDialog' in 0.0002 seconds. Added 0 classes and 0 folders.
[2019.02.18-13.13.26:184][  0]LogContentBrowser: Native class hierarchy updated for 'SceneOutliner' in 0.0002 seconds. Added 1 classes and 2 folders.
[2019.02.18-13.13.26:199][  0]LogSlate: Took 0.000213 seconds to synchronously load lazily loaded font '../../../Engine/Content/Slate/Fonts/Roboto-Regular.ttf' (155K)
[2019.02.18-13.13.26:201][  0]LogSlate: Took 0.000186 seconds to synchronously load lazily loaded font '../../../Engine/Content/Slate/Fonts/Roboto-Bold.ttf' (160K)
[2019.02.18-13.13.26:205][  0]LogSlate: Took 0.000240 seconds to synchronously load lazily loaded font '../../../Engine/Content/Editor/Slate/Fonts/FontAwesome.ttf' (139K)
[2019.02.18-13.13.26:346][  0]LogContentBrowser: Native class hierarchy updated for 'HierarchicalLODOutliner' in 0.0003 seconds. Added 0 classes and 0 folders.
[2019.02.18-13.13.26:346][  0]LogLoad: (Engine Initialization) Total time: 15.27 seconds
[2019.02.18-13.13.26:346][  0]LogLoad: (Engine Initialization) Total Blueprint compile time: 0.00 seconds
[2019.02.18-13.13.26:356][  0]LogWindowsTextInputMethodSystem: Display: IME system now deactivated.
[2019.02.18-13.13.26:401][  0]LogContentStreaming: Texture pool size now 1000 MB
[2019.02.18-13.13.26:403][  0]LogSlate: FSceneViewport::OnFocusLost() reason 2
[2019.02.18-13.13.26:473][  0]LogRenderer: Reallocating scene render targets to support 1380x528 Format 10 NumSamples 1 (Frame:1).
[2019.02.18-13.13.26:580][  0]LogSlate: Took 0.000221 seconds to synchronously load lazily loaded font '../../../Engine/Content/Slate/Fonts/Roboto-Light.ttf' (167K)
[2019.02.18-13.13.27:309][  1]LogShaderCompilers: Display: Shaders left to compile 57
[2019.02.18-13.13.27:309][  1]LogShaderCompilers: Display: Shaders left to compile 47
[2019.02.18-13.13.27:601][  1]LogShaderCompilers: Display: Shaders left to compile 37
[2019.02.18-13.13.28:831][  1]LogShaderCompilers: Display: Shaders left to compile 27
[2019.02.18-13.13.29:849][  1]LogShaderCompilers: Display: Shaders left to compile 17
[2019.02.18-13.13.29:964][  1]LogShaderCompilers: Display: Shaders left to compile 7
[2019.02.18-13.13.29:987][  1]LogSlate: Took 0.000243 seconds to synchronously load lazily loaded font '../../../Engine/Content/Slate/Fonts/Roboto-Light.ttf' (167K)
[2019.02.18-13.13.30:839][  1]LogAssetRegistry: Asset discovery search completed in 15.4668 seconds
[2019.02.18-13.13.30:841][  1]LogCollectionManager: Rebuilt the object cache for 0 collections in 0.000000 seconds (found 0 objects)
[2019.02.18-13.13.30:841][  1]LogCollectionManager: Fixed up redirectors for 0 collections in 0.000061 seconds (updated 0 objects)
[2019.02.18-13.14.27:356][779]LogSlate: FSceneViewport::OnFocusLost() reason 2
